[INFO  - 2016-09-26T02:56:10.021Z] GhostDriver - Main - running on port 11201
[INFO  - 2016-09-26T02:56:10.957Z] Session [c7a92b90-8394-11e6-8cdc-e3db49036b87] - page.settings - {"XSSAuditingEnabled":false,"javascriptCanCloseWindows":true,"javascriptCanOpenWindows":true,"javascriptEnabled":true,"loadImages":true,"localToRemoteUrlAccessEnabled":false,"userAgent":"Mozilla/5.0 (Windows NT 6.1; WOW64) AppleWebKit/538.1 (KHTML, like Gecko) PhantomJS/2.1.1 Safari/538.1","webSecurityEnabled":true}
[INFO  - 2016-09-26T02:56:10.957Z] Session [c7a92b90-8394-11e6-8cdc-e3db49036b87] - page.customHeaders:  - {}
[INFO  - 2016-09-26T02:56:10.958Z] Session [c7a92b90-8394-11e6-8cdc-e3db49036b87] - Session.negotiatedCapabilities - {"browserName":"phantomjs","version":"2.1.1","driverName":"ghostdriver","driverVersion":"1.2.0","platform":"windows-7-32bit","javascriptEnabled":true,"takesScreenshot":true,"handlesAlerts":false,"databaseEnabled":false,"locationContextEnabled":false,"applicationCacheEnabled":false,"browserConnectionEnabled":false,"cssSelectorsEnabled":true,"webStorageEnabled":false,"rotatable":false,"acceptSslCerts":false,"nativeEvents":true,"proxy":{"proxyType":"direct"}}
[INFO  - 2016-09-26T02:56:10.958Z] SessionManagerReqHand - _postNewSessionCommand - New Session Created: c7a92b90-8394-11e6-8cdc-e3db49036b87
[INFO  - 2016-09-26T02:57:08.911Z] GhostDriver - Main - running on port 41961
[INFO  - 2016-09-26T02:57:09.125Z] Session [ea54c000-8394-11e6-bb74-ef65ba84a60a] - page.settings - {"XSSAuditingEnabled":false,"javascriptCanCloseWindows":true,"javascriptCanOpenWindows":true,"javascriptEnabled":true,"loadImages":true,"localToRemoteUrlAccessEnabled":false,"userAgent":"Mozilla/5.0 (Windows NT 6.1; WOW64) AppleWebKit/538.1 (KHTML, like Gecko) PhantomJS/2.1.1 Safari/538.1","webSecurityEnabled":true}
[INFO  - 2016-09-26T02:57:09.125Z] Session [ea54c000-8394-11e6-bb74-ef65ba84a60a] - page.customHeaders:  - {}
[INFO  - 2016-09-26T02:57:09.125Z] Session [ea54c000-8394-11e6-bb74-ef65ba84a60a] - Session.negotiatedCapabilities - {"browserName":"phantomjs","version":"2.1.1","driverName":"ghostdriver","driverVersion":"1.2.0","platform":"windows-7-32bit","javascriptEnabled":true,"takesScreenshot":true,"handlesAlerts":false,"databaseEnabled":false,"locationContextEnabled":false,"applicationCacheEnabled":false,"browserConnectionEnabled":false,"cssSelectorsEnabled":true,"webStorageEnabled":false,"rotatable":false,"acceptSslCerts":false,"nativeEvents":true,"proxy":{"proxyType":"direct"}}
[INFO  - 2016-09-26T02:57:09.126Z] SessionManagerReqHand - _postNewSessionCommand - New Session Created: ea54c000-8394-11e6-bb74-ef65ba84a60a
[INFO  - 2016-09-26T02:58:02.048Z] GhostDriver - Main - running on port 40979
[INFO  - 2016-09-26T02:58:02.754Z] Session [0a4c09e0-8395-11e6-a9a1-33d0a12d1a89] - page.settings - {"XSSAuditingEnabled":false,"javascriptCanCloseWindows":true,"javascriptCanOpenWindows":true,"javascriptEnabled":true,"loadImages":true,"localToRemoteUrlAccessEnabled":false,"userAgent":"Mozilla/5.0 (Windows NT 6.1; WOW64) AppleWebKit/538.1 (KHTML, like Gecko) PhantomJS/2.1.1 Safari/538.1","webSecurityEnabled":true}
[INFO  - 2016-09-26T02:58:02.754Z] Session [0a4c09e0-8395-11e6-a9a1-33d0a12d1a89] - page.customHeaders:  - {}
[INFO  - 2016-09-26T02:58:02.754Z] Session [0a4c09e0-8395-11e6-a9a1-33d0a12d1a89] - Session.negotiatedCapabilities - {"browserName":"phantomjs","version":"2.1.1","driverName":"ghostdriver","driverVersion":"1.2.0","platform":"windows-7-32bit","javascriptEnabled":true,"takesScreenshot":true,"handlesAlerts":false,"databaseEnabled":false,"locationContextEnabled":false,"applicationCacheEnabled":false,"browserConnectionEnabled":false,"cssSelectorsEnabled":true,"webStorageEnabled":false,"rotatable":false,"acceptSslCerts":false,"nativeEvents":true,"proxy":{"proxyType":"direct"}}
[INFO  - 2016-09-26T02:58:02.755Z] SessionManagerReqHand - _postNewSessionCommand - New Session Created: 0a4c09e0-8395-11e6-a9a1-33d0a12d1a89
[INFO  - 2016-09-26T02:58:30.886Z] GhostDriver - Main - running on port 24572
[INFO  - 2016-09-26T02:58:31.336Z] Session [1b53eeb0-8395-11e6-8c1a-1fb5d5c14308] - page.settings - {"XSSAuditingEnabled":false,"javascriptCanCloseWindows":true,"javascriptCanOpenWindows":true,"javascriptEnabled":true,"loadImages":true,"localToRemoteUrlAccessEnabled":false,"userAgent":"Mozilla/5.0 (Windows NT 6.1; WOW64) AppleWebKit/538.1 (KHTML, like Gecko) PhantomJS/2.1.1 Safari/538.1","webSecurityEnabled":true}
[INFO  - 2016-09-26T02:58:31.336Z] Session [1b53eeb0-8395-11e6-8c1a-1fb5d5c14308] - page.customHeaders:  - {}
[INFO  - 2016-09-26T02:58:31.336Z] Session [1b53eeb0-8395-11e6-8c1a-1fb5d5c14308] - Session.negotiatedCapabilities - {"browserName":"phantomjs","version":"2.1.1","driverName":"ghostdriver","driverVersion":"1.2.0","platform":"windows-7-32bit","javascriptEnabled":true,"takesScreenshot":true,"handlesAlerts":false,"databaseEnabled":false,"locationContextEnabled":false,"applicationCacheEnabled":false,"browserConnectionEnabled":false,"cssSelectorsEnabled":true,"webStorageEnabled":false,"rotatable":false,"acceptSslCerts":false,"nativeEvents":true,"proxy":{"proxyType":"direct"}}
[INFO  - 2016-09-26T02:58:31.336Z] SessionManagerReqHand - _postNewSessionCommand - New Session Created: 1b53eeb0-8395-11e6-8c1a-1fb5d5c14308
[INFO  - 2016-09-26T03:27:09.329Z] GhostDriver - Main - running on port 11083
[INFO  - 2016-09-26T03:27:10.013Z] Session [1bbe7380-8399-11e6-815a-7f8c9865c3ac] - page.settings - {"XSSAuditingEnabled":false,"javascriptCanCloseWindows":true,"javascriptCanOpenWindows":true,"javascriptEnabled":true,"loadImages":true,"localToRemoteUrlAccessEnabled":false,"userAgent":"Mozilla/5.0 (Windows NT 6.1; WOW64) AppleWebKit/538.1 (KHTML, like Gecko) PhantomJS/2.1.1 Safari/538.1","webSecurityEnabled":true}
[INFO  - 2016-09-26T03:27:10.013Z] Session [1bbe7380-8399-11e6-815a-7f8c9865c3ac] - page.customHeaders:  - {}
[INFO  - 2016-09-26T03:27:10.013Z] Session [1bbe7380-8399-11e6-815a-7f8c9865c3ac] - Session.negotiatedCapabilities - {"browserName":"phantomjs","version":"2.1.1","driverName":"ghostdriver","driverVersion":"1.2.0","platform":"windows-7-32bit","javascriptEnabled":true,"takesScreenshot":true,"handlesAlerts":false,"databaseEnabled":false,"locationContextEnabled":false,"applicationCacheEnabled":false,"browserConnectionEnabled":false,"cssSelectorsEnabled":true,"webStorageEnabled":false,"rotatable":false,"acceptSslCerts":false,"nativeEvents":true,"proxy":{"proxyType":"direct"}}
[INFO  - 2016-09-26T03:27:10.013Z] SessionManagerReqHand - _postNewSessionCommand - New Session Created: 1bbe7380-8399-11e6-815a-7f8c9865c3ac
[INFO  - 2016-09-26T03:57:37.305Z] GhostDriver - Main - running on port 16172
[INFO  - 2016-09-26T03:57:38.017Z] Session [5d51e0d0-839d-11e6-9d6b-7f84e8c741bd] - page.settings - {"XSSAuditingEnabled":false,"javascriptCanCloseWindows":true,"javascriptCanOpenWindows":true,"javascriptEnabled":true,"loadImages":true,"localToRemoteUrlAccessEnabled":false,"userAgent":"Mozilla/5.0 (Windows NT 6.1; WOW64) AppleWebKit/538.1 (KHTML, like Gecko) PhantomJS/2.1.1 Safari/538.1","webSecurityEnabled":true}
[INFO  - 2016-09-26T03:57:38.017Z] Session [5d51e0d0-839d-11e6-9d6b-7f84e8c741bd] - page.customHeaders:  - {}
[INFO  - 2016-09-26T03:57:38.018Z] Session [5d51e0d0-839d-11e6-9d6b-7f84e8c741bd] - Session.negotiatedCapabilities - {"browserName":"phantomjs","version":"2.1.1","driverName":"ghostdriver","driverVersion":"1.2.0","platform":"windows-7-32bit","javascriptEnabled":true,"takesScreenshot":true,"handlesAlerts":false,"databaseEnabled":false,"locationContextEnabled":false,"applicationCacheEnabled":false,"browserConnectionEnabled":false,"cssSelectorsEnabled":true,"webStorageEnabled":false,"rotatable":false,"acceptSslCerts":false,"nativeEvents":true,"proxy":{"proxyType":"direct"}}
[INFO  - 2016-09-26T03:57:38.018Z] SessionManagerReqHand - _postNewSessionCommand - New Session Created: 5d51e0d0-839d-11e6-9d6b-7f84e8c741bd
[INFO  - 2016-09-26T03:59:34.977Z] ShutdownReqHand - _handle - About to shutdown
[INFO  - 2016-09-26T03:59:57.598Z] GhostDriver - Main - running on port 31678
[INFO  - 2016-09-26T03:59:58.361Z] Session [b0f88540-839d-11e6-810f-4ff7d4918785] - page.settings - {"XSSAuditingEnabled":false,"javascriptCanCloseWindows":true,"javascriptCanOpenWindows":true,"javascriptEnabled":true,"loadImages":true,"localToRemoteUrlAccessEnabled":false,"userAgent":"Mozilla/5.0 (Windows NT 6.1; WOW64) AppleWebKit/538.1 (KHTML, like Gecko) PhantomJS/2.1.1 Safari/538.1","webSecurityEnabled":true}
[INFO  - 2016-09-26T03:59:58.361Z] Session [b0f88540-839d-11e6-810f-4ff7d4918785] - page.customHeaders:  - {}
[INFO  - 2016-09-26T03:59:58.362Z] Session [b0f88540-839d-11e6-810f-4ff7d4918785] - Session.negotiatedCapabilities - {"browserName":"phantomjs","version":"2.1.1","driverName":"ghostdriver","driverVersion":"1.2.0","platform":"windows-7-32bit","javascriptEnabled":true,"takesScreenshot":true,"handlesAlerts":false,"databaseEnabled":false,"locationContextEnabled":false,"applicationCacheEnabled":false,"browserConnectionEnabled":false,"cssSelectorsEnabled":true,"webStorageEnabled":false,"rotatable":false,"acceptSslCerts":false,"nativeEvents":true,"proxy":{"proxyType":"direct"}}
[INFO  - 2016-09-26T03:59:58.362Z] SessionManagerReqHand - _postNewSessionCommand - New Session Created: b0f88540-839d-11e6-810f-4ff7d4918785
[INFO  - 2016-09-26T05:57:39.843Z] GhostDriver - Main - running on port 18971
[INFO  - 2016-09-26T05:57:40.558Z] Session [225e6aa0-83ae-11e6-bad5-7357e83ec765] - page.settings - {"XSSAuditingEnabled":false,"javascriptCanCloseWindows":true,"javascriptCanOpenWindows":true,"javascriptEnabled":true,"loadImages":true,"localToRemoteUrlAccessEnabled":false,"userAgent":"Mozilla/5.0 (Windows NT 6.1; WOW64) AppleWebKit/538.1 (KHTML, like Gecko) PhantomJS/2.1.1 Safari/538.1","webSecurityEnabled":true}
[INFO  - 2016-09-26T05:57:40.559Z] Session [225e6aa0-83ae-11e6-bad5-7357e83ec765] - page.customHeaders:  - {}
[INFO  - 2016-09-26T05:57:40.559Z] Session [225e6aa0-83ae-11e6-bad5-7357e83ec765] - Session.negotiatedCapabilities - {"browserName":"phantomjs","version":"2.1.1","driverName":"ghostdriver","driverVersion":"1.2.0","platform":"windows-7-32bit","javascriptEnabled":true,"takesScreenshot":true,"handlesAlerts":false,"databaseEnabled":false,"locationContextEnabled":false,"applicationCacheEnabled":false,"browserConnectionEnabled":false,"cssSelectorsEnabled":true,"webStorageEnabled":false,"rotatable":false,"acceptSslCerts":false,"nativeEvents":true,"proxy":{"proxyType":"direct"}}
[INFO  - 2016-09-26T05:57:40.559Z] SessionManagerReqHand - _postNewSessionCommand - New Session Created: 225e6aa0-83ae-11e6-bad5-7357e83ec765
[INFO  - 2016-09-26T05:59:19.145Z] ShutdownReqHand - _handle - About to shutdown
[INFO  - 2016-09-26T06:09:42.055Z] GhostDriver - Main - running on port 14525
[INFO  - 2016-09-26T06:09:42.527Z] Session [d0b1d690-83af-11e6-8846-7dbd64e63ce3] - page.settings - {"XSSAuditingEnabled":false,"javascriptCanCloseWindows":true,"javascriptCanOpenWindows":true,"javascriptEnabled":true,"loadImages":true,"localToRemoteUrlAccessEnabled":false,"userAgent":"Mozilla/5.0 (Windows NT 6.1; WOW64) AppleWebKit/538.1 (KHTML, like Gecko) PhantomJS/2.1.1 Safari/538.1","webSecurityEnabled":true}
[INFO  - 2016-09-26T06:09:42.527Z] Session [d0b1d690-83af-11e6-8846-7dbd64e63ce3] - page.customHeaders:  - {}
[INFO  - 2016-09-26T06:09:42.527Z] Session [d0b1d690-83af-11e6-8846-7dbd64e63ce3] - Session.negotiatedCapabilities - {"browserName":"phantomjs","version":"2.1.1","driverName":"ghostdriver","driverVersion":"1.2.0","platform":"windows-7-32bit","javascriptEnabled":true,"takesScreenshot":true,"handlesAlerts":false,"databaseEnabled":false,"locationContextEnabled":false,"applicationCacheEnabled":false,"browserConnectionEnabled":false,"cssSelectorsEnabled":true,"webStorageEnabled":false,"rotatable":false,"acceptSslCerts":false,"nativeEvents":true,"proxy":{"proxyType":"direct"}}
[INFO  - 2016-09-26T06:09:42.527Z] SessionManagerReqHand - _postNewSessionCommand - New Session Created: d0b1d690-83af-11e6-8846-7dbd64e63ce3
[ERROR - 2016-09-26T06:11:07.276Z] Session [d0b1d690-83af-11e6-8846-7dbd64e63ce3] - page.onError - msg: ReferenceError: Can't find variable: adPic
[ERROR - 2016-09-26T06:11:07.276Z] Session [d0b1d690-83af-11e6-8846-7dbd64e63ce3] - page.onError - stack:
  global code (http://pos.baidu.com/bclm?rdid=1729941&dc=2&di=u1729941&dri=0&dis=0&dai=1&ps=314x700&dcb=BAIDU_SSP_define&dtm=HTML_POST&dvi=0.0&dci=-1&dpt=none&tsr=0&tpr=1474870230554&ti=%E5%B7%9E%E5%86%85%E6%96%B0%E9%97%BB%20-%20%E6%96%B0%E9%97%BB%E9%A2%91%E9%81%93%20-%20%E9%BB%94%E5%8D%97%E7%83%AD%E7%BA%BF&ari=2&dbv=0&drs=1&pcs=400x300&pss=1020x1380&cfv=0&cpl=0&chi=1&cce=true&cec=UTF-8&tlm=1474841430&rw=320&ltu=http%3A%2F%2Fwww.qnz.com.cn%2Fnews%2Fnewslist-0-12.shtml&ecd=1&psr=1920x1080&par=1920x1040&pis=-1x-1&ccd=32&cja=false&cmi=0&col=en-US&cdo=-1&tcn=1474870231&qn=5b18fa7003d347ab&tt=1474870230542.15.16.19:13)
[ERROR - 2016-09-26T06:11:07.285Z] Session [d0b1d690-83af-11e6-8846-7dbd64e63ce3] - page.onError - msg: ReferenceError: Can't find variable: GetQueryString
[ERROR - 2016-09-26T06:11:07.285Z] Session [d0b1d690-83af-11e6-8846-7dbd64e63ce3] - page.onError - stack:
  global code (http://pos.baidu.com/bclm?rdid=1729941&dc=2&di=u1729941&dri=0&dis=0&dai=1&ps=314x700&dcb=BAIDU_SSP_define&dtm=HTML_POST&dvi=0.0&dci=-1&dpt=none&tsr=0&tpr=1474870230554&ti=%E5%B7%9E%E5%86%85%E6%96%B0%E9%97%BB%20-%20%E6%96%B0%E9%97%BB%E9%A2%91%E9%81%93%20-%20%E9%BB%94%E5%8D%97%E7%83%AD%E7%BA%BF&ari=2&dbv=0&drs=1&pcs=400x300&pss=1020x1380&cfv=0&cpl=0&chi=1&cce=true&cec=UTF-8&tlm=1474841430&rw=320&ltu=http%3A%2F%2Fwww.qnz.com.cn%2Fnews%2Fnewslist-0-12.shtml&ecd=1&psr=1920x1080&par=1920x1040&pis=-1x-1&ccd=32&cja=false&cmi=0&col=en-US&cdo=-1&tcn=1474870231&qn=5b18fa7003d347ab&tt=1474870230542.15.16.19:18)
[INFO  - 2016-09-26T06:12:27.974Z] GhostDriver - Main - running on port 14417
[INFO  - 2016-09-26T06:12:29.011Z] Session [33ed6ee0-83b0-11e6-a393-496e45a81df3] - page.settings - {"XSSAuditingEnabled":false,"javascriptCanCloseWindows":true,"javascriptCanOpenWindows":true,"javascriptEnabled":true,"loadImages":true,"localToRemoteUrlAccessEnabled":false,"userAgent":"Mozilla/5.0 (Windows NT 6.1; WOW64) AppleWebKit/538.1 (KHTML, like Gecko) PhantomJS/2.1.1 Safari/538.1","webSecurityEnabled":true}
[INFO  - 2016-09-26T06:12:29.011Z] Session [33ed6ee0-83b0-11e6-a393-496e45a81df3] - page.customHeaders:  - {}
[INFO  - 2016-09-26T06:12:29.012Z] Session [33ed6ee0-83b0-11e6-a393-496e45a81df3] - Session.negotiatedCapabilities - {"browserName":"phantomjs","version":"2.1.1","driverName":"ghostdriver","driverVersion":"1.2.0","platform":"windows-7-32bit","javascriptEnabled":true,"takesScreenshot":true,"handlesAlerts":false,"databaseEnabled":false,"locationContextEnabled":false,"applicationCacheEnabled":false,"browserConnectionEnabled":false,"cssSelectorsEnabled":true,"webStorageEnabled":false,"rotatable":false,"acceptSslCerts":false,"nativeEvents":true,"proxy":{"proxyType":"direct"}}
[INFO  - 2016-09-26T06:12:29.012Z] SessionManagerReqHand - _postNewSessionCommand - New Session Created: 33ed6ee0-83b0-11e6-a393-496e45a81df3
[INFO  - 2016-09-26T06:12:55.275Z] ShutdownReqHand - _handle - About to shutdown
[INFO  - 2016-09-26T06:13:21.228Z] GhostDriver - Main - running on port 45063
[INFO  - 2016-09-26T06:13:21.826Z] Session [53680eb0-83b0-11e6-8692-958fce91bd69] - page.settings - {"XSSAuditingEnabled":false,"javascriptCanCloseWindows":true,"javascriptCanOpenWindows":true,"javascriptEnabled":true,"loadImages":true,"localToRemoteUrlAccessEnabled":false,"userAgent":"Mozilla/5.0 (Windows NT 6.1; WOW64) AppleWebKit/538.1 (KHTML, like Gecko) PhantomJS/2.1.1 Safari/538.1","webSecurityEnabled":true}
[INFO  - 2016-09-26T06:13:21.826Z] Session [53680eb0-83b0-11e6-8692-958fce91bd69] - page.customHeaders:  - {}
[INFO  - 2016-09-26T06:13:21.826Z] Session [53680eb0-83b0-11e6-8692-958fce91bd69] - Session.negotiatedCapabilities - {"browserName":"phantomjs","version":"2.1.1","driverName":"ghostdriver","driverVersion":"1.2.0","platform":"windows-7-32bit","javascriptEnabled":true,"takesScreenshot":true,"handlesAlerts":false,"databaseEnabled":false,"locationContextEnabled":false,"applicationCacheEnabled":false,"browserConnectionEnabled":false,"cssSelectorsEnabled":true,"webStorageEnabled":false,"rotatable":false,"acceptSslCerts":false,"nativeEvents":true,"proxy":{"proxyType":"direct"}}
[INFO  - 2016-09-26T06:13:21.826Z] SessionManagerReqHand - _postNewSessionCommand - New Session Created: 53680eb0-83b0-11e6-8692-958fce91bd69
[INFO  - 2016-09-26T06:15:02.969Z] ShutdownReqHand - _handle - About to shutdown
[INFO  - 2016-09-26T06:26:18.681Z] GhostDriver - Main - running on port 9272
[INFO  - 2016-09-26T06:26:18.910Z] Session [2295f890-83b2-11e6-989a-4fb23ecead23] - page.settings - {"XSSAuditingEnabled":false,"javascriptCanCloseWindows":true,"javascriptCanOpenWindows":true,"javascriptEnabled":true,"loadImages":true,"localToRemoteUrlAccessEnabled":false,"userAgent":"Mozilla/5.0 (Windows NT 6.1; WOW64) AppleWebKit/538.1 (KHTML, like Gecko) PhantomJS/2.1.1 Safari/538.1","webSecurityEnabled":true}
[INFO  - 2016-09-26T06:26:18.910Z] Session [2295f890-83b2-11e6-989a-4fb23ecead23] - page.customHeaders:  - {}
[INFO  - 2016-09-26T06:26:18.911Z] Session [2295f890-83b2-11e6-989a-4fb23ecead23] - Session.negotiatedCapabilities - {"browserName":"phantomjs","version":"2.1.1","driverName":"ghostdriver","driverVersion":"1.2.0","platform":"windows-7-32bit","javascriptEnabled":true,"takesScreenshot":true,"handlesAlerts":false,"databaseEnabled":false,"locationContextEnabled":false,"applicationCacheEnabled":false,"browserConnectionEnabled":false,"cssSelectorsEnabled":true,"webStorageEnabled":false,"rotatable":false,"acceptSslCerts":false,"nativeEvents":true,"proxy":{"proxyType":"direct"}}
[INFO  - 2016-09-26T06:26:18.911Z] SessionManagerReqHand - _postNewSessionCommand - New Session Created: 2295f890-83b2-11e6-989a-4fb23ecead23
[ERROR - 2016-09-26T06:30:05.467Z] Session [2295f890-83b2-11e6-989a-4fb23ecead23] - page.onError - msg: ReferenceError: Can't find variable: jQuery
[ERROR - 2016-09-26T06:30:05.467Z] Session [2295f890-83b2-11e6-989a-4fb23ecead23] - page.onError - stack:
  global code (http://cdn.qnz.com.cn/Template/Ant/Js/AntNews.js:1)
[ERROR - 2016-09-26T06:30:39.973Z] Session [2295f890-83b2-11e6-989a-4fb23ecead23] - page.onError - msg: ReferenceError: Can't find variable: $
[ERROR - 2016-09-26T06:30:39.973Z] Session [2295f890-83b2-11e6-989a-4fb23ecead23] - page.onError - stack:
  global code (http://www.qnz.com.cn/news/newsshow-29890.shtml:21)
[ERROR - 2016-09-26T06:30:39.986Z] Session [2295f890-83b2-11e6-989a-4fb23ecead23] - page.onError - msg: ReferenceError: Can't find variable: LoadUserLogin
[ERROR - 2016-09-26T06:30:39.987Z] Session [2295f890-83b2-11e6-989a-4fb23ecead23] - page.onError - stack:
  global code (http://www.qnz.com.cn/news/newsshow-29890.shtml:149)
[ERROR - 2016-09-26T06:30:40.037Z] Session [2295f890-83b2-11e6-989a-4fb23ecead23] - page.onError - msg: TypeError: undefined is not a constructor (evaluating 'HtmlContent.replaceAll("&#39","'")')
[ERROR - 2016-09-26T06:30:40.037Z] Session [2295f890-83b2-11e6-989a-4fb23ecead23] - page.onError - stack:
  global code (http://www.qnz.com.cn/Public/config/Couplet/Index66.js:1)
[ERROR - 2016-09-26T06:30:40.049Z] Session [2295f890-83b2-11e6-989a-4fb23ecead23] - page.onError - msg: TypeError: undefined is not a constructor (evaluating 'HtmlContent.replaceAll("&#39","'")')
[ERROR - 2016-09-26T06:30:40.049Z] Session [2295f890-83b2-11e6-989a-4fb23ecead23] - page.onError - stack:
  global code (http://www.qnz.com.cn/Public/config/Couplet/Index510.js:1)
[ERROR - 2016-09-26T06:30:40.124Z] Session [2295f890-83b2-11e6-989a-4fb23ecead23] - page.onError - msg: ReferenceError: Can't find variable: $
[ERROR - 2016-09-26T06:30:40.124Z] Session [2295f890-83b2-11e6-989a-4fb23ecead23] - page.onError - stack:
  global code (http://www.qnz.com.cn/news/newsshow-29890.shtml:559)
[INFO  - 2016-09-26T06:31:18.687Z] SessionManagerReqHand - _cleanupWindowlessSessions - Asynchronous Sessions clean-up phase starting NOW
