2017-02-10 14:36:13.623  INFO 14924 --- [main] NewsPusherModule.ApplicationNewsExport   : Starting ApplicationNewsExport on DESKTOP-I5VPLTQ with PID 14924 (D:\IdeaProjects\NewsExport_duocai\target\classes started by karel in D:\IdeaProjects\NewsExport_duocai)
2017-02-10 14:36:13.636  INFO 14924 --- [main] NewsPusherModule.ApplicationNewsExport   : No active profile set, falling back to default profiles: default
2017-02-10 14:36:13.872  INFO 14924 --- [main] ationConfigEmbeddedWebApplicationContext : Refreshing org.springframework.boot.context.embedded.AnnotationConfigEmbeddedWebApplicationContext@7050c91f: startup date [Fri Feb 10 14:36:13 CST 2017]; root of context hierarchy
2017-02-10 14:36:16.525  INFO 14924 --- [main] s.b.c.e.t.TomcatEmbeddedServletContainer : Tomcat initialized with port(s): 10091 (http)
2017-02-10 14:36:16.547  INFO 14924 --- [main] o.apache.catalina.core.StandardService   : Starting service Tomcat
2017-02-10 14:36:16.548  INFO 14924 --- [main] org.apache.catalina.core.StandardEngine  : Starting Servlet Engine: Apache Tomcat/8.5.4
2017-02-10 14:36:16.744  INFO 14924 --- [localhost-startStop-1] o.a.c.c.C.[Tomcat].[localhost].[/]       : Initializing Spring embedded WebApplicationContext
2017-02-10 14:36:16.744  INFO 14924 --- [localhost-startStop-1] o.s.web.context.ContextLoader            : Root WebApplicationContext: initialization completed in 2884 ms
2017-02-10 14:36:16.974  INFO 14924 --- [localhost-startStop-1] o.s.b.w.servlet.ServletRegistrationBean  : Mapping servlet: 'dispatcherServlet' to [/]
2017-02-10 14:36:16.983  INFO 14924 --- [localhost-startStop-1] o.s.b.w.servlet.FilterRegistrationBean   : Mapping filter: 'characterEncodingFilter' to: [/*]
2017-02-10 14:36:16.983  INFO 14924 --- [localhost-startStop-1] o.s.b.w.servlet.FilterRegistrationBean   : Mapping filter: 'hiddenHttpMethodFilter' to: [/*]
2017-02-10 14:36:16.983  INFO 14924 --- [localhost-startStop-1] o.s.b.w.servlet.FilterRegistrationBean   : Mapping filter: 'httpPutFormContentFilter' to: [/*]
2017-02-10 14:36:16.984  INFO 14924 --- [localhost-startStop-1] o.s.b.w.servlet.FilterRegistrationBean   : Mapping filter: 'requestContextFilter' to: [/*]
2017-02-10 14:36:17.949  INFO 14924 --- [main] s.w.s.m.m.a.RequestMappingHandlerAdapter : Looking for @ControllerAdvice: org.springframework.boot.context.embedded.AnnotationConfigEmbeddedWebApplicationContext@7050c91f: startup date [Fri Feb 10 14:36:13 CST 2017]; root of context hierarchy
2017-02-10 14:36:18.034  INFO 14924 --- [main] s.w.s.m.m.a.RequestMappingHandlerMapping : Mapped "{[/duocai/export/articles],methods=[POST]}" onto public java.lang.Object NewsPusherModule.controller.ExportDuocaiController.exportArticles(java.lang.String,java.lang.String)
2017-02-10 14:36:18.035  INFO 14924 --- [main] s.w.s.m.m.a.RequestMappingHandlerMapping : Mapped "{[/duocai/export/article],methods=[POST]}" onto public java.lang.Object NewsPusherModule.controller.ExportDuocaiController.exportNewSingle(java.lang.String,java.lang.String)
2017-02-10 14:36:18.035  INFO 14924 --- [main] s.w.s.m.m.a.RequestMappingHandlerMapping : Mapped "{[/duocai/login],methods=[POST]}" onto public java.lang.Object NewsPusherModule.controller.ExportDuocaiController.login(java.lang.String,javax.servlet.http.HttpSession)
2017-02-10 14:36:18.036  INFO 14924 --- [main] s.w.s.m.m.a.RequestMappingHandlerMapping : Mapped "{[/testFinishedXml/{tid}]}" onto public java.lang.String NewsPusherModule.controller.taskController.testFinishedXml(java.lang.String)
2017-02-10 14:36:18.036  INFO 14924 --- [main] s.w.s.m.m.a.RequestMappingHandlerMapping : Mapped "{[/newsExport/{tid}]}" onto public java.lang.String NewsPusherModule.controller.taskController.newsExport(java.lang.String) throws java.lang.Exception
2017-02-10 14:36:18.041  INFO 14924 --- [main] s.w.s.m.m.a.RequestMappingHandlerMapping : Mapped "{[/error]}" onto public org.springframework.http.ResponseEntity<java.util.Map<java.lang.String, java.lang.Object>> org.springframework.boot.autoconfigure.web.BasicErrorController.error(javax.servlet.http.HttpServletRequest)
2017-02-10 14:36:18.041  INFO 14924 --- [main] s.w.s.m.m.a.RequestMappingHandlerMapping : Mapped "{[/error],produces=[text/html]}" onto public org.springframework.web.servlet.ModelAndView org.springframework.boot.autoconfigure.web.BasicErrorController.errorHtml(javax.servlet.http.HttpServletRequest,javax.servlet.http.HttpServletResponse)
2017-02-10 14:36:18.110  INFO 14924 --- [main] o.s.w.s.handler.SimpleUrlHandlerMapping  : Mapped URL path [/webjars/**] onto handler of type [class org.springframework.web.servlet.resource.ResourceHttpRequestHandler]
2017-02-10 14:36:18.110  INFO 14924 --- [main] o.s.w.s.handler.SimpleUrlHandlerMapping  : Mapped URL path [/**] onto handler of type [class org.springframework.web.servlet.resource.ResourceHttpRequestHandler]
2017-02-10 14:36:18.175  INFO 14924 --- [main] o.s.w.s.handler.SimpleUrlHandlerMapping  : Mapped URL path [/**/favicon.ico] onto handler of type [class org.springframework.web.servlet.resource.ResourceHttpRequestHandler]
2017-02-10 14:36:18.590  INFO 14924 --- [main] o.s.j.e.a.AnnotationMBeanExporter        : Registering beans for JMX exposure on startup
2017-02-10 14:36:18.717  INFO 14924 --- [main] s.b.c.e.t.TomcatEmbeddedServletContainer : Tomcat started on port(s): 10091 (http)
2017-02-10 14:36:18.735  INFO 14924 --- [main] NewsPusherModule.ApplicationNewsExport   : Started ApplicationNewsExport in 6.555 seconds (JVM running for 7.708)
2017-02-10 14:36:18.748  INFO 14924 --- [main] NewsPusherModule.service.Client          : 本地端口：60301
2017-02-10 14:36:18.984  INFO 14924 --- [Thread-5] NewsPusherModule.service.Client          : 客户端发送handShaker信息是：	{"companyId":"001"}
2017-02-10 14:36:33.841  INFO 14924 --- [Thread-4] NewsPusherModule.service.Client          : 接收：	2017-02-10 14:36:33	维持连接心跳包
2017-02-10 14:36:33.842  INFO 14924 --- [Thread-4] NewsPusherModule.service.Client          : 处理：	2017-02-10 14:36:33	维持连接心跳包

2017-02-10 14:36:48.892  INFO 14924 --- [Thread-4] NewsPusherModule.service.Client          : 接收：	2017-02-10 14:36:48	维持连接心跳包
2017-02-10 14:36:48.893  INFO 14924 --- [Thread-4] NewsPusherModule.service.Client          : 处理：	2017-02-10 14:36:48	维持连接心跳包

2017-02-10 14:37:03.901  INFO 14924 --- [Thread-4] NewsPusherModule.service.Client          : 接收：	2017-02-10 14:37:03	维持连接心跳包
2017-02-10 14:37:03.902  INFO 14924 --- [Thread-4] NewsPusherModule.service.Client          : 处理：	2017-02-10 14:37:03	维持连接心跳包

