接收：	2017-01-04 14:23:48	维持连接心跳包处理：	2017-01-04 14:23:48	维持连接心跳包
接收：	2017-01-04 14:24:03	维持连接心跳包处理：	2017-01-04 14:24:03	维持连接心跳包
接收：	2017-01-04 14:24:18	维持连接心跳包处理：	2017-01-04 14:24:18	维持连接心跳包
接收：	2017-01-04 14:24:33	维持连接心跳包处理：	2017-01-04 14:24:33	维持连接心跳包
接收：	2017-01-04 14:24:48	维持连接心跳包处理：	2017-01-04 14:24:48	维持连接心跳包
接收：	2017-01-04 14:25:03	维持连接心跳包处理：	2017-01-04 14:25:03	维持连接心跳包
接收：	2017-01-04 14:25:18	维持连接心跳包处理：	2017-01-04 14:25:18	维持连接心跳包
接收：	2017-01-04 14:25:34	维持连接心跳包处理：	2017-01-04 14:25:34	维持连接心跳包
接收：	2017-01-04 14:25:49	维持连接心跳包处理：	2017-01-04 14:25:49	维持连接心跳包
接收：	2017-01-04 14:26:04	维持连接心跳包处理：	2017-01-04 14:26:04	维持连接心跳包
接收：	2017-01-04 14:26:19	维持连接心跳包处理：	2017-01-04 14:26:19	维持连接心跳包
接收：	2017-01-04 14:26:34	维持连接心跳包处理：	2017-01-04 14:26:34	维持连接心跳包
接收：	2017-01-04 14:26:49	维持连接心跳包处理：	2017-01-04 14:26:49	维持连接心跳包
接收：	2017-01-04 14:27:04	维持连接心跳包处理：	2017-01-04 14:27:04	维持连接心跳包
接收：	2017-01-04 14:27:19	维持连接心跳包处理：	2017-01-04 14:27:19	维持连接心跳包
接收：	2017-01-04 14:27:34	维持连接心跳包处理：	2017-01-04 14:27:34	维持连接心跳包
接收：	2017-01-04 14:27:49	维持连接心跳包处理：	2017-01-04 14:27:49	维持连接心跳包
接收：	2017-01-04 14:28:04	维持连接心跳包处理：	2017-01-04 14:28:04	维持连接心跳包
接收：	2017-01-04 14:28:19	维持连接心跳包处理：	2017-01-04 14:28:19	维持连接心跳包
接收：	2017-01-04 14:28:34	维持连接心跳包处理：	2017-01-04 14:28:34	维持连接心跳包
接收：	2017-01-04 14:29:10	维持连接心跳包处理：	2017-01-04 14:29:10	维持连接心跳包
接收：	2017-01-04 14:29:25	维持连接心跳包处理：	2017-01-04 14:29:25	维持连接心跳包
接收：	2017-01-04 14:29:40	维持连接心跳包处理：	2017-01-04 14:29:40	维持连接心跳包
接收：	2017-01-04 14:29:55	维持连接心跳包处理：	2017-01-04 14:29:55	维持连接心跳包
接收：	NewsPusherModule.entity.PushInfo@3885c37f接收：	2017-01-04 14:38:01	维持连接心跳包处理：	2017-01-04 14:38:01	维持连接心跳包
接收：	2017-01-04 14:38:16	维持连接心跳包处理：	2017-01-04 14:38:16	维持连接心跳包
接收：	2017-01-04 14:38:31	维持连接心跳包处理：	2017-01-04 14:38:31	维持连接心跳包
接收：	NewsPusherModule.entity.PushInfo@79e834ce接收：	2017-01-04 14:43:02	维持连接心跳包处理：	2017-01-04 14:43:02	维持连接心跳包
接收：	2017-01-04 14:43:17	维持连接心跳包处理：	2017-01-04 14:43:17	维持连接心跳包
接收：	NewsPusherModule.entity.PushInfo@2566edf4接收：	2017-01-04 14:45:39	维持连接心跳包处理：	2017-01-04 14:45:40	维持连接心跳包
接收：	NewsPusherModule.entity.PushInfo@6d2fc1ac接收：	NewsPusherModule.entity.PushInfo@46a4e589接收：	2017-01-04 14:49:26	维持连接心跳包处理：	2017-01-04 14:49:26	维持连接心跳包
接收：	NewsPusherModule.entity.PushInfo@2dce2a8d接收：	2017-01-04 14:52:11	维持连接心跳包处理：	2017-01-04 14:52:11	维持连接心跳包
接收：	NewsPusherModule.entity.PushInfo@749dc7a4接收：	2017-01-04 14:53:50	维持连接心跳包处理：	2017-01-04 14:53:50	维持连接心跳包
接收：	NewsPusherModule.entity.PushInfo@55401592处理：	NewsPusherModule.entity.PushInfo@55401592
接收：	2017-01-04 14:54:05	维持连接心跳包处理：	2017-01-04 14:54:05	维持连接心跳包
接收：	2017-01-04 14:54:20	维持连接心跳包处理：	2017-01-04 14:54:20	维持连接心跳包
接收：	2017-01-04 14:54:35	维持连接心跳包处理：	2017-01-04 14:54:35	维持连接心跳包
接收：	2017-01-04 14:54:50	维持连接心跳包处理：	2017-01-04 14:54:50	维持连接心跳包
接收：	2017-01-04 14:55:05	维持连接心跳包处理：	2017-01-04 14:55:05	维持连接心跳包
接收：	2017-01-04 14:56:05	维持连接心跳包处理：	2017-01-04 14:56:05	维持连接心跳包
接收：	2017-01-04 14:56:20	维持连接心跳包处理：	2017-01-04 14:56:20	维持连接心跳包
接收：	2017-01-04 14:56:35	维持连接心跳包处理：	2017-01-04 14:56:35	维持连接心跳包
接收：	2017-01-04 14:56:50	维持连接心跳包处理：	2017-01-04 14:56:50	维持连接心跳包
接收：	2017-01-04 14:57:05	维持连接心跳包处理：	2017-01-04 14:57:05	维持连接心跳包
接收：	2017-01-04 14:57:20	维持连接心跳包处理：	2017-01-04 14:57:20	维持连接心跳包
接收：	2017-01-04 14:57:35	维持连接心跳包处理：	2017-01-04 14:57:35	维持连接心跳包
接收：	2017-01-04 14:58:12	维持连接心跳包处理：	2017-01-04 14:58:12	维持连接心跳包
接收：	NewsPusherModule.entity.PushInfo@797a1389处理：	NewsPusherModule.entity.PushInfo@797a1389
接收：	2017-01-04 14:58:27	维持连接心跳包处理：	2017-01-04 14:58:27	维持连接心跳包
接收：	2017-01-04 14:58:42	维持连接心跳包处理：	2017-01-04 14:58:42	维持连接心跳包
接收：	2017-01-04 14:58:58	维持连接心跳包处理：	2017-01-04 14:58:58	维持连接心跳包
接收：	2017-01-04 14:59:13	维持连接心跳包处理：	2017-01-04 14:59:13	维持连接心跳包
接收：	2017-01-04 14:59:28	维持连接心跳包处理：	2017-01-04 14:59:28	维持连接心跳包
接收：	2017-01-04 14:59:42	维持连接心跳包处理：	2017-01-04 14:59:42	维持连接心跳包
接收：	2017-01-04 14:59:57	维持连接心跳包处理：	2017-01-04 14:59:57	维持连接心跳包
接收：	2017-01-04 15:00:12	维持连接心跳包处理：	2017-01-04 15:00:12	维持连接心跳包
接收：	2017-01-04 15:00:27	维持连接心跳包处理：	2017-01-04 15:00:27	维持连接心跳包
接收：	2017-01-04 15:00:42	维持连接心跳包处理：	2017-01-04 15:00:42	维持连接心跳包
接收：	2017-01-04 15:00:57	维持连接心跳包处理：	2017-01-04 15:00:57	维持连接心跳包
接收：	2017-01-04 15:01:12	维持连接心跳包处理：	2017-01-04 15:01:12	维持连接心跳包
接收：	2017-01-04 15:01:27	维持连接心跳包处理：	2017-01-04 15:01:27	维持连接心跳包
接收：	2017-01-04 15:01:42	维持连接心跳包处理：	2017-01-04 15:01:42	维持连接心跳包
接收：	2017-01-04 15:01:57	维持连接心跳包处理：	2017-01-04 15:01:57	维持连接心跳包
接收：	2017-01-04 15:02:12	维持连接心跳包处理：	2017-01-04 15:02:12	维持连接心跳包
接收：	2017-01-04 15:02:27	维持连接心跳包处理：	2017-01-04 15:02:28	维持连接心跳包
接收：	2017-01-04 15:02:43	维持连接心跳包处理：	2017-01-04 15:02:43	维持连接心跳包
接收：	2017-01-04 15:02:58	维持连接心跳包处理：	2017-01-04 15:02:58	维持连接心跳包
接收：	2017-01-04 15:03:13	维持连接心跳包处理：	2017-01-04 15:03:13	维持连接心跳包
接收：	2017-01-04 15:03:28	维持连接心跳包处理：	2017-01-04 15:03:28	维持连接心跳包
接收：	2017-01-04 15:03:43	维持连接心跳包处理：	2017-01-04 15:03:43	维持连接心跳包
接收：	NewsPusherModule.entity.PushInfo@487688fd处理：	NewsPusherModule.entity.PushInfo@487688fd
接收：	2017-01-04 15:03:58	维持连接心跳包处理：	2017-01-04 15:03:58	维持连接心跳包
接收：	2017-01-04 15:04:13	维持连接心跳包处理：	2017-01-04 15:04:13	维持连接心跳包
接收：	2017-01-04 15:04:28	维持连接心跳包处理：	2017-01-04 15:04:28	维持连接心跳包
接收：	2017-01-04 15:04:43	维持连接心跳包处理：	2017-01-04 15:04:43	维持连接心跳包
接收：	2017-01-04 15:04:58	维持连接心跳包处理：	2017-01-04 15:04:58	维持连接心跳包
接收：	2017-01-04 15:05:13	维持连接心跳包处理：	2017-01-04 15:05:13	维持连接心跳包
接收：	2017-01-04 15:08:06	维持连接心跳包处理：	2017-01-04 15:08:06	维持连接心跳包
接收：	2017-01-04 15:08:21	维持连接心跳包处理：	2017-01-04 15:08:21	维持连接心跳包
接收：	2017-01-04 15:08:36	维持连接心跳包处理：	2017-01-04 15:08:36	维持连接心跳包
接收：	NewsPusherModule.entity.PushInfo@28a57b48处理：	NewsPusherModule.entity.PushInfo@28a57b48
接收：	2017-01-04 15:08:51	维持连接心跳包处理：	2017-01-04 15:08:51	维持连接心跳包
接收：	2017-01-04 15:09:06	维持连接心跳包处理：	2017-01-04 15:09:06	维持连接心跳包
接收：	2017-01-04 15:09:21	维持连接心跳包处理：	2017-01-04 15:09:21	维持连接心跳包
接收：	2017-01-04 15:09:36	维持连接心跳包处理：	2017-01-04 15:09:36	维持连接心跳包
接收：	2017-01-04 15:09:51	维持连接心跳包处理：	2017-01-04 15:09:51	维持连接心跳包
接收：	2017-01-04 15:10:06	维持连接心跳包处理：	2017-01-04 15:10:06	维持连接心跳包
接收：	2017-01-04 15:10:21	维持连接心跳包处理：	2017-01-04 15:10:21	维持连接心跳包
接收：	2017-01-04 15:10:36	维持连接心跳包处理：	2017-01-04 15:10:36	维持连接心跳包
接收：	2017-01-04 15:10:51	维持连接心跳包处理：	2017-01-04 15:10:51	维持连接心跳包
接收：	2017-01-04 15:11:06	维持连接心跳包处理：	2017-01-04 15:11:06	维持连接心跳包
接收：	2017-01-04 15:11:21	维持连接心跳包处理：	2017-01-04 15:11:21	维持连接心跳包
接收：	NewsPusherModule.entity.PushInfo@2732644d处理：	NewsPusherModule.entity.PushInfo@2732644d
接收：	NewsPusherModule.entity.PushInfo@572b0d74处理：	NewsPusherModule.entity.PushInfo@572b0d74
接收：	2017-01-04 15:11:36	维持连接心跳包处理：	2017-01-04 15:11:36	维持连接心跳包
接收：	NewsPusherModule.entity.PushInfo@56e56093处理：	NewsPusherModule.entity.PushInfo@56e56093
接收：	NewsPusherModule.entity.PushInfo@4ef2bb57处理：	NewsPusherModule.entity.PushInfo@4ef2bb57
接收：	2017-01-04 15:11:51	维持连接心跳包处理：	2017-01-04 15:11:51	维持连接心跳包
接收：	NewsPusherModule.entity.PushInfo@5a7dc544处理：	NewsPusherModule.entity.PushInfo@5a7dc544
接收：	2017-01-04 15:12:06	维持连接心跳包处理：	2017-01-04 15:12:06	维持连接心跳包
接收：	NewsPusherModule.entity.PushInfo@6fa660d7处理：	NewsPusherModule.entity.PushInfo@6fa660d7
接收：	2017-01-04 15:12:21	维持连接心跳包处理：	2017-01-04 15:12:21	维持连接心跳包
接收：	NewsPusherModule.entity.PushInfo@49ef1dc9处理：	NewsPusherModule.entity.PushInfo@49ef1dc9
接收：	NewsPusherModule.entity.PushInfo@3e10d1dd处理：	NewsPusherModule.entity.PushInfo@3e10d1dd
接收：	NewsPusherModule.entity.PushInfo@7cd62439处理：	NewsPusherModule.entity.PushInfo@7cd62439
接收：	2017-01-04 15:12:37	维持连接心跳包处理：	2017-01-04 15:12:37	维持连接心跳包
接收：	NewsPusherModule.entity.PushInfo@4e0e6423处理：	NewsPusherModule.entity.PushInfo@4e0e6423
接收：	2017-01-04 15:12:51	维持连接心跳包处理：	2017-01-04 15:12:51	维持连接心跳包
接收：	NewsPusherModule.entity.PushInfo@7a6d5d56处理：	NewsPusherModule.entity.PushInfo@7a6d5d56
接收：	2017-01-04 15:13:06	维持连接心跳包处理：	2017-01-04 15:13:06	维持连接心跳包
接收：	2017-01-04 15:13:21	维持连接心跳包处理：	2017-01-04 15:13:21	维持连接心跳包
接收：	2017-01-04 15:13:36	维持连接心跳包处理：	2017-01-04 15:13:36	维持连接心跳包
接收：	2017-01-04 15:13:51	维持连接心跳包处理：	2017-01-04 15:13:51	维持连接心跳包
接收：	2017-01-04 15:14:06	维持连接心跳包处理：	2017-01-04 15:14:06	维持连接心跳包
接收：	2017-01-04 15:14:21	维持连接心跳包处理：	2017-01-04 15:14:21	维持连接心跳包
接收：	2017-01-04 15:14:36	维持连接心跳包处理：	2017-01-04 15:14:36	维持连接心跳包
接收：	2017-01-04 15:14:51	维持连接心跳包处理：	2017-01-04 15:14:52	维持连接心跳包
接收：	2017-01-04 15:15:07	维持连接心跳包处理：	2017-01-04 15:15:07	维持连接心跳包
接收：	2017-01-04 15:15:22	维持连接心跳包处理：	2017-01-04 15:15:22	维持连接心跳包
接收：	2017-01-04 15:15:37	维持连接心跳包处理：	2017-01-04 15:15:37	维持连接心跳包
接收：	2017-01-04 15:15:52	维持连接心跳包处理：	2017-01-04 15:15:52	维持连接心跳包
接收：	2017-01-04 15:16:07	维持连接心跳包处理：	2017-01-04 15:16:07	维持连接心跳包
接收：	2017-01-04 15:16:22	维持连接心跳包处理：	2017-01-04 15:16:22	维持连接心跳包
接收：	2017-01-04 15:16:37	维持连接心跳包处理：	2017-01-04 15:16:37	维持连接心跳包
接收：	2017-01-04 15:16:52	维持连接心跳包处理：	2017-01-04 15:16:52	维持连接心跳包
接收：	2017-01-04 15:17:07	维持连接心跳包处理：	2017-01-04 15:17:07	维持连接心跳包
接收：	NewsPusherModule.entity.PushInfo@23f50991处理：	NewsPusherModule.entity.PushInfo@23f50991
接收：	2017-01-04 15:17:22	维持连接心跳包处理：	2017-01-04 15:17:22	维持连接心跳包
接收：	2017-01-04 15:17:37	维持连接心跳包处理：	2017-01-04 15:17:37	维持连接心跳包
接收：	NewsPusherModule.entity.PushInfo@6ad45fc6处理：	NewsPusherModule.entity.PushInfo@6ad45fc6
接收：	2017-01-04 15:17:52	维持连接心跳包处理：	2017-01-04 15:17:52	维持连接心跳包
接收：	2017-01-04 15:18:07	维持连接心跳包处理：	2017-01-04 15:18:07	维持连接心跳包
接收：	2017-01-04 15:18:22	维持连接心跳包处理：	2017-01-04 15:18:22	维持连接心跳包
接收：	2017-01-04 15:18:37	维持连接心跳包处理：	2017-01-04 15:18:37	维持连接心跳包
接收：	2017-01-04 15:18:52	维持连接心跳包处理：	2017-01-04 15:18:52	维持连接心跳包
接收：	2017-01-04 15:19:07	维持连接心跳包处理：	2017-01-04 15:19:07	维持连接心跳包
接收：	2017-01-04 15:19:22	维持连接心跳包处理：	2017-01-04 15:19:22	维持连接心跳包
接收：	2017-01-04 15:19:37	维持连接心跳包处理：	2017-01-04 15:19:37	维持连接心跳包
接收：	2017-01-04 15:19:52	维持连接心跳包处理：	2017-01-04 15:19:52	维持连接心跳包
接收：	2017-01-04 15:20:07	维持连接心跳包处理：	2017-01-04 15:20:07	维持连接心跳包
接收：	2017-01-04 15:20:22	维持连接心跳包处理：	2017-01-04 15:20:22	维持连接心跳包
接收：	2017-01-04 15:20:37	维持连接心跳包处理：	2017-01-04 15:20:37	维持连接心跳包
接收：	2017-01-04 15:20:52	维持连接心跳包处理：	2017-01-04 15:20:52	维持连接心跳包
接收：	2017-01-04 15:21:07	维持连接心跳包处理：	2017-01-04 15:21:07	维持连接心跳包
接收：	2017-01-04 15:21:22	维持连接心跳包处理：	2017-01-04 15:21:22	维持连接心跳包
接收：	2017-01-04 15:21:37	维持连接心跳包处理：	2017-01-04 15:21:37	维持连接心跳包
接收：	2017-01-04 15:21:52	维持连接心跳包处理：	2017-01-04 15:21:52	维持连接心跳包
接收：	2017-01-04 15:22:07	维持连接心跳包处理：	2017-01-04 15:22:07	维持连接心跳包
接收：	2017-01-04 15:22:22	维持连接心跳包处理：	2017-01-04 15:22:22	维持连接心跳包
接收：	2017-01-04 15:22:37	维持连接心跳包处理：	2017-01-04 15:22:37	维持连接心跳包
接收：	2017-01-04 15:22:52	维持连接心跳包处理：	2017-01-04 15:22:52	维持连接心跳包
接收：	NewsPusherModule.entity.PushInfo@6a37e4db处理：	NewsPusherModule.entity.PushInfo@6a37e4db
接收：	2017-01-04 15:23:07	维持连接心跳包处理：	2017-01-04 15:23:07	维持连接心跳包
接收：	2017-01-04 15:24:07	维持连接心跳包处理：	2017-01-04 15:24:07	维持连接心跳包
接收：	2017-01-04 15:24:22	维持连接心跳包处理：	2017-01-04 15:24:22	维持连接心跳包
接收：	2017-01-04 15:24:37	维持连接心跳包处理：	2017-01-04 15:24:37	维持连接心跳包
接收：	NewsPusherModule.entity.PushInfo@409c4443处理：	NewsPusherModule.entity.PushInfo@409c4443
接收：	2017-01-04 15:24:52	维持连接心跳包处理：	2017-01-04 15:24:52	维持连接心跳包
接收：	2017-01-04 15:25:07	维持连接心跳包处理：	2017-01-04 15:25:07	维持连接心跳包
接收：	2017-01-04 15:25:22	维持连接心跳包处理：	2017-01-04 15:25:22	维持连接心跳包
接收：	2017-01-04 15:25:37	维持连接心跳包处理：	2017-01-04 15:25:37	维持连接心跳包
接收：	2017-01-04 15:25:52	维持连接心跳包处理：	2017-01-04 15:25:52	维持连接心跳包
接收：	2017-01-04 15:26:07	维持连接心跳包处理：	2017-01-04 15:26:07	维持连接心跳包
接收：	2017-01-04 15:26:22	维持连接心跳包处理：	2017-01-04 15:26:22	维持连接心跳包
接收：	2017-01-04 15:26:37	维持连接心跳包处理：	2017-01-04 15:26:37	维持连接心跳包
接收：	2017-01-04 15:26:52	维持连接心跳包处理：	2017-01-04 15:26:52	维持连接心跳包
接收：	2017-01-04 15:27:07	维持连接心跳包处理：	2017-01-04 15:27:07	维持连接心跳包
接收：	2017-01-04 15:27:22	维持连接心跳包处理：	2017-01-04 15:27:22	维持连接心跳包
接收：	2017-01-04 15:27:37	维持连接心跳包处理：	2017-01-04 15:27:37	维持连接心跳包
接收：	2017-01-04 15:27:52	维持连接心跳包处理：	2017-01-04 15:27:52	维持连接心跳包
接收：	2017-01-04 15:28:07	维持连接心跳包处理：	2017-01-04 15:28:07	维持连接心跳包
接收：	2017-01-04 15:28:22	维持连接心跳包处理：	2017-01-04 15:28:22	维持连接心跳包
接收：	2017-01-04 15:28:37	维持连接心跳包处理：	2017-01-04 15:28:37	维持连接心跳包
接收：	2017-01-04 15:28:52	维持连接心跳包处理：	2017-01-04 15:28:52	维持连接心跳包
接收：	2017-01-04 15:29:07	维持连接心跳包处理：	2017-01-04 15:29:07	维持连接心跳包
接收：	2017-01-04 15:29:22	维持连接心跳包处理：	2017-01-04 15:29:22	维持连接心跳包
接收：	2017-01-04 15:29:37	维持连接心跳包处理：	2017-01-04 15:29:37	维持连接心跳包
接收：	2017-01-04 15:29:52	维持连接心跳包处理：	2017-01-04 15:29:52	维持连接心跳包
接收：	2017-01-04 15:30:07	维持连接心跳包处理：	2017-01-04 15:30:07	维持连接心跳包
接收：	2017-01-04 15:30:22	维持连接心跳包处理：	2017-01-04 15:30:22	维持连接心跳包
接收：	2017-01-04 15:30:37	维持连接心跳包处理：	2017-01-04 15:30:37	维持连接心跳包
接收：	2017-01-04 15:30:52	维持连接心跳包处理：	2017-01-04 15:30:52	维持连接心跳包
接收：	2017-01-04 15:31:07	维持连接心跳包处理：	2017-01-04 15:31:07	维持连接心跳包
接收：	2017-01-04 15:31:23	维持连接心跳包处理：	2017-01-04 15:31:23	维持连接心跳包
接收：	2017-01-04 15:31:38	维持连接心跳包处理：	2017-01-04 15:31:38	维持连接心跳包
接收：	2017-01-04 15:31:53	维持连接心跳包处理：	2017-01-04 15:31:53	维持连接心跳包
接收：	2017-01-04 15:32:08	维持连接心跳包处理：	2017-01-04 15:32:08	维持连接心跳包
接收：	2017-01-04 15:32:23	维持连接心跳包处理：	2017-01-04 15:32:23	维持连接心跳包
接收：	2017-01-04 15:32:38	维持连接心跳包处理：	2017-01-04 15:32:38	维持连接心跳包
接收：	2017-01-04 15:32:53	维持连接心跳包处理：	2017-01-04 15:32:53	维持连接心跳包
接收：	2017-01-04 15:33:08	维持连接心跳包处理：	2017-01-04 15:33:08	维持连接心跳包
接收：	2017-01-04 15:33:23	维持连接心跳包处理：	2017-01-04 15:33:23	维持连接心跳包
接收：	2017-01-04 15:33:38	维持连接心跳包处理：	2017-01-04 15:33:38	维持连接心跳包
接收：	2017-01-04 15:33:53	维持连接心跳包处理：	2017-01-04 15:33:53	维持连接心跳包
接收：	2017-01-04 15:34:08	维持连接心跳包处理：	2017-01-04 15:34:08	维持连接心跳包
接收：	2017-01-04 15:34:23	维持连接心跳包处理：	2017-01-04 15:34:23	维持连接心跳包
接收：	2017-01-04 15:34:38	维持连接心跳包处理：	2017-01-04 15:34:38	维持连接心跳包
接收：	2017-01-04 15:34:53	维持连接心跳包处理：	2017-01-04 15:34:53	维持连接心跳包
接收：	2017-01-04 15:35:08	维持连接心跳包处理：	2017-01-04 15:35:08	维持连接心跳包
接收：	2017-01-04 15:35:23	维持连接心跳包处理：	2017-01-04 15:35:23	维持连接心跳包
接收：	2017-01-04 15:35:38	维持连接心跳包处理：	2017-01-04 15:35:38	维持连接心跳包
接收：	2017-01-04 15:35:53	维持连接心跳包处理：	2017-01-04 15:35:53	维持连接心跳包
接收：	2017-01-04 15:36:08	维持连接心跳包处理：	2017-01-04 15:36:08	维持连接心跳包
接收：	2017-01-04 15:36:23	维持连接心跳包处理：	2017-01-04 15:36:23	维持连接心跳包
接收：	2017-01-04 15:36:38	维持连接心跳包处理：	2017-01-04 15:36:38	维持连接心跳包
接收：	2017-01-04 15:36:53	维持连接心跳包处理：	2017-01-04 15:36:53	维持连接心跳包
接收：	2017-01-04 15:37:08	维持连接心跳包处理：	2017-01-04 15:37:08	维持连接心跳包
接收：	2017-01-04 15:37:23	维持连接心跳包处理：	2017-01-04 15:37:23	维持连接心跳包
接收：	2017-01-04 15:37:38	维持连接心跳包处理：	2017-01-04 15:37:38	维持连接心跳包
接收：	2017-01-04 15:37:53	维持连接心跳包处理：	2017-01-04 15:37:53	维持连接心跳包
接收：	2017-01-04 15:38:08	维持连接心跳包处理：	2017-01-04 15:38:08	维持连接心跳包
接收：	2017-01-04 15:38:23	维持连接心跳包处理：	2017-01-04 15:38:23	维持连接心跳包
接收：	2017-01-04 15:38:38	维持连接心跳包处理：	2017-01-04 15:38:38	维持连接心跳包
接收：	2017-01-04 15:38:53	维持连接心跳包处理：	2017-01-04 15:38:53	维持连接心跳包
接收：	2017-01-04 15:39:08	维持连接心跳包处理：	2017-01-04 15:39:08	维持连接心跳包
接收：	2017-01-04 15:39:23	维持连接心跳包处理：	2017-01-04 15:39:23	维持连接心跳包
接收：	2017-01-04 15:39:38	维持连接心跳包处理：	2017-01-04 15:39:38	维持连接心跳包
接收：	2017-01-04 15:39:53	维持连接心跳包处理：	2017-01-04 15:39:53	维持连接心跳包
接收：	2017-01-04 15:40:08	维持连接心跳包处理：	2017-01-04 15:40:08	维持连接心跳包
接收：	2017-01-04 15:40:23	维持连接心跳包处理：	2017-01-04 15:40:23	维持连接心跳包
接收：	2017-01-04 15:40:38	维持连接心跳包处理：	2017-01-04 15:40:38	维持连接心跳包
接收：	2017-01-04 15:40:53	维持连接心跳包处理：	2017-01-04 15:40:53	维持连接心跳包
接收：	2017-01-04 15:41:08	维持连接心跳包处理：	2017-01-04 15:41:08	维持连接心跳包
接收：	2017-01-04 15:41:23	维持连接心跳包处理：	2017-01-04 15:41:23	维持连接心跳包
接收：	2017-01-04 15:41:38	维持连接心跳包处理：	2017-01-04 15:41:38	维持连接心跳包
接收：	2017-01-04 15:41:53	维持连接心跳包处理：	2017-01-04 15:41:53	维持连接心跳包
接收：	2017-01-04 15:42:08	维持连接心跳包处理：	2017-01-04 15:42:08	维持连接心跳包
接收：	2017-01-04 15:42:23	维持连接心跳包处理：	2017-01-04 15:42:23	维持连接心跳包
接收：	2017-01-04 15:42:38	维持连接心跳包处理：	2017-01-04 15:42:38	维持连接心跳包
接收：	2017-01-04 15:42:53	维持连接心跳包处理：	2017-01-04 15:42:53	维持连接心跳包
接收：	2017-01-04 15:43:08	维持连接心跳包处理：	2017-01-04 15:43:08	维持连接心跳包
接收：	2017-01-04 15:43:23	维持连接心跳包处理：	2017-01-04 15:43:23	维持连接心跳包
接收：	2017-01-04 15:43:38	维持连接心跳包处理：	2017-01-04 15:43:38	维持连接心跳包
接收：	2017-01-04 15:43:53	维持连接心跳包处理：	2017-01-04 15:43:53	维持连接心跳包
接收：	2017-01-04 15:44:08	维持连接心跳包处理：	2017-01-04 15:44:08	维持连接心跳包
接收：	2017-01-04 15:44:23	维持连接心跳包处理：	2017-01-04 15:44:23	维持连接心跳包
接收：	2017-01-04 15:44:38	维持连接心跳包处理：	2017-01-04 15:44:38	维持连接心跳包
接收：	2017-01-04 15:44:53	维持连接心跳包处理：	2017-01-04 15:44:53	维持连接心跳包
接收：	2017-01-04 15:45:08	维持连接心跳包处理：	2017-01-04 15:45:08	维持连接心跳包
接收：	2017-01-04 15:45:23	维持连接心跳包处理：	2017-01-04 15:45:23	维持连接心跳包
接收：	2017-01-04 15:45:38	维持连接心跳包处理：	2017-01-04 15:45:38	维持连接心跳包
接收：	2017-01-04 15:45:53	维持连接心跳包处理：	2017-01-04 15:45:53	维持连接心跳包
接收：	2017-01-04 15:46:08	维持连接心跳包处理：	2017-01-04 15:46:08	维持连接心跳包
接收：	2017-01-04 15:46:23	维持连接心跳包处理：	2017-01-04 15:46:23	维持连接心跳包
接收：	2017-01-04 15:46:38	维持连接心跳包处理：	2017-01-04 15:46:38	维持连接心跳包
接收：	2017-01-04 15:46:53	维持连接心跳包处理：	2017-01-04 15:46:53	维持连接心跳包
接收：	2017-01-04 15:47:08	维持连接心跳包处理：	2017-01-04 15:47:08	维持连接心跳包
接收：	2017-01-04 15:47:23	维持连接心跳包处理：	2017-01-04 15:47:23	维持连接心跳包
接收：	2017-01-04 15:47:38	维持连接心跳包处理：	2017-01-04 15:47:38	维持连接心跳包
接收：	2017-01-04 15:47:53	维持连接心跳包处理：	2017-01-04 15:47:53	维持连接心跳包
接收：	2017-01-04 15:48:08	维持连接心跳包处理：	2017-01-04 15:48:08	维持连接心跳包
接收：	2017-01-04 15:48:23	维持连接心跳包处理：	2017-01-04 15:48:23	维持连接心跳包
接收：	2017-01-04 15:48:38	维持连接心跳包处理：	2017-01-04 15:48:38	维持连接心跳包
接收：	2017-01-04 15:48:53	维持连接心跳包处理：	2017-01-04 15:48:53	维持连接心跳包
接收：	2017-01-04 15:49:08	维持连接心跳包处理：	2017-01-04 15:49:08	维持连接心跳包
接收：	2017-01-04 15:49:23	维持连接心跳包处理：	2017-01-04 15:49:23	维持连接心跳包
接收：	2017-01-04 15:49:38	维持连接心跳包处理：	2017-01-04 15:49:38	维持连接心跳包
接收：	NewsPusherModule.entity.PushInfo@3797aabb处理：	NewsPusherModule.entity.PushInfo@3797aabb
接收：	2017-01-04 15:49:54	维持连接心跳包处理：	2017-01-04 15:49:54	维持连接心跳包
接收：	2017-01-04 15:50:08	维持连接心跳包处理：	2017-01-04 15:50:08	维持连接心跳包
接收：	2017-01-04 15:50:23	维持连接心跳包处理：	2017-01-04 15:50:23	维持连接心跳包
接收：	2017-01-04 15:50:38	维持连接心跳包处理：	2017-01-04 15:50:38	维持连接心跳包
接收：	2017-01-04 15:50:53	维持连接心跳包处理：	2017-01-04 15:50:53	维持连接心跳包
接收：	2017-01-04 15:51:08	维持连接心跳包处理：	2017-01-04 15:51:08	维持连接心跳包
接收：	2017-01-04 15:51:23	维持连接心跳包处理：	2017-01-04 15:51:23	维持连接心跳包
接收：	2017-01-04 15:51:38	维持连接心跳包处理：	2017-01-04 15:51:38	维持连接心跳包
接收：	2017-01-04 15:51:53	维持连接心跳包处理：	2017-01-04 15:51:53	维持连接心跳包
接收：	2017-01-04 15:52:08	维持连接心跳包处理：	2017-01-04 15:52:09	维持连接心跳包
接收：	2017-01-04 15:52:23	维持连接心跳包处理：	2017-01-04 15:52:24	维持连接心跳包
接收：	2017-01-04 15:52:39	维持连接心跳包处理：	2017-01-04 15:52:39	维持连接心跳包
接收：	2017-01-04 15:52:54	维持连接心跳包处理：	2017-01-04 15:52:54	维持连接心跳包
接收：	2017-01-04 15:53:09	维持连接心跳包处理：	2017-01-04 15:53:09	维持连接心跳包
接收：	2017-01-04 15:53:24	维持连接心跳包处理：	2017-01-04 15:53:24	维持连接心跳包
接收：	2017-01-04 15:53:39	维持连接心跳包处理：	2017-01-04 15:53:39	维持连接心跳包
接收：	2017-01-04 15:53:54	维持连接心跳包处理：	2017-01-04 15:53:54	维持连接心跳包
接收：	2017-01-04 15:54:09	维持连接心跳包处理：	2017-01-04 15:54:09	维持连接心跳包
接收：	2017-01-04 15:54:24	维持连接心跳包处理：	2017-01-04 15:54:24	维持连接心跳包
接收：	2017-01-04 15:54:39	维持连接心跳包处理：	2017-01-04 15:54:39	维持连接心跳包
接收：	2017-01-04 15:54:54	维持连接心跳包处理：	2017-01-04 15:54:54	维持连接心跳包
接收：	2017-01-04 15:55:09	维持连接心跳包处理：	2017-01-04 15:55:09	维持连接心跳包
接收：	2017-01-04 15:55:24	维持连接心跳包处理：	2017-01-04 15:55:24	维持连接心跳包
接收：	2017-01-04 15:55:39	维持连接心跳包处理：	2017-01-04 15:55:39	维持连接心跳包
接收：	2017-01-04 15:55:54	维持连接心跳包处理：	2017-01-04 15:55:54	维持连接心跳包
接收：	2017-01-04 15:56:09	维持连接心跳包处理：	2017-01-04 15:56:09	维持连接心跳包
接收：	2017-01-04 15:56:24	维持连接心跳包处理：	2017-01-04 15:56:24	维持连接心跳包
接收：	2017-01-04 15:56:39	维持连接心跳包处理：	2017-01-04 15:56:39	维持连接心跳包
接收：	2017-01-04 15:56:54	维持连接心跳包处理：	2017-01-04 15:56:54	维持连接心跳包
接收：	2017-01-04 15:57:09	维持连接心跳包处理：	2017-01-04 15:57:09	维持连接心跳包
接收：	2017-01-04 15:57:24	维持连接心跳包处理：	2017-01-04 15:57:24	维持连接心跳包
接收：	2017-01-04 15:57:39	维持连接心跳包处理：	2017-01-04 15:57:39	维持连接心跳包
接收：	2017-01-04 15:57:54	维持连接心跳包处理：	2017-01-04 15:57:54	维持连接心跳包
接收：	2017-01-04 15:58:09	维持连接心跳包处理：	2017-01-04 15:58:09	维持连接心跳包
接收：	2017-01-04 15:58:24	维持连接心跳包处理：	2017-01-04 15:58:24	维持连接心跳包
接收：	2017-01-04 15:58:39	维持连接心跳包处理：	2017-01-04 15:58:39	维持连接心跳包
接收：	2017-01-04 15:58:54	维持连接心跳包处理：	2017-01-04 15:58:54	维持连接心跳包
接收：	2017-01-04 15:59:09	维持连接心跳包处理：	2017-01-04 15:59:09	维持连接心跳包
接收：	2017-01-04 15:59:24	维持连接心跳包处理：	2017-01-04 15:59:24	维持连接心跳包
接收：	2017-01-04 15:59:39	维持连接心跳包处理：	2017-01-04 15:59:39	维持连接心跳包
接收：	2017-01-04 15:59:54	维持连接心跳包处理：	2017-01-04 15:59:54	维持连接心跳包
接收：	2017-01-04 16:00:09	维持连接心跳包处理：	2017-01-04 16:00:09	维持连接心跳包
接收：	2017-01-04 16:00:24	维持连接心跳包处理：	2017-01-04 16:00:24	维持连接心跳包
接收：	2017-01-04 16:00:39	维持连接心跳包处理：	2017-01-04 16:00:39	维持连接心跳包
接收：	2017-01-04 16:00:54	维持连接心跳包处理：	2017-01-04 16:00:54	维持连接心跳包
接收：	2017-01-04 16:01:09	维持连接心跳包处理：	2017-01-04 16:01:09	维持连接心跳包
接收：	2017-01-04 16:01:24	维持连接心跳包处理：	2017-01-04 16:01:24	维持连接心跳包
接收：	2017-01-04 16:01:39	维持连接心跳包处理：	2017-01-04 16:01:39	维持连接心跳包
接收：	2017-01-04 16:01:54	维持连接心跳包处理：	2017-01-04 16:01:54	维持连接心跳包
接收：	2017-01-04 16:02:09	维持连接心跳包处理：	2017-01-04 16:02:09	维持连接心跳包
接收：	2017-01-04 16:02:24	维持连接心跳包处理：	2017-01-04 16:02:24	维持连接心跳包
接收：	2017-01-04 16:02:39	维持连接心跳包处理：	2017-01-04 16:02:39	维持连接心跳包
接收：	2017-01-04 16:02:54	维持连接心跳包处理：	2017-01-04 16:02:54	维持连接心跳包
接收：	2017-01-04 16:03:09	维持连接心跳包处理：	2017-01-04 16:03:09	维持连接心跳包
接收：	2017-01-04 16:03:24	维持连接心跳包处理：	2017-01-04 16:03:24	维持连接心跳包
接收：	2017-01-04 16:03:39	维持连接心跳包处理：	2017-01-04 16:03:39	维持连接心跳包
接收：	2017-01-04 16:03:54	维持连接心跳包处理：	2017-01-04 16:03:54	维持连接心跳包
接收：	2017-01-04 16:04:09	维持连接心跳包处理：	2017-01-04 16:04:09	维持连接心跳包
接收：	2017-01-04 16:04:24	维持连接心跳包处理：	2017-01-04 16:04:24	维持连接心跳包
接收：	2017-01-04 16:04:39	维持连接心跳包处理：	2017-01-04 16:04:39	维持连接心跳包
接收：	2017-01-04 16:04:54	维持连接心跳包处理：	2017-01-04 16:04:54	维持连接心跳包
接收：	2017-01-04 16:05:09	维持连接心跳包处理：	2017-01-04 16:05:09	维持连接心跳包
接收：	2017-01-04 16:05:24	维持连接心跳包处理：	2017-01-04 16:05:24	维持连接心跳包
接收：	2017-01-04 16:05:39	维持连接心跳包处理：	2017-01-04 16:05:39	维持连接心跳包
接收：	2017-01-04 16:05:54	维持连接心跳包处理：	2017-01-04 16:05:54	维持连接心跳包
接收：	2017-01-04 16:06:09	维持连接心跳包处理：	2017-01-04 16:06:09	维持连接心跳包
接收：	2017-01-04 16:06:24	维持连接心跳包处理：	2017-01-04 16:06:24	维持连接心跳包
接收：	2017-01-04 16:06:39	维持连接心跳包处理：	2017-01-04 16:06:39	维持连接心跳包
接收：	2017-01-04 16:06:54	维持连接心跳包处理：	2017-01-04 16:06:54	维持连接心跳包
接收：	2017-01-04 16:07:09	维持连接心跳包处理：	2017-01-04 16:07:09	维持连接心跳包
接收：	2017-01-04 16:07:24	维持连接心跳包处理：	2017-01-04 16:07:24	维持连接心跳包
接收：	2017-01-04 16:07:39	维持连接心跳包处理：	2017-01-04 16:07:39	维持连接心跳包
接收：	2017-01-04 16:07:54	维持连接心跳包处理：	2017-01-04 16:07:54	维持连接心跳包
接收：	2017-01-04 16:08:09	维持连接心跳包处理：	2017-01-04 16:08:09	维持连接心跳包
接收：	2017-01-04 16:08:24	维持连接心跳包处理：	2017-01-04 16:08:25	维持连接心跳包
接收：	2017-01-04 16:08:40	维持连接心跳包处理：	2017-01-04 16:08:40	维持连接心跳包
接收：	2017-01-04 16:08:55	维持连接心跳包处理：	2017-01-04 16:08:55	维持连接心跳包
接收：	2017-01-04 16:09:10	维持连接心跳包处理：	2017-01-04 16:09:10	维持连接心跳包
接收：	2017-01-04 16:09:25	维持连接心跳包处理：	2017-01-04 16:09:25	维持连接心跳包
接收：	2017-01-04 16:09:40	维持连接心跳包处理：	2017-01-04 16:09:40	维持连接心跳包
接收：	2017-01-04 16:09:55	维持连接心跳包处理：	2017-01-04 16:09:55	维持连接心跳包
接收：	2017-01-04 16:10:10	维持连接心跳包处理：	2017-01-04 16:10:10	维持连接心跳包
接收：	2017-01-04 16:10:25	维持连接心跳包处理：	2017-01-04 16:10:25	维持连接心跳包
接收：	2017-01-04 16:10:40	维持连接心跳包处理：	2017-01-04 16:10:40	维持连接心跳包
接收：	2017-01-04 16:10:55	维持连接心跳包处理：	2017-01-04 16:10:55	维持连接心跳包
接收：	2017-01-04 16:11:10	维持连接心跳包处理：	2017-01-04 16:11:10	维持连接心跳包
接收：	2017-01-04 16:11:25	维持连接心跳包处理：	2017-01-04 16:11:25	维持连接心跳包
接收：	2017-01-04 16:11:40	维持连接心跳包处理：	2017-01-04 16:11:40	维持连接心跳包
接收：	2017-01-04 16:11:55	维持连接心跳包处理：	2017-01-04 16:11:55	维持连接心跳包
接收：	2017-01-04 16:12:10	维持连接心跳包处理：	2017-01-04 16:12:10	维持连接心跳包
接收：	2017-01-04 16:12:25	维持连接心跳包处理：	2017-01-04 16:12:25	维持连接心跳包
接收：	2017-01-04 16:12:40	维持连接心跳包处理：	2017-01-04 16:12:40	维持连接心跳包
接收：	2017-01-04 16:12:55	维持连接心跳包处理：	2017-01-04 16:12:55	维持连接心跳包
接收：	2017-01-04 16:13:10	维持连接心跳包处理：	2017-01-04 16:13:10	维持连接心跳包
接收：	2017-01-04 16:13:25	维持连接心跳包处理：	2017-01-04 16:13:25	维持连接心跳包
接收：	2017-01-04 16:13:40	维持连接心跳包处理：	2017-01-04 16:13:40	维持连接心跳包
接收：	2017-01-04 16:13:55	维持连接心跳包处理：	2017-01-04 16:13:55	维持连接心跳包
接收：	2017-01-04 16:14:10	维持连接心跳包处理：	2017-01-04 16:14:10	维持连接心跳包
接收：	2017-01-04 16:14:25	维持连接心跳包处理：	2017-01-04 16:14:25	维持连接心跳包
接收：	2017-01-04 16:14:40	维持连接心跳包处理：	2017-01-04 16:14:40	维持连接心跳包
接收：	2017-01-04 16:14:55	维持连接心跳包处理：	2017-01-04 16:14:55	维持连接心跳包
接收：	2017-01-04 16:15:10	维持连接心跳包处理：	2017-01-04 16:15:10	维持连接心跳包
接收：	2017-01-04 16:15:25	维持连接心跳包处理：	2017-01-04 16:15:25	维持连接心跳包
接收：	2017-01-04 16:15:40	维持连接心跳包处理：	2017-01-04 16:15:40	维持连接心跳包
接收：	2017-01-04 16:15:55	维持连接心跳包处理：	2017-01-04 16:15:55	维持连接心跳包
接收：	2017-01-04 16:16:10	维持连接心跳包处理：	2017-01-04 16:16:10	维持连接心跳包
接收：	2017-01-04 16:16:26	维持连接心跳包处理：	2017-01-04 16:16:26	维持连接心跳包
接收：	2017-01-04 16:16:41	维持连接心跳包处理：	2017-01-04 16:16:41	维持连接心跳包
接收：	2017-01-04 16:16:56	维持连接心跳包处理：	2017-01-04 16:16:56	维持连接心跳包
接收：	2017-01-04 16:17:11	维持连接心跳包处理：	2017-01-04 16:17:11	维持连接心跳包
接收：	2017-01-04 16:17:26	维持连接心跳包处理：	2017-01-04 16:17:26	维持连接心跳包
接收：	2017-01-04 16:17:41	维持连接心跳包处理：	2017-01-04 16:17:41	维持连接心跳包
接收：	2017-01-04 16:17:56	维持连接心跳包处理：	2017-01-04 16:17:56	维持连接心跳包
接收：	2017-01-04 16:18:11	维持连接心跳包处理：	2017-01-04 16:18:11	维持连接心跳包
接收：	2017-01-04 16:18:26	维持连接心跳包处理：	2017-01-04 16:18:26	维持连接心跳包
接收：	2017-01-04 16:18:41	维持连接心跳包处理：	2017-01-04 16:18:41	维持连接心跳包
接收：	2017-01-04 16:18:56	维持连接心跳包处理：	2017-01-04 16:18:56	维持连接心跳包
接收：	2017-01-04 16:19:11	维持连接心跳包处理：	2017-01-04 16:19:11	维持连接心跳包
接收：	2017-01-04 16:19:26	维持连接心跳包处理：	2017-01-04 16:19:26	维持连接心跳包
接收：	2017-01-04 16:19:41	维持连接心跳包处理：	2017-01-04 16:19:41	维持连接心跳包
接收：	2017-01-04 16:19:56	维持连接心跳包处理：	2017-01-04 16:19:56	维持连接心跳包
接收：	2017-01-04 16:20:11	维持连接心跳包处理：	2017-01-04 16:20:11	维持连接心跳包
接收：	2017-01-04 16:20:26	维持连接心跳包处理：	2017-01-04 16:20:26	维持连接心跳包
接收：	2017-01-04 16:20:41	维持连接心跳包处理：	2017-01-04 16:20:41	维持连接心跳包
接收：	2017-01-04 16:20:56	维持连接心跳包处理：	2017-01-04 16:20:56	维持连接心跳包
接收：	2017-01-04 16:21:11	维持连接心跳包处理：	2017-01-04 16:21:11	维持连接心跳包
接收：	2017-01-04 16:21:26	维持连接心跳包处理：	2017-01-04 16:21:26	维持连接心跳包
接收：	2017-01-04 16:21:41	维持连接心跳包处理：	2017-01-04 16:21:41	维持连接心跳包
接收：	2017-01-04 16:21:56	维持连接心跳包处理：	2017-01-04 16:21:56	维持连接心跳包
接收：	2017-01-04 16:22:11	维持连接心跳包处理：	2017-01-04 16:22:11	维持连接心跳包
接收：	2017-01-04 16:22:26	维持连接心跳包处理：	2017-01-04 16:22:26	维持连接心跳包
接收：	2017-01-04 16:22:41	维持连接心跳包处理：	2017-01-04 16:22:41	维持连接心跳包
接收：	2017-01-04 16:22:56	维持连接心跳包处理：	2017-01-04 16:22:56	维持连接心跳包
接收：	2017-01-04 16:23:11	维持连接心跳包处理：	2017-01-04 16:23:11	维持连接心跳包
接收：	2017-01-04 16:23:26	维持连接心跳包处理：	2017-01-04 16:23:26	维持连接心跳包
接收：	2017-01-04 16:23:41	维持连接心跳包处理：	2017-01-04 16:23:41	维持连接心跳包
接收：	2017-01-04 16:23:56	维持连接心跳包处理：	2017-01-04 16:23:56	维持连接心跳包
接收：	2017-01-04 16:24:11	维持连接心跳包处理：	2017-01-04 16:24:11	维持连接心跳包
接收：	2017-01-04 16:24:26	维持连接心跳包处理：	2017-01-04 16:24:26	维持连接心跳包
接收：	2017-01-04 16:24:41	维持连接心跳包处理：	2017-01-04 16:24:41	维持连接心跳包
接收：	2017-01-04 16:24:56	维持连接心跳包处理：	2017-01-04 16:24:56	维持连接心跳包
接收：	2017-01-04 16:25:11	维持连接心跳包处理：	2017-01-04 16:25:11	维持连接心跳包
接收：	2017-01-04 16:25:26	维持连接心跳包处理：	2017-01-04 16:25:26	维持连接心跳包
接收：	2017-01-04 16:25:41	维持连接心跳包处理：	2017-01-04 16:25:41	维持连接心跳包
接收：	2017-01-04 16:25:56	维持连接心跳包处理：	2017-01-04 16:25:56	维持连接心跳包
接收：	2017-01-04 16:26:11	维持连接心跳包处理：	2017-01-04 16:26:11	维持连接心跳包
接收：	2017-01-04 16:26:26	维持连接心跳包处理：	2017-01-04 16:26:26	维持连接心跳包
接收：	2017-01-04 16:26:41	维持连接心跳包处理：	2017-01-04 16:26:41	维持连接心跳包
接收：	2017-01-04 16:26:56	维持连接心跳包处理：	2017-01-04 16:26:56	维持连接心跳包
接收：	2017-01-04 16:27:11	维持连接心跳包处理：	2017-01-04 16:27:11	维持连接心跳包
接收：	2017-01-04 16:27:26	维持连接心跳包处理：	2017-01-04 16:27:26	维持连接心跳包
接收：	2017-01-04 16:27:41	维持连接心跳包处理：	2017-01-04 16:27:41	维持连接心跳包
接收：	2017-01-04 16:27:56	维持连接心跳包处理：	2017-01-04 16:27:56	维持连接心跳包
接收：	2017-01-04 16:28:11	维持连接心跳包处理：	2017-01-04 16:28:11	维持连接心跳包
接收：	2017-01-04 16:28:26	维持连接心跳包处理：	2017-01-04 16:28:26	维持连接心跳包
接收：	2017-01-04 16:28:41	维持连接心跳包处理：	2017-01-04 16:28:41	维持连接心跳包
接收：	2017-01-04 16:28:56	维持连接心跳包处理：	2017-01-04 16:28:56	维持连接心跳包
接收：	2017-01-04 16:29:11	维持连接心跳包处理：	2017-01-04 16:29:11	维持连接心跳包
接收：	2017-01-04 16:29:26	维持连接心跳包处理：	2017-01-04 16:29:26	维持连接心跳包
接收：	2017-01-04 16:29:41	维持连接心跳包处理：	2017-01-04 16:29:42	维持连接心跳包
接收：	2017-01-04 16:29:57	维持连接心跳包处理：	2017-01-04 16:29:57	维持连接心跳包
接收：	2017-01-04 16:30:12	维持连接心跳包处理：	2017-01-04 16:30:12	维持连接心跳包
接收：	2017-01-04 16:30:27	维持连接心跳包处理：	2017-01-04 16:30:27	维持连接心跳包
接收：	2017-01-04 16:30:42	维持连接心跳包处理：	2017-01-04 16:30:42	维持连接心跳包
接收：	2017-01-04 16:30:57	维持连接心跳包处理：	2017-01-04 16:30:57	维持连接心跳包
接收：	2017-01-04 16:31:12	维持连接心跳包处理：	2017-01-04 16:31:12	维持连接心跳包
接收：	2017-01-04 16:31:27	维持连接心跳包处理：	2017-01-04 16:31:27	维持连接心跳包
接收：	2017-01-04 16:31:42	维持连接心跳包处理：	2017-01-04 16:31:42	维持连接心跳包
接收：	2017-01-04 16:31:57	维持连接心跳包处理：	2017-01-04 16:31:57	维持连接心跳包
接收：	2017-01-04 16:32:12	维持连接心跳包处理：	2017-01-04 16:32:12	维持连接心跳包
接收：	2017-01-04 16:32:27	维持连接心跳包处理：	2017-01-04 16:32:27	维持连接心跳包
接收：	2017-01-04 16:32:42	维持连接心跳包处理：	2017-01-04 16:32:42	维持连接心跳包
接收：	2017-01-04 16:32:57	维持连接心跳包处理：	2017-01-04 16:32:57	维持连接心跳包
接收：	2017-01-04 16:33:12	维持连接心跳包处理：	2017-01-04 16:33:12	维持连接心跳包
接收：	2017-01-04 16:33:27	维持连接心跳包处理：	2017-01-04 16:33:27	维持连接心跳包
接收：	2017-01-04 16:33:43	维持连接心跳包处理：	2017-01-04 16:33:43	维持连接心跳包
接收：	2017-01-04 16:33:57	维持连接心跳包处理：	2017-01-04 16:33:57	维持连接心跳包
接收：	2017-01-04 16:34:12	维持连接心跳包处理：	2017-01-04 16:34:12	维持连接心跳包
接收：	2017-01-04 16:34:27	维持连接心跳包处理：	2017-01-04 16:34:27	维持连接心跳包
接收：	2017-01-04 16:34:42	维持连接心跳包处理：	2017-01-04 16:34:42	维持连接心跳包
接收：	2017-01-04 16:34:57	维持连接心跳包处理：	2017-01-04 16:34:57	维持连接心跳包
接收：	2017-01-04 16:35:12	维持连接心跳包处理：	2017-01-04 16:35:12	维持连接心跳包
接收：	2017-01-04 16:35:27	维持连接心跳包处理：	2017-01-04 16:35:27	维持连接心跳包
接收：	2017-01-04 16:35:42	维持连接心跳包处理：	2017-01-04 16:35:42	维持连接心跳包
接收：	2017-01-04 16:35:57	维持连接心跳包处理：	2017-01-04 16:35:57	维持连接心跳包
接收：	2017-01-04 16:36:12	维持连接心跳包处理：	2017-01-04 16:36:12	维持连接心跳包
接收：	2017-01-04 16:36:27	维持连接心跳包处理：	2017-01-04 16:36:27	维持连接心跳包
接收：	2017-01-04 16:36:42	维持连接心跳包处理：	2017-01-04 16:36:42	维持连接心跳包
接收：	2017-01-04 16:36:57	维持连接心跳包处理：	2017-01-04 16:36:57	维持连接心跳包
接收：	2017-01-04 16:37:12	维持连接心跳包处理：	2017-01-04 16:37:12	维持连接心跳包
接收：	2017-01-04 16:37:27	维持连接心跳包处理：	2017-01-04 16:37:27	维持连接心跳包
接收：	2017-01-04 16:37:43	维持连接心跳包处理：	2017-01-04 16:37:43	维持连接心跳包
接收：	2017-01-04 16:37:58	维持连接心跳包处理：	2017-01-04 16:37:58	维持连接心跳包
接收：	2017-01-04 16:38:13	维持连接心跳包处理：	2017-01-04 16:38:13	维持连接心跳包
接收：	2017-01-04 16:38:28	维持连接心跳包处理：	2017-01-04 16:38:28	维持连接心跳包
接收：	2017-01-04 16:38:43	维持连接心跳包处理：	2017-01-04 16:38:43	维持连接心跳包
接收：	2017-01-04 16:38:58	维持连接心跳包处理：	2017-01-04 16:38:58	维持连接心跳包
接收：	2017-01-04 16:39:13	维持连接心跳包处理：	2017-01-04 16:39:13	维持连接心跳包
接收：	2017-01-04 16:39:28	维持连接心跳包处理：	2017-01-04 16:39:28	维持连接心跳包
接收：	2017-01-04 16:39:43	维持连接心跳包处理：	2017-01-04 16:39:43	维持连接心跳包
接收：	2017-01-04 16:39:58	维持连接心跳包处理：	2017-01-04 16:39:58	维持连接心跳包
接收：	2017-01-04 16:40:13	维持连接心跳包处理：	2017-01-04 16:40:13	维持连接心跳包
接收：	2017-01-04 16:40:28	维持连接心跳包处理：	2017-01-04 16:40:28	维持连接心跳包
接收：	2017-01-04 16:40:43	维持连接心跳包处理：	2017-01-04 16:40:43	维持连接心跳包
接收：	2017-01-04 16:40:58	维持连接心跳包处理：	2017-01-04 16:40:58	维持连接心跳包
接收：	2017-01-04 16:41:13	维持连接心跳包处理：	2017-01-04 16:41:13	维持连接心跳包
接收：	2017-01-04 16:41:28	维持连接心跳包处理：	2017-01-04 16:41:28	维持连接心跳包
接收：	2017-01-04 16:41:43	维持连接心跳包处理：	2017-01-04 16:41:43	维持连接心跳包
接收：	2017-01-04 16:41:58	维持连接心跳包处理：	2017-01-04 16:41:58	维持连接心跳包
接收：	2017-01-04 16:42:13	维持连接心跳包处理：	2017-01-04 16:42:13	维持连接心跳包
接收：	2017-01-04 16:42:28	维持连接心跳包处理：	2017-01-04 16:42:28	维持连接心跳包
接收：	2017-01-04 16:42:43	维持连接心跳包处理：	2017-01-04 16:42:43	维持连接心跳包
接收：	2017-01-04 16:42:58	维持连接心跳包处理：	2017-01-04 16:42:58	维持连接心跳包
接收：	2017-01-04 16:43:13	维持连接心跳包处理：	2017-01-04 16:43:13	维持连接心跳包
接收：	2017-01-04 16:43:28	维持连接心跳包处理：	2017-01-04 16:43:28	维持连接心跳包
接收：	2017-01-04 16:43:43	维持连接心跳包处理：	2017-01-04 16:43:43	维持连接心跳包
接收：	2017-01-04 16:43:58	维持连接心跳包处理：	2017-01-04 16:43:58	维持连接心跳包
接收：	2017-01-04 16:44:13	维持连接心跳包处理：	2017-01-04 16:44:13	维持连接心跳包
接收：	2017-01-04 16:44:28	维持连接心跳包处理：	2017-01-04 16:44:28	维持连接心跳包
接收：	2017-01-04 16:44:43	维持连接心跳包处理：	2017-01-04 16:44:43	维持连接心跳包
接收：	2017-01-04 16:44:58	维持连接心跳包处理：	2017-01-04 16:44:58	维持连接心跳包
接收：	2017-01-04 16:45:13	维持连接心跳包处理：	2017-01-04 16:45:13	维持连接心跳包
接收：	2017-01-04 16:45:28	维持连接心跳包处理：	2017-01-04 16:45:28	维持连接心跳包
接收：	2017-01-04 16:45:43	维持连接心跳包处理：	2017-01-04 16:45:43	维持连接心跳包
接收：	2017-01-04 16:45:58	维持连接心跳包处理：	2017-01-04 16:45:58	维持连接心跳包
接收：	2017-01-04 16:46:13	维持连接心跳包处理：	2017-01-04 16:46:13	维持连接心跳包
接收：	2017-01-04 16:46:28	维持连接心跳包处理：	2017-01-04 16:46:28	维持连接心跳包
接收：	2017-01-04 16:46:43	维持连接心跳包处理：	2017-01-04 16:46:43	维持连接心跳包
接收：	2017-01-04 16:46:58	维持连接心跳包处理：	2017-01-04 16:46:58	维持连接心跳包
接收：	2017-01-04 16:47:13	维持连接心跳包处理：	2017-01-04 16:47:14	维持连接心跳包
接收：	2017-01-04 16:47:28	维持连接心跳包处理：	2017-01-04 16:47:29	维持连接心跳包
接收：	2017-01-04 16:47:44	维持连接心跳包处理：	2017-01-04 16:47:44	维持连接心跳包
接收：	2017-01-04 16:47:59	维持连接心跳包处理：	2017-01-04 16:47:59	维持连接心跳包
接收：	2017-01-04 16:48:14	维持连接心跳包处理：	2017-01-04 16:48:14	维持连接心跳包
接收：	2017-01-04 16:48:29	维持连接心跳包处理：	2017-01-04 16:48:29	维持连接心跳包
接收：	2017-01-04 16:48:44	维持连接心跳包处理：	2017-01-04 16:48:44	维持连接心跳包
接收：	NewsPusherModule.entity.PushInfo@73ea22da处理：	NewsPusherModule.entity.PushInfo@73ea22da
接收：	2017-01-04 16:48:59	维持连接心跳包处理：	2017-01-04 16:48:59	维持连接心跳包
接收：	2017-01-04 16:49:14	维持连接心跳包处理：	2017-01-04 16:49:14	维持连接心跳包
接收：	2017-01-04 16:49:29	维持连接心跳包处理：	2017-01-04 16:49:29	维持连接心跳包
接收：	2017-01-04 16:49:44	维持连接心跳包处理：	2017-01-04 16:49:44	维持连接心跳包
接收：	2017-01-04 16:49:59	维持连接心跳包处理：	2017-01-04 16:49:59	维持连接心跳包
接收：	2017-01-04 16:50:14	维持连接心跳包处理：	2017-01-04 16:50:14	维持连接心跳包
接收：	2017-01-04 16:50:29	维持连接心跳包处理：	2017-01-04 16:50:29	维持连接心跳包
接收：	2017-01-04 16:50:44	维持连接心跳包处理：	2017-01-04 16:50:44	维持连接心跳包
接收：	2017-01-04 16:50:59	维持连接心跳包处理：	2017-01-04 16:50:59	维持连接心跳包
接收：	2017-01-04 16:51:14	维持连接心跳包处理：	2017-01-04 16:51:14	维持连接心跳包
接收：	2017-01-04 16:51:29	维持连接心跳包处理：	2017-01-04 16:51:29	维持连接心跳包
接收：	2017-01-04 16:51:44	维持连接心跳包处理：	2017-01-04 16:51:44	维持连接心跳包
接收：	2017-01-04 16:51:59	维持连接心跳包处理：	2017-01-04 16:51:59	维持连接心跳包
接收：	2017-01-04 16:52:14	维持连接心跳包处理：	2017-01-04 16:52:14	维持连接心跳包
接收：	2017-01-04 16:52:29	维持连接心跳包处理：	2017-01-04 16:52:29	维持连接心跳包
接收：	2017-01-04 16:52:44	维持连接心跳包处理：	2017-01-04 16:52:44	维持连接心跳包
接收：	2017-01-04 16:52:59	维持连接心跳包处理：	2017-01-04 16:52:59	维持连接心跳包
接收：	2017-01-04 16:53:14	维持连接心跳包处理：	2017-01-04 16:53:14	维持连接心跳包
接收：	2017-01-04 16:53:29	维持连接心跳包处理：	2017-01-04 16:53:29	维持连接心跳包
接收：	2017-01-04 16:53:44	维持连接心跳包处理：	2017-01-04 16:53:44	维持连接心跳包
接收：	2017-01-04 16:53:59	维持连接心跳包处理：	2017-01-04 16:53:59	维持连接心跳包
接收：	2017-01-04 16:54:14	维持连接心跳包处理：	2017-01-04 16:54:14	维持连接心跳包
接收：	2017-01-04 16:54:29	维持连接心跳包处理：	2017-01-04 16:54:29	维持连接心跳包
接收：	2017-01-04 16:54:44	维持连接心跳包处理：	2017-01-04 16:54:44	维持连接心跳包
接收：	2017-01-04 16:54:59	维持连接心跳包处理：	2017-01-04 16:54:59	维持连接心跳包
接收：	2017-01-04 16:55:14	维持连接心跳包处理：	2017-01-04 16:55:14	维持连接心跳包
接收：	2017-01-04 16:55:29	维持连接心跳包处理：	2017-01-04 16:55:29	维持连接心跳包
接收：	2017-01-04 16:55:44	维持连接心跳包处理：	2017-01-04 16:55:44	维持连接心跳包
接收：	2017-01-04 16:55:59	维持连接心跳包处理：	2017-01-04 16:55:59	维持连接心跳包
接收：	2017-01-04 16:56:14	维持连接心跳包处理：	2017-01-04 16:56:14	维持连接心跳包
接收：	2017-01-04 16:56:29	维持连接心跳包处理：	2017-01-04 16:56:29	维持连接心跳包
接收：	2017-01-04 16:56:44	维持连接心跳包处理：	2017-01-04 16:56:44	维持连接心跳包
接收：	2017-01-04 16:57:00	维持连接心跳包处理：	2017-01-04 16:57:00	维持连接心跳包
接收：	2017-01-04 16:57:15	维持连接心跳包处理：	2017-01-04 16:57:15	维持连接心跳包
接收：	2017-01-04 16:57:30	维持连接心跳包处理：	2017-01-04 16:57:30	维持连接心跳包
接收：	2017-01-04 16:57:45	维持连接心跳包处理：	2017-01-04 16:57:45	维持连接心跳包
接收：	2017-01-04 16:58:00	维持连接心跳包处理：	2017-01-04 16:58:00	维持连接心跳包
接收：	2017-01-04 16:58:15	维持连接心跳包处理：	2017-01-04 16:58:15	维持连接心跳包
接收：	2017-01-04 16:58:30	维持连接心跳包处理：	2017-01-04 16:58:30	维持连接心跳包
接收：	2017-01-04 16:58:45	维持连接心跳包处理：	2017-01-04 16:58:45	维持连接心跳包
接收：	2017-01-04 16:59:00	维持连接心跳包处理：	2017-01-04 16:59:00	维持连接心跳包
接收：	2017-01-04 16:59:15	维持连接心跳包处理：	2017-01-04 16:59:15	维持连接心跳包
接收：	2017-01-04 16:59:30	维持连接心跳包处理：	2017-01-04 16:59:30	维持连接心跳包
接收：	2017-01-04 16:59:45	维持连接心跳包处理：	2017-01-04 16:59:45	维持连接心跳包
接收：	2017-01-04 17:00:00	维持连接心跳包处理：	2017-01-04 17:00:00	维持连接心跳包
接收：	2017-01-04 17:00:15	维持连接心跳包处理：	2017-01-04 17:00:15	维持连接心跳包
接收：	2017-01-04 17:00:30	维持连接心跳包处理：	2017-01-04 17:00:30	维持连接心跳包
接收：	2017-01-04 17:00:45	维持连接心跳包处理：	2017-01-04 17:00:45	维持连接心跳包
接收：	2017-01-04 17:01:00	维持连接心跳包处理：	2017-01-04 17:01:00	维持连接心跳包
接收：	2017-01-04 17:01:15	维持连接心跳包处理：	2017-01-04 17:01:15	维持连接心跳包
接收：	2017-01-04 17:01:30	维持连接心跳包处理：	2017-01-04 17:01:30	维持连接心跳包
接收：	2017-01-04 17:01:45	维持连接心跳包处理：	2017-01-04 17:01:45	维持连接心跳包
接收：	2017-01-04 17:02:00	维持连接心跳包处理：	2017-01-04 17:02:00	维持连接心跳包
接收：	2017-01-04 17:02:15	维持连接心跳包处理：	2017-01-04 17:02:15	维持连接心跳包
接收：	2017-01-04 17:02:30	维持连接心跳包处理：	2017-01-04 17:02:30	维持连接心跳包
接收：	2017-01-04 17:02:45	维持连接心跳包处理：	2017-01-04 17:02:45	维持连接心跳包
接收：	2017-01-04 17:03:00	维持连接心跳包处理：	2017-01-04 17:03:00	维持连接心跳包
接收：	2017-01-04 17:03:15	维持连接心跳包处理：	2017-01-04 17:03:15	维持连接心跳包
接收：	2017-01-04 17:03:30	维持连接心跳包处理：	2017-01-04 17:03:30	维持连接心跳包
接收：	2017-01-04 17:03:45	维持连接心跳包处理：	2017-01-04 17:03:45	维持连接心跳包
接收：	2017-01-04 17:04:00	维持连接心跳包处理：	2017-01-04 17:04:00	维持连接心跳包
接收：	2017-01-04 17:04:15	维持连接心跳包处理：	2017-01-04 17:04:15	维持连接心跳包
接收：	2017-01-04 17:04:30	维持连接心跳包处理：	2017-01-04 17:04:30	维持连接心跳包
接收：	2017-01-04 17:04:45	维持连接心跳包处理：	2017-01-04 17:04:45	维持连接心跳包
接收：	2017-01-04 17:05:00	维持连接心跳包处理：	2017-01-04 17:05:00	维持连接心跳包
接收：	2017-01-04 17:05:15	维持连接心跳包处理：	2017-01-04 17:05:15	维持连接心跳包
接收：	2017-01-04 17:05:30	维持连接心跳包处理：	2017-01-04 17:05:30	维持连接心跳包
接收：	2017-01-04 17:05:45	维持连接心跳包处理：	2017-01-04 17:05:45	维持连接心跳包
接收：	2017-01-04 17:06:00	维持连接心跳包处理：	2017-01-04 17:06:00	维持连接心跳包
接收：	2017-01-04 17:06:15	维持连接心跳包处理：	2017-01-04 17:06:15	维持连接心跳包
接收：	2017-01-04 17:06:30	维持连接心跳包处理：	2017-01-04 17:06:30	维持连接心跳包
接收：	2017-01-04 17:06:45	维持连接心跳包处理：	2017-01-04 17:06:45	维持连接心跳包
接收：	2017-01-04 17:07:00	维持连接心跳包处理：	2017-01-04 17:07:00	维持连接心跳包
接收：	2017-01-04 17:07:15	维持连接心跳包处理：	2017-01-04 17:07:15	维持连接心跳包
接收：	2017-01-04 17:07:30	维持连接心跳包处理：	2017-01-04 17:07:30	维持连接心跳包
接收：	2017-01-04 17:07:45	维持连接心跳包处理：	2017-01-04 17:07:45	维持连接心跳包
接收：	2017-01-04 17:08:00	维持连接心跳包处理：	2017-01-04 17:08:00	维持连接心跳包
接收：	2017-01-04 17:08:15	维持连接心跳包处理：	2017-01-04 17:08:15	维持连接心跳包
接收：	2017-01-04 17:08:30	维持连接心跳包处理：	2017-01-04 17:08:30	维持连接心跳包
接收：	2017-01-04 17:08:45	维持连接心跳包处理：	2017-01-04 17:08:45	维持连接心跳包
接收：	2017-01-04 17:09:00	维持连接心跳包处理：	2017-01-04 17:09:00	维持连接心跳包
接收：	2017-01-04 17:09:15	维持连接心跳包处理：	2017-01-04 17:09:15	维持连接心跳包
接收：	2017-01-04 17:09:30	维持连接心跳包处理：	2017-01-04 17:09:30	维持连接心跳包
接收：	2017-01-04 17:09:45	维持连接心跳包处理：	2017-01-04 17:09:45	维持连接心跳包
接收：	2017-01-04 17:10:00	维持连接心跳包处理：	2017-01-04 17:10:00	维持连接心跳包
接收：	2017-01-04 17:10:15	维持连接心跳包处理：	2017-01-04 17:10:15	维持连接心跳包
接收：	2017-01-04 17:10:30	维持连接心跳包处理：	2017-01-04 17:10:30	维持连接心跳包
接收：	2017-01-04 17:10:46	维持连接心跳包处理：	2017-01-04 17:10:46	维持连接心跳包
接收：	2017-01-04 17:11:01	维持连接心跳包处理：	2017-01-04 17:11:01	维持连接心跳包
接收：	2017-01-04 17:11:16	维持连接心跳包处理：	2017-01-04 17:11:16	维持连接心跳包
接收：	2017-01-04 17:11:31	维持连接心跳包处理：	2017-01-04 17:11:31	维持连接心跳包
接收：	2017-01-04 17:11:46	维持连接心跳包处理：	2017-01-04 17:11:46	维持连接心跳包
接收：	2017-01-04 17:12:01	维持连接心跳包处理：	2017-01-04 17:12:01	维持连接心跳包
接收：	2017-01-04 17:12:16	维持连接心跳包处理：	2017-01-04 17:12:16	维持连接心跳包
接收：	2017-01-04 17:12:31	维持连接心跳包处理：	2017-01-04 17:12:31	维持连接心跳包
接收：	2017-01-04 17:12:46	维持连接心跳包处理：	2017-01-04 17:12:46	维持连接心跳包
接收：	2017-01-04 17:13:01	维持连接心跳包处理：	2017-01-04 17:13:01	维持连接心跳包
接收：	2017-01-04 17:13:16	维持连接心跳包处理：	2017-01-04 17:13:16	维持连接心跳包
接收：	2017-01-04 17:13:31	维持连接心跳包处理：	2017-01-04 17:13:31	维持连接心跳包
接收：	2017-01-04 17:13:46	维持连接心跳包处理：	2017-01-04 17:13:46	维持连接心跳包
接收：	2017-01-04 17:14:01	维持连接心跳包处理：	2017-01-04 17:14:01	维持连接心跳包
接收：	2017-01-04 17:14:16	维持连接心跳包处理：	2017-01-04 17:14:16	维持连接心跳包
接收：	2017-01-04 17:14:31	维持连接心跳包处理：	2017-01-04 17:14:31	维持连接心跳包
接收：	2017-01-04 17:14:46	维持连接心跳包处理：	2017-01-04 17:14:46	维持连接心跳包
接收：	2017-01-04 17:15:01	维持连接心跳包处理：	2017-01-04 17:15:01	维持连接心跳包
接收：	2017-01-04 17:15:16	维持连接心跳包处理：	2017-01-04 17:15:16	维持连接心跳包
接收：	2017-01-04 17:15:31	维持连接心跳包处理：	2017-01-04 17:15:31	维持连接心跳包
接收：	2017-01-04 17:15:46	维持连接心跳包处理：	2017-01-04 17:15:46	维持连接心跳包
接收：	2017-01-04 17:16:01	维持连接心跳包处理：	2017-01-04 17:16:01	维持连接心跳包
接收：	2017-01-04 17:16:16	维持连接心跳包处理：	2017-01-04 17:16:16	维持连接心跳包
接收：	2017-01-04 17:16:31	维持连接心跳包处理：	2017-01-04 17:16:31	维持连接心跳包
接收：	2017-01-04 17:16:46	维持连接心跳包处理：	2017-01-04 17:16:46	维持连接心跳包
接收：	2017-01-04 17:17:01	维持连接心跳包处理：	2017-01-04 17:17:01	维持连接心跳包
接收：	2017-01-04 17:17:16	维持连接心跳包处理：	2017-01-04 17:17:16	维持连接心跳包
接收：	2017-01-04 17:17:31	维持连接心跳包处理：	2017-01-04 17:17:31	维持连接心跳包
接收：	2017-01-04 17:17:46	维持连接心跳包处理：	2017-01-04 17:17:46	维持连接心跳包
接收：	2017-01-04 17:18:01	维持连接心跳包处理：	2017-01-04 17:18:01	维持连接心跳包
接收：	2017-01-04 17:18:16	维持连接心跳包处理：	2017-01-04 17:18:16	维持连接心跳包
接收：	2017-01-04 17:18:31	维持连接心跳包处理：	2017-01-04 17:18:31	维持连接心跳包
接收：	2017-01-04 17:18:46	维持连接心跳包处理：	2017-01-04 17:18:46	维持连接心跳包
接收：	2017-01-04 17:19:01	维持连接心跳包处理：	2017-01-04 17:19:01	维持连接心跳包
接收：	2017-01-04 17:19:16	维持连接心跳包处理：	2017-01-04 17:19:16	维持连接心跳包
接收：	2017-01-04 17:19:31	维持连接心跳包处理：	2017-01-04 17:19:31	维持连接心跳包
接收：	2017-01-04 17:19:46	维持连接心跳包处理：	2017-01-04 17:19:46	维持连接心跳包
接收：	2017-01-04 17:20:01	维持连接心跳包处理：	2017-01-04 17:20:01	维持连接心跳包
接收：	2017-01-04 17:20:16	维持连接心跳包处理：	2017-01-04 17:20:16	维持连接心跳包
接收：	2017-01-04 17:20:31	维持连接心跳包处理：	2017-01-04 17:20:31	维持连接心跳包
接收：	2017-01-04 17:20:46	维持连接心跳包处理：	2017-01-04 17:20:46	维持连接心跳包
接收：	2017-01-04 17:21:01	维持连接心跳包处理：	2017-01-04 17:21:01	维持连接心跳包
接收：	2017-01-04 17:21:16	维持连接心跳包处理：	2017-01-04 17:21:16	维持连接心跳包
接收：	2017-01-04 17:21:31	维持连接心跳包处理：	2017-01-04 17:21:31	维持连接心跳包
接收：	2017-01-04 17:21:46	维持连接心跳包处理：	2017-01-04 17:21:46	维持连接心跳包
接收：	2017-01-04 17:22:01	维持连接心跳包处理：	2017-01-04 17:22:01	维持连接心跳包
接收：	2017-01-04 17:22:16	维持连接心跳包处理：	2017-01-04 17:22:16	维持连接心跳包
接收：	2017-01-04 17:22:31	维持连接心跳包处理：	2017-01-04 17:22:31	维持连接心跳包
接收：	2017-01-04 17:22:46	维持连接心跳包处理：	2017-01-04 17:22:46	维持连接心跳包
接收：	2017-01-04 17:23:02	维持连接心跳包处理：	2017-01-04 17:23:02	维持连接心跳包
接收：	2017-01-04 17:23:17	维持连接心跳包处理：	2017-01-04 17:23:17	维持连接心跳包
接收：	2017-01-04 17:23:32	维持连接心跳包处理：	2017-01-04 17:23:32	维持连接心跳包
接收：	2017-01-04 17:23:47	维持连接心跳包处理：	2017-01-04 17:23:47	维持连接心跳包
接收：	2017-01-04 17:24:02	维持连接心跳包处理：	2017-01-04 17:24:02	维持连接心跳包
接收：	2017-01-04 17:24:17	维持连接心跳包处理：	2017-01-04 17:24:17	维持连接心跳包
接收：	2017-01-04 17:24:32	维持连接心跳包处理：	2017-01-04 17:24:32	维持连接心跳包
接收：	2017-01-04 17:24:47	维持连接心跳包处理：	2017-01-04 17:24:47	维持连接心跳包
接收：	2017-01-04 17:25:02	维持连接心跳包处理：	2017-01-04 17:25:02	维持连接心跳包
接收：	2017-01-04 17:25:17	维持连接心跳包处理：	2017-01-04 17:25:17	维持连接心跳包
接收：	2017-01-04 17:25:32	维持连接心跳包处理：	2017-01-04 17:25:32	维持连接心跳包
接收：	2017-01-04 17:25:47	维持连接心跳包处理：	2017-01-04 17:25:47	维持连接心跳包
接收：	2017-01-04 17:26:02	维持连接心跳包处理：	2017-01-04 17:26:02	维持连接心跳包
接收：	2017-01-04 17:26:17	维持连接心跳包处理：	2017-01-04 17:26:17	维持连接心跳包
接收：	2017-01-04 17:26:32	维持连接心跳包处理：	2017-01-04 17:26:32	维持连接心跳包
接收：	2017-01-04 17:26:47	维持连接心跳包处理：	2017-01-04 17:26:47	维持连接心跳包
接收：	2017-01-04 17:27:02	维持连接心跳包处理：	2017-01-04 17:27:02	维持连接心跳包
接收：	2017-01-04 17:27:17	维持连接心跳包处理：	2017-01-04 17:27:17	维持连接心跳包
接收：	2017-01-04 17:27:32	维持连接心跳包处理：	2017-01-04 17:27:32	维持连接心跳包
接收：	2017-01-04 17:27:47	维持连接心跳包处理：	2017-01-04 17:27:47	维持连接心跳包
接收：	2017-01-04 17:28:02	维持连接心跳包处理：	2017-01-04 17:28:02	维持连接心跳包
接收：	2017-01-04 17:28:17	维持连接心跳包处理：	2017-01-04 17:28:17	维持连接心跳包
接收：	2017-01-04 17:28:32	维持连接心跳包处理：	2017-01-04 17:28:32	维持连接心跳包
接收：	2017-01-04 17:28:47	维持连接心跳包处理：	2017-01-04 17:28:47	维持连接心跳包
接收：	2017-01-04 17:29:02	维持连接心跳包处理：	2017-01-04 17:29:02	维持连接心跳包
接收：	2017-01-04 17:29:17	维持连接心跳包处理：	2017-01-04 17:29:17	维持连接心跳包
接收：	2017-01-04 17:29:32	维持连接心跳包处理：	2017-01-04 17:29:32	维持连接心跳包
接收：	2017-01-04 17:29:47	维持连接心跳包处理：	2017-01-04 17:29:47	维持连接心跳包
接收：	2017-01-04 17:30:02	维持连接心跳包处理：	2017-01-04 17:30:02	维持连接心跳包
接收：	2017-01-04 17:30:17	维持连接心跳包处理：	2017-01-04 17:30:17	维持连接心跳包
接收：	2017-01-04 17:30:32	维持连接心跳包处理：	2017-01-04 17:30:32	维持连接心跳包
接收：	2017-01-04 17:30:47	维持连接心跳包处理：	2017-01-04 17:30:47	维持连接心跳包
接收：	2017-01-04 17:31:02	维持连接心跳包处理：	2017-01-04 17:31:02	维持连接心跳包
接收：	2017-01-04 17:31:17	维持连接心跳包处理：	2017-01-04 17:31:17	维持连接心跳包
接收：	2017-01-04 17:31:32	维持连接心跳包处理：	2017-01-04 17:31:32	维持连接心跳包
接收：	2017-01-04 17:31:47	维持连接心跳包处理：	2017-01-04 17:31:47	维持连接心跳包
接收：	2017-01-04 17:32:02	维持连接心跳包处理：	2017-01-04 17:32:02	维持连接心跳包
接收：	2017-01-04 17:32:17	维持连接心跳包处理：	2017-01-04 17:32:17	维持连接心跳包
接收：	2017-01-04 17:32:32	维持连接心跳包处理：	2017-01-04 17:32:32	维持连接心跳包
接收：	2017-01-04 17:32:47	维持连接心跳包处理：	2017-01-04 17:32:47	维持连接心跳包
接收：	2017-01-04 17:33:02	维持连接心跳包处理：	2017-01-04 17:33:02	维持连接心跳包
接收：	2017-01-04 17:33:17	维持连接心跳包处理：	2017-01-04 17:33:17	维持连接心跳包
接收：	2017-01-04 17:33:32	维持连接心跳包处理：	2017-01-04 17:33:32	维持连接心跳包
接收：	2017-01-04 17:33:47	维持连接心跳包处理：	2017-01-04 17:33:47	维持连接心跳包
接收：	2017-01-04 17:34:02	维持连接心跳包处理：	2017-01-04 17:34:02	维持连接心跳包
接收：	2017-01-04 17:34:17	维持连接心跳包处理：	2017-01-04 17:34:17	维持连接心跳包
接收：	2017-01-04 17:34:32	维持连接心跳包处理：	2017-01-04 17:34:32	维持连接心跳包
接收：	2017-01-04 17:34:47	维持连接心跳包处理：	2017-01-04 17:34:47	维持连接心跳包
接收：	2017-01-04 17:35:02	维持连接心跳包处理：	2017-01-04 17:35:02	维持连接心跳包
接收：	2017-01-04 17:35:17	维持连接心跳包处理：	2017-01-04 17:35:17	维持连接心跳包
接收：	2017-01-04 17:35:32	维持连接心跳包处理：	2017-01-04 17:35:32	维持连接心跳包
接收：	2017-01-04 17:35:47	维持连接心跳包处理：	2017-01-04 17:35:47	维持连接心跳包
接收：	2017-01-04 17:36:02	维持连接心跳包处理：	2017-01-04 17:36:02	维持连接心跳包
接收：	2017-01-04 17:36:17	维持连接心跳包处理：	2017-01-04 17:36:17	维持连接心跳包
接收：	2017-01-04 17:36:32	维持连接心跳包处理：	2017-01-04 17:36:32	维持连接心跳包
接收：	2017-01-04 17:36:47	维持连接心跳包处理：	2017-01-04 17:36:47	维持连接心跳包
接收：	2017-01-04 17:37:02	维持连接心跳包处理：	2017-01-04 17:37:03	维持连接心跳包
接收：	2017-01-04 17:37:17	维持连接心跳包处理：	2017-01-04 17:37:18	维持连接心跳包
接收：	2017-01-04 17:37:33	维持连接心跳包处理：	2017-01-04 17:37:33	维持连接心跳包
接收：	2017-01-04 17:37:48	维持连接心跳包处理：	2017-01-04 17:37:48	维持连接心跳包
接收：	2017-01-04 17:38:03	维持连接心跳包处理：	2017-01-04 17:38:03	维持连接心跳包
接收：	2017-01-04 17:38:18	维持连接心跳包处理：	2017-01-04 17:38:18	维持连接心跳包
接收：	2017-01-04 17:38:33	维持连接心跳包处理：	2017-01-04 17:38:33	维持连接心跳包
接收：	2017-01-04 17:38:48	维持连接心跳包处理：	2017-01-04 17:38:48	维持连接心跳包
接收：	2017-01-04 17:39:03	维持连接心跳包处理：	2017-01-04 17:39:03	维持连接心跳包
接收：	2017-01-04 17:39:18	维持连接心跳包处理：	2017-01-04 17:39:18	维持连接心跳包
接收：	2017-01-04 17:39:33	维持连接心跳包处理：	2017-01-04 17:39:33	维持连接心跳包
接收：	2017-01-04 17:39:48	维持连接心跳包处理：	2017-01-04 17:39:48	维持连接心跳包
接收：	2017-01-04 17:40:03	维持连接心跳包处理：	2017-01-04 17:40:03	维持连接心跳包
接收：	2017-01-04 17:40:18	维持连接心跳包处理：	2017-01-04 17:40:18	维持连接心跳包
接收：	2017-01-04 17:40:33	维持连接心跳包处理：	2017-01-04 17:40:33	维持连接心跳包
接收：	2017-01-04 17:40:48	维持连接心跳包处理：	2017-01-04 17:40:48	维持连接心跳包
接收：	2017-01-04 17:41:03	维持连接心跳包处理：	2017-01-04 17:41:03	维持连接心跳包
接收：	2017-01-04 17:41:18	维持连接心跳包处理：	2017-01-04 17:41:18	维持连接心跳包
接收：	2017-01-04 17:41:33	维持连接心跳包处理：	2017-01-04 17:41:33	维持连接心跳包
接收：	2017-01-04 17:41:48	维持连接心跳包处理：	2017-01-04 17:41:48	维持连接心跳包
接收：	2017-01-04 17:42:03	维持连接心跳包处理：	2017-01-04 17:42:03	维持连接心跳包
接收：	2017-01-04 17:42:18	维持连接心跳包处理：	2017-01-04 17:42:18	维持连接心跳包
接收：	2017-01-04 17:42:33	维持连接心跳包处理：	2017-01-04 17:42:33	维持连接心跳包
接收：	2017-01-04 17:42:48	维持连接心跳包处理：	2017-01-04 17:42:48	维持连接心跳包
接收：	2017-01-04 17:43:03	维持连接心跳包处理：	2017-01-04 17:43:03	维持连接心跳包
接收：	2017-01-04 17:43:18	维持连接心跳包处理：	2017-01-04 17:43:18	维持连接心跳包
接收：	2017-01-04 17:43:33	维持连接心跳包处理：	2017-01-04 17:43:33	维持连接心跳包
接收：	2017-01-04 17:43:48	维持连接心跳包处理：	2017-01-04 17:43:48	维持连接心跳包
接收：	2017-01-04 17:44:03	维持连接心跳包处理：	2017-01-04 17:44:03	维持连接心跳包
接收：	NewsPusherModule.entity.PushInfo@5e0aeb48处理：	NewsPusherModule.entity.PushInfo@5e0aeb48
接收：	2017-01-04 17:44:18	维持连接心跳包处理：	2017-01-04 17:44:18	维持连接心跳包
接收：	2017-01-04 17:44:33	维持连接心跳包处理：	2017-01-04 17:44:33	维持连接心跳包
接收：	2017-01-04 17:44:48	维持连接心跳包处理：	2017-01-04 17:44:48	维持连接心跳包
接收：	2017-01-04 17:45:03	维持连接心跳包处理：	2017-01-04 17:45:03	维持连接心跳包
接收：	2017-01-04 17:46:03	维持连接心跳包处理：	2017-01-04 17:46:03	维持连接心跳包
接收：	2017-01-04 17:46:18	维持连接心跳包处理：	2017-01-04 17:46:18	维持连接心跳包
接收：	2017-01-04 17:46:33	维持连接心跳包处理：	2017-01-04 17:46:33	维持连接心跳包
接收：	2017-01-04 17:46:48	维持连接心跳包处理：	2017-01-04 17:46:48	维持连接心跳包
接收：	2017-01-04 17:47:03	维持连接心跳包处理：	2017-01-04 17:47:03	维持连接心跳包
接收：	2017-01-04 17:47:18	维持连接心跳包处理：	2017-01-04 17:47:18	维持连接心跳包
接收：	2017-01-04 17:47:33	维持连接心跳包处理：	2017-01-04 17:47:33	维持连接心跳包
接收：	2017-01-04 17:47:48	维持连接心跳包处理：	2017-01-04 17:47:48	维持连接心跳包
接收：	2017-01-04 17:48:03	维持连接心跳包处理：	2017-01-04 17:48:03	维持连接心跳包
接收：	2017-01-04 17:48:18	维持连接心跳包处理：	2017-01-04 17:48:18	维持连接心跳包
接收：	2017-01-04 17:48:33	维持连接心跳包处理：	2017-01-04 17:48:33	维持连接心跳包
接收：	2017-01-04 17:48:48	维持连接心跳包处理：	2017-01-04 17:48:48	维持连接心跳包
接收：	2017-01-04 17:49:03	维持连接心跳包处理：	2017-01-04 17:49:03	维持连接心跳包
接收：	2017-01-04 17:49:18	维持连接心跳包处理：	2017-01-04 17:49:18	维持连接心跳包
接收：	2017-01-04 17:49:33	维持连接心跳包处理：	2017-01-04 17:49:33	维持连接心跳包
接收：	2017-01-04 17:49:48	维持连接心跳包处理：	2017-01-04 17:49:48	维持连接心跳包
接收：	2017-01-04 17:50:03	维持连接心跳包处理：	2017-01-04 17:50:03	维持连接心跳包
接收：	2017-01-04 17:50:18	维持连接心跳包处理：	2017-01-04 17:50:18	维持连接心跳包
接收：	2017-01-04 17:50:33	维持连接心跳包处理：	2017-01-04 17:50:33	维持连接心跳包
接收：	2017-01-04 17:50:48	维持连接心跳包处理：	2017-01-04 17:50:48	维持连接心跳包
接收：	2017-01-04 17:51:03	维持连接心跳包处理：	2017-01-04 17:51:03	维持连接心跳包
接收：	2017-01-04 17:51:18	维持连接心跳包处理：	2017-01-04 17:51:18	维持连接心跳包
接收：	2017-01-04 17:51:33	维持连接心跳包处理：	2017-01-04 17:51:33	维持连接心跳包
接收：	2017-01-04 17:51:48	维持连接心跳包处理：	2017-01-04 17:51:48	维持连接心跳包
接收：	2017-01-04 17:52:03	维持连接心跳包处理：	2017-01-04 17:52:03	维持连接心跳包
接收：	2017-01-04 17:52:18	维持连接心跳包处理：	2017-01-04 17:52:18	维持连接心跳包
接收：	2017-01-04 17:52:33	维持连接心跳包处理：	2017-01-04 17:52:33	维持连接心跳包
接收：	2017-01-04 17:52:48	维持连接心跳包处理：	2017-01-04 17:52:48	维持连接心跳包
接收：	2017-01-04 17:53:03	维持连接心跳包处理：	2017-01-04 17:53:03	维持连接心跳包
接收：	2017-01-04 17:53:18	维持连接心跳包处理：	2017-01-04 17:53:18	维持连接心跳包
接收：	2017-01-04 17:53:33	维持连接心跳包处理：	2017-01-04 17:53:33	维持连接心跳包
接收：	2017-01-04 17:53:48	维持连接心跳包处理：	2017-01-04 17:53:48	维持连接心跳包
接收：	2017-01-04 17:54:03	维持连接心跳包处理：	2017-01-04 17:54:03	维持连接心跳包
接收：	2017-01-04 17:54:18	维持连接心跳包处理：	2017-01-04 17:54:18	维持连接心跳包
接收：	2017-01-04 17:54:33	维持连接心跳包处理：	2017-01-04 17:54:34	维持连接心跳包
接收：	2017-01-04 17:54:48	维持连接心跳包处理：	2017-01-04 17:54:49	维持连接心跳包
接收：	2017-01-04 17:55:04	维持连接心跳包处理：	2017-01-04 17:55:04	维持连接心跳包
接收：	2017-01-04 17:55:19	维持连接心跳包处理：	2017-01-04 17:55:19	维持连接心跳包
接收：	2017-01-04 17:55:34	维持连接心跳包处理：	2017-01-04 17:55:34	维持连接心跳包
接收：	2017-01-04 17:55:49	维持连接心跳包处理：	2017-01-04 17:55:49	维持连接心跳包
接收：	2017-01-04 17:56:04	维持连接心跳包处理：	2017-01-04 17:56:04	维持连接心跳包
接收：	2017-01-04 17:56:19	维持连接心跳包处理：	2017-01-04 17:56:19	维持连接心跳包
接收：	2017-01-04 17:56:34	维持连接心跳包处理：	2017-01-04 17:56:34	维持连接心跳包
接收：	2017-01-04 17:56:49	维持连接心跳包处理：	2017-01-04 17:56:49	维持连接心跳包
接收：	2017-01-04 17:57:04	维持连接心跳包处理：	2017-01-04 17:57:04	维持连接心跳包
接收：	2017-01-04 17:57:19	维持连接心跳包处理：	2017-01-04 17:57:19	维持连接心跳包
接收：	2017-01-04 17:57:34	维持连接心跳包处理：	2017-01-04 17:57:34	维持连接心跳包
接收：	2017-01-04 17:57:49	维持连接心跳包处理：	2017-01-04 17:57:49	维持连接心跳包
接收：	2017-01-04 17:58:04	维持连接心跳包处理：	2017-01-04 17:58:04	维持连接心跳包
接收：	2017-01-04 17:58:19	维持连接心跳包处理：	2017-01-04 17:58:19	维持连接心跳包
接收：	2017-01-04 17:58:34	维持连接心跳包处理：	2017-01-04 17:58:34	维持连接心跳包
接收：	2017-01-04 17:58:49	维持连接心跳包处理：	2017-01-04 17:58:49	维持连接心跳包
接收：	2017-01-04 17:59:04	维持连接心跳包处理：	2017-01-04 17:59:04	维持连接心跳包
接收：	2017-01-04 17:59:19	维持连接心跳包处理：	2017-01-04 17:59:19	维持连接心跳包
接收：	2017-01-04 17:59:34	维持连接心跳包处理：	2017-01-04 17:59:34	维持连接心跳包
接收：	2017-01-04 18:10:30	维持连接心跳包处理：	2017-01-04 18:10:30	维持连接心跳包
接收：	2017-01-04 18:10:45	维持连接心跳包处理：	2017-01-04 18:10:45	维持连接心跳包
接收：	2017-01-04 18:11:00	维持连接心跳包处理：	2017-01-04 18:11:00	维持连接心跳包
接收：	2017-01-04 18:11:15	维持连接心跳包处理：	2017-01-04 18:11:15	维持连接心跳包
接收：	2017-01-04 18:11:30	维持连接心跳包处理：	2017-01-04 18:11:30	维持连接心跳包
接收：	2017-01-04 18:11:45	维持连接心跳包处理：	2017-01-04 18:11:45	维持连接心跳包
接收：	2017-01-04 18:12:00	维持连接心跳包处理：	2017-01-04 18:12:00	维持连接心跳包
接收：	NewsPusherModule.entity.PushInfo@18191397处理：	NewsPusherModule.entity.PushInfo@18191397
接收：	2017-01-04 18:12:15	维持连接心跳包处理：	2017-01-04 18:12:15	维持连接心跳包
接收：	2017-01-04 18:12:30	维持连接心跳包处理：	2017-01-04 18:12:30	维持连接心跳包
接收：	2017-01-04 18:12:45	维持连接心跳包处理：	2017-01-04 18:12:45	维持连接心跳包
接收：	2017-01-04 18:13:00	维持连接心跳包处理：	2017-01-04 18:13:00	维持连接心跳包
接收：	2017-01-04 18:13:15	维持连接心跳包处理：	2017-01-04 18:13:15	维持连接心跳包
接收：	2017-01-04 18:13:30	维持连接心跳包处理：	2017-01-04 18:13:30	维持连接心跳包
接收：	2017-01-04 18:13:45	维持连接心跳包处理：	2017-01-04 18:13:45	维持连接心跳包
接收：	2017-01-04 18:14:00	维持连接心跳包处理：	2017-01-04 18:14:00	维持连接心跳包
接收：	2017-01-04 18:14:15	维持连接心跳包处理：	2017-01-04 18:14:15	维持连接心跳包
接收：	2017-01-04 18:14:30	维持连接心跳包处理：	2017-01-04 18:14:30	维持连接心跳包
接收：	2017-01-04 18:14:45	维持连接心跳包处理：	2017-01-04 18:14:45	维持连接心跳包
接收：	NewsPusherModule.entity.PushInfo@300f5a51处理：	NewsPusherModule.entity.PushInfo@300f5a51
接收：	2017-01-04 18:15:00	维持连接心跳包处理：	2017-01-04 18:15:00	维持连接心跳包
接收：	2017-01-04 18:15:15	维持连接心跳包处理：	2017-01-04 18:15:15	维持连接心跳包
接收：	2017-01-04 18:15:30	维持连接心跳包处理：	2017-01-04 18:15:30	维持连接心跳包
接收：	2017-01-04 18:15:45	维持连接心跳包处理：	2017-01-04 18:15:45	维持连接心跳包
接收：	2017-01-04 18:16:00	维持连接心跳包处理：	2017-01-04 18:16:00	维持连接心跳包
接收：	NewsPusherModule.entity.PushInfo@487688fd处理：	NewsPusherModule.entity.PushInfo@487688fd
接收：	2017-01-04 18:16:15	维持连接心跳包处理：	2017-01-04 18:16:15	维持连接心跳包
接收：	2017-01-04 18:16:30	维持连接心跳包处理：	2017-01-04 18:16:30	维持连接心跳包
接收：	2017-01-04 18:26:32	维持连接心跳包处理：	2017-01-04 18:26:32	维持连接心跳包
接收：	NewsPusherModule.entity.PushInfo@500d891f处理：	NewsPusherModule.entity.PushInfo@500d891f
接收：	2017-01-04 18:26:47	维持连接心跳包处理：	2017-01-04 18:26:47	维持连接心跳包
接收：	2017-01-04 18:27:02	维持连接心跳包处理：	2017-01-04 18:27:02	维持连接心跳包
接收：	2017-01-04 18:36:18	维持连接心跳包处理：	2017-01-04 18:36:18	维持连接心跳包
接收：	2017-01-04 18:36:33	维持连接心跳包处理：	2017-01-04 18:36:33	维持连接心跳包
接收：	2017-01-04 18:36:48	维持连接心跳包处理：	2017-01-04 18:36:48	维持连接心跳包
接收：	NewsPusherModule.entity.PushInfo@2d16aa9e处理：	NewsPusherModule.entity.PushInfo@2d16aa9e
接收：	2017-01-04 18:37:03	维持连接心跳包处理：	2017-01-04 18:37:03	维持连接心跳包
接收：	NewsPusherModule.entity.PushInfo@4b806761处理：	NewsPusherModule.entity.PushInfo@4b806761
接收：	2017-01-04 18:37:18	维持连接心跳包处理：	2017-01-04 18:37:18	维持连接心跳包
接收：	2017-01-04 18:37:33	维持连接心跳包处理：	2017-01-04 18:37:33	维持连接心跳包
接收：	NewsPusherModule.entity.PushInfo@300f5a51处理：	NewsPusherModule.entity.PushInfo@300f5a51
接收：	2017-01-04 18:37:50	维持连接心跳包处理：	2017-01-04 18:37:50	维持连接心跳包
接收：	2017-01-04 18:38:03	维持连接心跳包处理：	2017-01-04 18:38:03	维持连接心跳包
接收：	2017-01-04 18:38:18	维持连接心跳包处理：	2017-01-04 18:38:18	维持连接心跳包
接收：	NewsPusherModule.entity.PushInfo@3ce4f0cf处理：	NewsPusherModule.entity.PushInfo@3ce4f0cf
接收：	2017-01-04 18:38:33	维持连接心跳包处理：	2017-01-04 18:38:33	维持连接心跳包
接收：	2017-01-04 18:38:48	维持连接心跳包处理：	2017-01-04 18:38:48	维持连接心跳包
接收：	2017-01-04 18:39:03	维持连接心跳包处理：	2017-01-04 18:39:03	维持连接心跳包
接收：	2017-01-04 18:39:18	维持连接心跳包处理：	2017-01-04 18:39:18	维持连接心跳包
接收：	2017-01-04 18:39:33	维持连接心跳包处理：	2017-01-04 18:39:33	维持连接心跳包
接收：	2017-01-04 18:39:48	维持连接心跳包处理：	2017-01-04 18:39:48	维持连接心跳包
接收：	2017-01-04 18:40:03	维持连接心跳包处理：	2017-01-04 18:40:03	维持连接心跳包
接收：	2017-01-04 18:40:18	维持连接心跳包处理：	2017-01-04 18:40:18	维持连接心跳包
接收：	2017-01-04 18:40:33	维持连接心跳包处理：	2017-01-04 18:40:33	维持连接心跳包
接收：	2017-01-04 18:40:48	维持连接心跳包处理：	2017-01-04 18:40:48	维持连接心跳包
接收：	2017-01-04 18:41:03	维持连接心跳包处理：	2017-01-04 18:41:03	维持连接心跳包
接收：	2017-01-04 18:44:42	维持连接心跳包处理：	2017-01-04 18:44:42	维持连接心跳包
接收：	NewsPusherModule.entity.PushInfo@23daa4fe处理：	NewsPusherModule.entity.PushInfo@23daa4fe
接收：	2017-01-04 18:44:57	维持连接心跳包处理：	2017-01-04 18:44:57	维持连接心跳包
接收：	2017-01-04 18:45:12	维持连接心跳包处理：	2017-01-04 18:45:12	维持连接心跳包
接收：	2017-01-04 18:45:27	维持连接心跳包处理：	2017-01-04 18:45:27	维持连接心跳包
接收：	2017-01-04 18:45:42	维持连接心跳包处理：	2017-01-04 18:45:42	维持连接心跳包
接收：	2017-01-04 18:45:57	维持连接心跳包处理：	2017-01-04 18:45:57	维持连接心跳包
接收：	2017-01-04 18:46:12	维持连接心跳包处理：	2017-01-04 18:46:12	维持连接心跳包
接收：	2017-01-04 18:46:27	维持连接心跳包处理：	2017-01-04 18:46:27	维持连接心跳包
接收：	2017-01-04 18:46:42	维持连接心跳包处理：	2017-01-04 18:46:42	维持连接心跳包
接收：	2017-01-04 18:46:57	维持连接心跳包处理：	2017-01-04 18:46:57	维持连接心跳包
接收：	2017-01-04 18:47:12	维持连接心跳包处理：	2017-01-04 18:47:12	维持连接心跳包
接收：	2017-01-04 18:47:57	维持连接心跳包处理：	2017-01-04 18:47:57	维持连接心跳包
接收：	NewsPusherModule.entity.PushInfo@31eaa2bd处理：	NewsPusherModule.entity.PushInfo@31eaa2bd
接收：	2017-01-04 18:48:12	维持连接心跳包处理：	2017-01-04 18:48:12	维持连接心跳包
接收：	2017-01-04 18:48:27	维持连接心跳包处理：	2017-01-04 18:48:27	维持连接心跳包
接收：	2017-01-04 18:48:42	维持连接心跳包处理：	2017-01-04 18:48:42	维持连接心跳包
接收：	2017-01-04 18:48:57	维持连接心跳包处理：	2017-01-04 18:48:57	维持连接心跳包
接收：	2017-01-04 18:49:12	维持连接心跳包处理：	2017-01-04 18:49:12	维持连接心跳包
接收：	2017-01-04 18:49:37	维持连接心跳包处理：	2017-01-04 18:49:37	维持连接心跳包
接收：	NewsPusherModule.entity.PushInfo@17d9f20f处理：	NewsPusherModule.entity.PushInfo@17d9f20f
接收：	2017-01-04 18:49:52	维持连接心跳包处理：	2017-01-04 18:49:52	维持连接心跳包
接收：	2017-01-04 18:50:07	维持连接心跳包处理：	2017-01-04 18:50:07	维持连接心跳包
