2017-01-03 19:18:25.650  INFO 27696 --- [main] NewsPusherModule.ApplicationNewsExport   : Starting ApplicationNewsExport on DESKTOP-I5VPLTQ with PID 27696 (D:\IdeaProjects\NewsExport_duocai\target\classes started by karel in D:\IdeaProjects\NewsExport_duocai)
2017-01-03 19:18:25.655  INFO 27696 --- [main] NewsPusherModule.ApplicationNewsExport   : No active profile set, falling back to default profiles: default
2017-01-03 19:18:25.769  INFO 27696 --- [main] ationConfigEmbeddedWebApplicationContext : Refreshing org.springframework.boot.context.embedded.AnnotationConfigEmbeddedWebApplicationContext@3f19c149: startup date [Tue Jan 03 19:18:25 CST 2017]; root of context hierarchy
2017-01-03 19:18:27.982  INFO 27696 --- [main] s.b.c.e.t.TomcatEmbeddedServletContainer : Tomcat initialized with port(s): 10089 (http)
2017-01-03 19:18:27.992  INFO 27696 --- [main] o.apache.catalina.core.StandardService   : Starting service Tomcat
2017-01-03 19:18:27.993  INFO 27696 --- [main] org.apache.catalina.core.StandardEngine  : Starting Servlet Engine: Apache Tomcat/8.5.4
2017-01-03 19:18:28.121  INFO 27696 --- [localhost-startStop-1] o.a.c.c.C.[Tomcat].[localhost].[/]       : Initializing Spring embedded WebApplicationContext
2017-01-03 19:18:28.121  INFO 27696 --- [localhost-startStop-1] o.s.web.context.ContextLoader            : Root WebApplicationContext: initialization completed in 2355 ms
2017-01-03 19:18:28.412  INFO 27696 --- [localhost-startStop-1] o.s.b.w.servlet.ServletRegistrationBean  : Mapping servlet: 'dispatcherServlet' to [/]
2017-01-03 19:18:28.417  INFO 27696 --- [localhost-startStop-1] o.s.b.w.servlet.FilterRegistrationBean   : Mapping filter: 'characterEncodingFilter' to: [/*]
2017-01-03 19:18:28.418  INFO 27696 --- [localhost-startStop-1] o.s.b.w.servlet.FilterRegistrationBean   : Mapping filter: 'hiddenHttpMethodFilter' to: [/*]
2017-01-03 19:18:28.418  INFO 27696 --- [localhost-startStop-1] o.s.b.w.servlet.FilterRegistrationBean   : Mapping filter: 'httpPutFormContentFilter' to: [/*]
2017-01-03 19:18:28.418  INFO 27696 --- [localhost-startStop-1] o.s.b.w.servlet.FilterRegistrationBean   : Mapping filter: 'requestContextFilter' to: [/*]
2017-01-03 19:18:29.020  INFO 27696 --- [main] s.w.s.m.m.a.RequestMappingHandlerAdapter : Looking for @ControllerAdvice: org.springframework.boot.context.embedded.AnnotationConfigEmbeddedWebApplicationContext@3f19c149: startup date [Tue Jan 03 19:18:25 CST 2017]; root of context hierarchy
2017-01-03 19:18:29.092  INFO 27696 --- [main] s.w.s.m.m.a.RequestMappingHandlerMapping : Mapped "{[/duocai/export/article],methods=[POST]}" onto public java.lang.Object NewsPusherModule.controller.ExportDuocaiController.exportNewSingle(java.lang.String,java.lang.String)
2017-01-03 19:18:29.093  INFO 27696 --- [main] s.w.s.m.m.a.RequestMappingHandlerMapping : Mapped "{[/duocai/export/articles],methods=[POST]}" onto public java.lang.Object NewsPusherModule.controller.ExportDuocaiController.exportArticles(java.lang.String,java.lang.String)
2017-01-03 19:18:29.093  INFO 27696 --- [main] s.w.s.m.m.a.RequestMappingHandlerMapping : Mapped "{[/duocai/login],methods=[POST]}" onto public java.lang.Object NewsPusherModule.controller.ExportDuocaiController.login(java.lang.String,javax.servlet.http.HttpSession)
2017-01-03 19:18:29.094  INFO 27696 --- [main] s.w.s.m.m.a.RequestMappingHandlerMapping : Mapped "{[/testFinishedXml/{tid}]}" onto public java.lang.String NewsPusherModule.controller.taskController.testFinishedXml(java.lang.String)
2017-01-03 19:18:29.094  INFO 27696 --- [main] s.w.s.m.m.a.RequestMappingHandlerMapping : Mapped "{[/newsExport/{tid}]}" onto public java.lang.String NewsPusherModule.controller.taskController.newsExport(java.lang.String) throws java.lang.Exception
2017-01-03 19:18:29.098  INFO 27696 --- [main] s.w.s.m.m.a.RequestMappingHandlerMapping : Mapped "{[/error]}" onto public org.springframework.http.ResponseEntity<java.util.Map<java.lang.String, java.lang.Object>> org.springframework.boot.autoconfigure.web.BasicErrorController.error(javax.servlet.http.HttpServletRequest)
2017-01-03 19:18:29.099  INFO 27696 --- [main] s.w.s.m.m.a.RequestMappingHandlerMapping : Mapped "{[/error],produces=[text/html]}" onto public org.springframework.web.servlet.ModelAndView org.springframework.boot.autoconfigure.web.BasicErrorController.errorHtml(javax.servlet.http.HttpServletRequest,javax.servlet.http.HttpServletResponse)
2017-01-03 19:18:29.169  INFO 27696 --- [main] o.s.w.s.handler.SimpleUrlHandlerMapping  : Mapped URL path [/webjars/**] onto handler of type [class org.springframework.web.servlet.resource.ResourceHttpRequestHandler]
2017-01-03 19:18:29.169  INFO 27696 --- [main] o.s.w.s.handler.SimpleUrlHandlerMapping  : Mapped URL path [/**] onto handler of type [class org.springframework.web.servlet.resource.ResourceHttpRequestHandler]
2017-01-03 19:18:29.243  INFO 27696 --- [main] o.s.w.s.handler.SimpleUrlHandlerMapping  : Mapped URL path [/**/favicon.ico] onto handler of type [class org.springframework.web.servlet.resource.ResourceHttpRequestHandler]
2017-01-03 19:18:29.604  INFO 27696 --- [main] o.s.j.e.a.AnnotationMBeanExporter        : Registering beans for JMX exposure on startup
2017-01-03 19:18:29.737  INFO 27696 --- [main] s.b.c.e.t.TomcatEmbeddedServletContainer : Tomcat started on port(s): 10089 (http)
2017-01-03 19:18:29.750  INFO 27696 --- [main] NewsPusherModule.ApplicationNewsExport   : Started ApplicationNewsExport in 5.13 seconds (JVM running for 5.752)
2017-01-03 19:20:33.650  INFO 8708 --- [main] NewsPusherModule.ApplicationNewsExport   : Starting ApplicationNewsExport on DESKTOP-I5VPLTQ with PID 8708 (D:\IdeaProjects\NewsExport_duocai\target\classes started by karel in D:\IdeaProjects\NewsExport_duocai)
2017-01-03 19:20:33.656  INFO 8708 --- [main] NewsPusherModule.ApplicationNewsExport   : No active profile set, falling back to default profiles: default
2017-01-03 19:20:33.781  INFO 8708 --- [main] ationConfigEmbeddedWebApplicationContext : Refreshing org.springframework.boot.context.embedded.AnnotationConfigEmbeddedWebApplicationContext@307c9a57: startup date [Tue Jan 03 19:20:33 CST 2017]; root of context hierarchy
2017-01-03 19:20:36.422  INFO 8708 --- [main] s.b.c.e.t.TomcatEmbeddedServletContainer : Tomcat initialized with port(s): 10089 (http)
2017-01-03 19:20:36.439  INFO 8708 --- [main] o.apache.catalina.core.StandardService   : Starting service Tomcat
2017-01-03 19:20:36.440  INFO 8708 --- [main] org.apache.catalina.core.StandardEngine  : Starting Servlet Engine: Apache Tomcat/8.5.4
2017-01-03 19:20:36.727  INFO 8708 --- [localhost-startStop-1] o.a.c.c.C.[Tomcat].[localhost].[/]       : Initializing Spring embedded WebApplicationContext
2017-01-03 19:20:36.727  INFO 8708 --- [localhost-startStop-1] o.s.web.context.ContextLoader            : Root WebApplicationContext: initialization completed in 2949 ms
2017-01-03 19:20:36.996  INFO 8708 --- [localhost-startStop-1] o.s.b.w.servlet.ServletRegistrationBean  : Mapping servlet: 'dispatcherServlet' to [/]
2017-01-03 19:20:37.002  INFO 8708 --- [localhost-startStop-1] o.s.b.w.servlet.FilterRegistrationBean   : Mapping filter: 'characterEncodingFilter' to: [/*]
2017-01-03 19:20:37.003  INFO 8708 --- [localhost-startStop-1] o.s.b.w.servlet.FilterRegistrationBean   : Mapping filter: 'hiddenHttpMethodFilter' to: [/*]
2017-01-03 19:20:37.003  INFO 8708 --- [localhost-startStop-1] o.s.b.w.servlet.FilterRegistrationBean   : Mapping filter: 'httpPutFormContentFilter' to: [/*]
2017-01-03 19:20:37.003  INFO 8708 --- [localhost-startStop-1] o.s.b.w.servlet.FilterRegistrationBean   : Mapping filter: 'requestContextFilter' to: [/*]
2017-01-03 19:20:37.658  INFO 8708 --- [main] s.w.s.m.m.a.RequestMappingHandlerAdapter : Looking for @ControllerAdvice: org.springframework.boot.context.embedded.AnnotationConfigEmbeddedWebApplicationContext@307c9a57: startup date [Tue Jan 03 19:20:33 CST 2017]; root of context hierarchy
2017-01-03 19:20:37.735  INFO 8708 --- [main] s.w.s.m.m.a.RequestMappingHandlerMapping : Mapped "{[/duocai/export/articles],methods=[POST]}" onto public java.lang.Object NewsPusherModule.controller.ExportDuocaiController.exportArticles(java.lang.String,java.lang.String)
2017-01-03 19:20:37.738  INFO 8708 --- [main] s.w.s.m.m.a.RequestMappingHandlerMapping : Mapped "{[/duocai/export/article],methods=[POST]}" onto public java.lang.Object NewsPusherModule.controller.ExportDuocaiController.exportNewSingle(java.lang.String,java.lang.String)
2017-01-03 19:20:37.738  INFO 8708 --- [main] s.w.s.m.m.a.RequestMappingHandlerMapping : Mapped "{[/duocai/login],methods=[POST]}" onto public java.lang.Object NewsPusherModule.controller.ExportDuocaiController.login(java.lang.String,javax.servlet.http.HttpSession)
2017-01-03 19:20:37.740  INFO 8708 --- [main] s.w.s.m.m.a.RequestMappingHandlerMapping : Mapped "{[/testFinishedXml/{tid}]}" onto public java.lang.String NewsPusherModule.controller.taskController.testFinishedXml(java.lang.String)
2017-01-03 19:20:37.740  INFO 8708 --- [main] s.w.s.m.m.a.RequestMappingHandlerMapping : Mapped "{[/newsExport/{tid}]}" onto public java.lang.String NewsPusherModule.controller.taskController.newsExport(java.lang.String) throws java.lang.Exception
2017-01-03 19:20:37.744  INFO 8708 --- [main] s.w.s.m.m.a.RequestMappingHandlerMapping : Mapped "{[/error]}" onto public org.springframework.http.ResponseEntity<java.util.Map<java.lang.String, java.lang.Object>> org.springframework.boot.autoconfigure.web.BasicErrorController.error(javax.servlet.http.HttpServletRequest)
2017-01-03 19:20:37.746  INFO 8708 --- [main] s.w.s.m.m.a.RequestMappingHandlerMapping : Mapped "{[/error],produces=[text/html]}" onto public org.springframework.web.servlet.ModelAndView org.springframework.boot.autoconfigure.web.BasicErrorController.errorHtml(javax.servlet.http.HttpServletRequest,javax.servlet.http.HttpServletResponse)
2017-01-03 19:20:37.832  INFO 8708 --- [main] o.s.w.s.handler.SimpleUrlHandlerMapping  : Mapped URL path [/webjars/**] onto handler of type [class org.springframework.web.servlet.resource.ResourceHttpRequestHandler]
2017-01-03 19:20:37.833  INFO 8708 --- [main] o.s.w.s.handler.SimpleUrlHandlerMapping  : Mapped URL path [/**] onto handler of type [class org.springframework.web.servlet.resource.ResourceHttpRequestHandler]
2017-01-03 19:20:37.948  INFO 8708 --- [main] o.s.w.s.handler.SimpleUrlHandlerMapping  : Mapped URL path [/**/favicon.ico] onto handler of type [class org.springframework.web.servlet.resource.ResourceHttpRequestHandler]
2017-01-03 19:20:38.338  INFO 8708 --- [main] o.s.j.e.a.AnnotationMBeanExporter        : Registering beans for JMX exposure on startup
2017-01-03 19:20:38.440  INFO 8708 --- [main] s.b.c.e.t.TomcatEmbeddedServletContainer : Tomcat started on port(s): 10089 (http)
2017-01-03 19:20:38.449  INFO 8708 --- [main] NewsPusherModule.ApplicationNewsExport   : Started ApplicationNewsExport in 5.975 seconds (JVM running for 6.75)
2017-01-03 19:33:00.339  INFO 23904 --- [main] NewsPusherModule.ApplicationNewsExport   : Starting ApplicationNewsExport on DESKTOP-I5VPLTQ with PID 23904 (D:\IdeaProjects\NewsExport_duocai\target\classes started by karel in D:\IdeaProjects\NewsExport_duocai)
2017-01-03 19:33:00.344  INFO 23904 --- [main] NewsPusherModule.ApplicationNewsExport   : No active profile set, falling back to default profiles: default
2017-01-03 19:33:00.554  INFO 23904 --- [main] ationConfigEmbeddedWebApplicationContext : Refreshing org.springframework.boot.context.embedded.AnnotationConfigEmbeddedWebApplicationContext@216030f9: startup date [Tue Jan 03 19:33:00 CST 2017]; root of context hierarchy
2017-01-03 19:33:02.906  INFO 23904 --- [main] s.b.c.e.t.TomcatEmbeddedServletContainer : Tomcat initialized with port(s): 10089 (http)
2017-01-03 19:33:02.917  INFO 23904 --- [main] o.apache.catalina.core.StandardService   : Starting service Tomcat
2017-01-03 19:33:02.919  INFO 23904 --- [main] org.apache.catalina.core.StandardEngine  : Starting Servlet Engine: Apache Tomcat/8.5.4
2017-01-03 19:33:03.048  INFO 23904 --- [localhost-startStop-1] o.a.c.c.C.[Tomcat].[localhost].[/]       : Initializing Spring embedded WebApplicationContext
2017-01-03 19:33:03.048  INFO 23904 --- [localhost-startStop-1] o.s.web.context.ContextLoader            : Root WebApplicationContext: initialization completed in 2499 ms
2017-01-03 19:33:03.331  INFO 23904 --- [localhost-startStop-1] o.s.b.w.servlet.ServletRegistrationBean  : Mapping servlet: 'dispatcherServlet' to [/]
2017-01-03 19:33:03.337  INFO 23904 --- [localhost-startStop-1] o.s.b.w.servlet.FilterRegistrationBean   : Mapping filter: 'characterEncodingFilter' to: [/*]
2017-01-03 19:33:03.338  INFO 23904 --- [localhost-startStop-1] o.s.b.w.servlet.FilterRegistrationBean   : Mapping filter: 'hiddenHttpMethodFilter' to: [/*]
2017-01-03 19:33:03.338  INFO 23904 --- [localhost-startStop-1] o.s.b.w.servlet.FilterRegistrationBean   : Mapping filter: 'httpPutFormContentFilter' to: [/*]
2017-01-03 19:33:03.338  INFO 23904 --- [localhost-startStop-1] o.s.b.w.servlet.FilterRegistrationBean   : Mapping filter: 'requestContextFilter' to: [/*]
2017-01-03 19:33:03.964  INFO 23904 --- [main] s.w.s.m.m.a.RequestMappingHandlerAdapter : Looking for @ControllerAdvice: org.springframework.boot.context.embedded.AnnotationConfigEmbeddedWebApplicationContext@216030f9: startup date [Tue Jan 03 19:33:00 CST 2017]; root of context hierarchy
2017-01-03 19:33:04.034  INFO 23904 --- [main] s.w.s.m.m.a.RequestMappingHandlerMapping : Mapped "{[/duocai/export/article],methods=[POST]}" onto public java.lang.Object NewsPusherModule.controller.ExportDuocaiController.exportNewSingle(java.lang.String,java.lang.String)
2017-01-03 19:33:04.035  INFO 23904 --- [main] s.w.s.m.m.a.RequestMappingHandlerMapping : Mapped "{[/duocai/export/articles],methods=[POST]}" onto public java.lang.Object NewsPusherModule.controller.ExportDuocaiController.exportArticles(java.lang.String,java.lang.String)
2017-01-03 19:33:04.036  INFO 23904 --- [main] s.w.s.m.m.a.RequestMappingHandlerMapping : Mapped "{[/duocai/login],methods=[POST]}" onto public java.lang.Object NewsPusherModule.controller.ExportDuocaiController.login(java.lang.String,javax.servlet.http.HttpSession)
2017-01-03 19:33:04.037  INFO 23904 --- [main] s.w.s.m.m.a.RequestMappingHandlerMapping : Mapped "{[/testFinishedXml/{tid}]}" onto public java.lang.String NewsPusherModule.controller.taskController.testFinishedXml(java.lang.String)
2017-01-03 19:33:04.037  INFO 23904 --- [main] s.w.s.m.m.a.RequestMappingHandlerMapping : Mapped "{[/newsExport/{tid}]}" onto public java.lang.String NewsPusherModule.controller.taskController.newsExport(java.lang.String) throws java.lang.Exception
2017-01-03 19:33:04.040  INFO 23904 --- [main] s.w.s.m.m.a.RequestMappingHandlerMapping : Mapped "{[/error]}" onto public org.springframework.http.ResponseEntity<java.util.Map<java.lang.String, java.lang.Object>> org.springframework.boot.autoconfigure.web.BasicErrorController.error(javax.servlet.http.HttpServletRequest)
2017-01-03 19:33:04.040  INFO 23904 --- [main] s.w.s.m.m.a.RequestMappingHandlerMapping : Mapped "{[/error],produces=[text/html]}" onto public org.springframework.web.servlet.ModelAndView org.springframework.boot.autoconfigure.web.BasicErrorController.errorHtml(javax.servlet.http.HttpServletRequest,javax.servlet.http.HttpServletResponse)
2017-01-03 19:33:04.099  INFO 23904 --- [main] o.s.w.s.handler.SimpleUrlHandlerMapping  : Mapped URL path [/webjars/**] onto handler of type [class org.springframework.web.servlet.resource.ResourceHttpRequestHandler]
2017-01-03 19:33:04.099  INFO 23904 --- [main] o.s.w.s.handler.SimpleUrlHandlerMapping  : Mapped URL path [/**] onto handler of type [class org.springframework.web.servlet.resource.ResourceHttpRequestHandler]
2017-01-03 19:33:04.162  INFO 23904 --- [main] o.s.w.s.handler.SimpleUrlHandlerMapping  : Mapped URL path [/**/favicon.ico] onto handler of type [class org.springframework.web.servlet.resource.ResourceHttpRequestHandler]
2017-01-03 19:33:04.539  INFO 23904 --- [main] o.s.j.e.a.AnnotationMBeanExporter        : Registering beans for JMX exposure on startup
2017-01-03 19:33:04.610  INFO 23904 --- [main] s.b.c.e.t.TomcatEmbeddedServletContainer : Tomcat started on port(s): 10089 (http)
2017-01-03 19:33:04.617  INFO 23904 --- [main] NewsPusherModule.ApplicationNewsExport   : Started ApplicationNewsExport in 5.241 seconds (JVM running for 5.938)
2017-01-03 19:36:55.897  INFO 29208 --- [main] NewsPusherModule.ApplicationNewsExport   : Starting ApplicationNewsExport on DESKTOP-I5VPLTQ with PID 29208 (D:\IdeaProjects\NewsExport_duocai\target\classes started by karel in D:\IdeaProjects\NewsExport_duocai)
2017-01-03 19:36:55.902  INFO 29208 --- [main] NewsPusherModule.ApplicationNewsExport   : No active profile set, falling back to default profiles: default
2017-01-03 19:36:56.020  INFO 29208 --- [main] ationConfigEmbeddedWebApplicationContext : Refreshing org.springframework.boot.context.embedded.AnnotationConfigEmbeddedWebApplicationContext@5069bb01: startup date [Tue Jan 03 19:36:56 CST 2017]; root of context hierarchy
2017-01-03 19:36:58.597  INFO 29208 --- [main] s.b.c.e.t.TomcatEmbeddedServletContainer : Tomcat initialized with port(s): 10089 (http)
2017-01-03 19:36:58.608  INFO 29208 --- [main] o.apache.catalina.core.StandardService   : Starting service Tomcat
2017-01-03 19:36:58.609  INFO 29208 --- [main] org.apache.catalina.core.StandardEngine  : Starting Servlet Engine: Apache Tomcat/8.5.4
2017-01-03 19:36:58.743  INFO 29208 --- [localhost-startStop-1] o.a.c.c.C.[Tomcat].[localhost].[/]       : Initializing Spring embedded WebApplicationContext
2017-01-03 19:36:58.743  INFO 29208 --- [localhost-startStop-1] o.s.web.context.ContextLoader            : Root WebApplicationContext: initialization completed in 2735 ms
2017-01-03 19:36:59.022  INFO 29208 --- [localhost-startStop-1] o.s.b.w.servlet.ServletRegistrationBean  : Mapping servlet: 'dispatcherServlet' to [/]
2017-01-03 19:36:59.028  INFO 29208 --- [localhost-startStop-1] o.s.b.w.servlet.FilterRegistrationBean   : Mapping filter: 'characterEncodingFilter' to: [/*]
2017-01-03 19:36:59.029  INFO 29208 --- [localhost-startStop-1] o.s.b.w.servlet.FilterRegistrationBean   : Mapping filter: 'hiddenHttpMethodFilter' to: [/*]
2017-01-03 19:36:59.029  INFO 29208 --- [localhost-startStop-1] o.s.b.w.servlet.FilterRegistrationBean   : Mapping filter: 'httpPutFormContentFilter' to: [/*]
2017-01-03 19:36:59.029  INFO 29208 --- [localhost-startStop-1] o.s.b.w.servlet.FilterRegistrationBean   : Mapping filter: 'requestContextFilter' to: [/*]
2017-01-03 19:37:40.903  INFO 9692 --- [main] NewsPusherModule.ApplicationNewsExport   : Starting ApplicationNewsExport on DESKTOP-I5VPLTQ with PID 9692 (D:\IdeaProjects\NewsExport_duocai\target\classes started by karel in D:\IdeaProjects\NewsExport_duocai)
2017-01-03 19:37:40.908  INFO 9692 --- [main] NewsPusherModule.ApplicationNewsExport   : No active profile set, falling back to default profiles: default
2017-01-03 19:37:41.025  INFO 9692 --- [main] ationConfigEmbeddedWebApplicationContext : Refreshing org.springframework.boot.context.embedded.AnnotationConfigEmbeddedWebApplicationContext@5275de2: startup date [Tue Jan 03 19:37:41 CST 2017]; root of context hierarchy
2017-01-03 19:37:43.279  INFO 9692 --- [main] s.b.c.e.t.TomcatEmbeddedServletContainer : Tomcat initialized with port(s): 10089 (http)
2017-01-03 19:37:43.290  INFO 9692 --- [main] o.apache.catalina.core.StandardService   : Starting service Tomcat
2017-01-03 19:37:43.291  INFO 9692 --- [main] org.apache.catalina.core.StandardEngine  : Starting Servlet Engine: Apache Tomcat/8.5.4
2017-01-03 19:37:43.428  INFO 9692 --- [localhost-startStop-1] o.a.c.c.C.[Tomcat].[localhost].[/]       : Initializing Spring embedded WebApplicationContext
2017-01-03 19:37:43.428  INFO 9692 --- [localhost-startStop-1] o.s.web.context.ContextLoader            : Root WebApplicationContext: initialization completed in 2406 ms
2017-01-03 19:37:43.686  INFO 9692 --- [localhost-startStop-1] o.s.b.w.servlet.ServletRegistrationBean  : Mapping servlet: 'dispatcherServlet' to [/]
2017-01-03 19:37:43.691  INFO 9692 --- [localhost-startStop-1] o.s.b.w.servlet.FilterRegistrationBean   : Mapping filter: 'characterEncodingFilter' to: [/*]
2017-01-03 19:37:43.692  INFO 9692 --- [localhost-startStop-1] o.s.b.w.servlet.FilterRegistrationBean   : Mapping filter: 'hiddenHttpMethodFilter' to: [/*]
2017-01-03 19:37:43.692  INFO 9692 --- [localhost-startStop-1] o.s.b.w.servlet.FilterRegistrationBean   : Mapping filter: 'httpPutFormContentFilter' to: [/*]
2017-01-03 19:37:43.693  INFO 9692 --- [localhost-startStop-1] o.s.b.w.servlet.FilterRegistrationBean   : Mapping filter: 'requestContextFilter' to: [/*]
2017-01-03 19:37:44.270  INFO 9692 --- [main] s.w.s.m.m.a.RequestMappingHandlerAdapter : Looking for @ControllerAdvice: org.springframework.boot.context.embedded.AnnotationConfigEmbeddedWebApplicationContext@5275de2: startup date [Tue Jan 03 19:37:41 CST 2017]; root of context hierarchy
2017-01-03 19:37:44.351  INFO 9692 --- [main] s.w.s.m.m.a.RequestMappingHandlerMapping : Mapped "{[/duocai/login],methods=[POST]}" onto public java.lang.Object NewsPusherModule.controller.ExportDuocaiController.login(java.lang.String,javax.servlet.http.HttpSession)
2017-01-03 19:37:44.353  INFO 9692 --- [main] s.w.s.m.m.a.RequestMappingHandlerMapping : Mapped "{[/duocai/export/article],methods=[POST]}" onto public java.lang.Object NewsPusherModule.controller.ExportDuocaiController.exportNewSingle(java.lang.String,java.lang.String)
2017-01-03 19:37:44.354  INFO 9692 --- [main] s.w.s.m.m.a.RequestMappingHandlerMapping : Mapped "{[/duocai/export/articles],methods=[POST]}" onto public java.lang.Object NewsPusherModule.controller.ExportDuocaiController.exportArticles(java.lang.String,java.lang.String)
2017-01-03 19:37:44.355  INFO 9692 --- [main] s.w.s.m.m.a.RequestMappingHandlerMapping : Mapped "{[/newsExport/{tid}]}" onto public java.lang.String NewsPusherModule.controller.taskController.newsExport(java.lang.String) throws java.lang.Exception
2017-01-03 19:37:44.355  INFO 9692 --- [main] s.w.s.m.m.a.RequestMappingHandlerMapping : Mapped "{[/testFinishedXml/{tid}]}" onto public java.lang.String NewsPusherModule.controller.taskController.testFinishedXml(java.lang.String)
2017-01-03 19:37:44.358  INFO 9692 --- [main] s.w.s.m.m.a.RequestMappingHandlerMapping : Mapped "{[/error]}" onto public org.springframework.http.ResponseEntity<java.util.Map<java.lang.String, java.lang.Object>> org.springframework.boot.autoconfigure.web.BasicErrorController.error(javax.servlet.http.HttpServletRequest)
2017-01-03 19:37:44.358  INFO 9692 --- [main] s.w.s.m.m.a.RequestMappingHandlerMapping : Mapped "{[/error],produces=[text/html]}" onto public org.springframework.web.servlet.ModelAndView org.springframework.boot.autoconfigure.web.BasicErrorController.errorHtml(javax.servlet.http.HttpServletRequest,javax.servlet.http.HttpServletResponse)
2017-01-03 19:37:44.421  INFO 9692 --- [main] o.s.w.s.handler.SimpleUrlHandlerMapping  : Mapped URL path [/webjars/**] onto handler of type [class org.springframework.web.servlet.resource.ResourceHttpRequestHandler]
2017-01-03 19:37:44.421  INFO 9692 --- [main] o.s.w.s.handler.SimpleUrlHandlerMapping  : Mapped URL path [/**] onto handler of type [class org.springframework.web.servlet.resource.ResourceHttpRequestHandler]
2017-01-03 19:37:44.491  INFO 9692 --- [main] o.s.w.s.handler.SimpleUrlHandlerMapping  : Mapped URL path [/**/favicon.ico] onto handler of type [class org.springframework.web.servlet.resource.ResourceHttpRequestHandler]
2017-01-03 19:37:44.829  INFO 9692 --- [main] o.s.j.e.a.AnnotationMBeanExporter        : Registering beans for JMX exposure on startup
2017-01-03 19:37:44.909  INFO 9692 --- [main] s.b.c.e.t.TomcatEmbeddedServletContainer : Tomcat started on port(s): 10089 (http)
2017-01-03 19:37:44.943  INFO 9692 --- [main] NewsPusherModule.ApplicationNewsExport   : Started ApplicationNewsExport in 5.032 seconds (JVM running for 5.675)
2017-01-03 19:41:33.492  INFO 28656 --- [main] NewsPusherModule.ApplicationNewsExport   : Starting ApplicationNewsExport on DESKTOP-I5VPLTQ with PID 28656 (D:\IdeaProjects\NewsExport_duocai\target\classes started by karel in D:\IdeaProjects\NewsExport_duocai)
2017-01-03 19:41:33.496  INFO 28656 --- [main] NewsPusherModule.ApplicationNewsExport   : No active profile set, falling back to default profiles: default
2017-01-03 19:41:33.612  INFO 28656 --- [main] ationConfigEmbeddedWebApplicationContext : Refreshing org.springframework.boot.context.embedded.AnnotationConfigEmbeddedWebApplicationContext@7bf0e27a: startup date [Tue Jan 03 19:41:33 CST 2017]; root of context hierarchy
2017-01-03 19:41:35.732  INFO 28656 --- [main] s.b.c.e.t.TomcatEmbeddedServletContainer : Tomcat initialized with port(s): 10089 (http)
2017-01-03 19:41:35.742  INFO 28656 --- [main] o.apache.catalina.core.StandardService   : Starting service Tomcat
2017-01-03 19:41:35.743  INFO 28656 --- [main] org.apache.catalina.core.StandardEngine  : Starting Servlet Engine: Apache Tomcat/8.5.4
2017-01-03 19:41:35.874  INFO 28656 --- [localhost-startStop-1] o.a.c.c.C.[Tomcat].[localhost].[/]       : Initializing Spring embedded WebApplicationContext
2017-01-03 19:41:35.874  INFO 28656 --- [localhost-startStop-1] o.s.web.context.ContextLoader            : Root WebApplicationContext: initialization completed in 2265 ms
2017-01-03 19:41:36.132  INFO 28656 --- [localhost-startStop-1] o.s.b.w.servlet.ServletRegistrationBean  : Mapping servlet: 'dispatcherServlet' to [/]
2017-01-03 19:41:36.135  INFO 28656 --- [localhost-startStop-1] o.s.b.w.servlet.FilterRegistrationBean   : Mapping filter: 'characterEncodingFilter' to: [/*]
2017-01-03 19:41:36.136  INFO 28656 --- [localhost-startStop-1] o.s.b.w.servlet.FilterRegistrationBean   : Mapping filter: 'hiddenHttpMethodFilter' to: [/*]
2017-01-03 19:41:36.136  INFO 28656 --- [localhost-startStop-1] o.s.b.w.servlet.FilterRegistrationBean   : Mapping filter: 'httpPutFormContentFilter' to: [/*]
2017-01-03 19:41:36.136  INFO 28656 --- [localhost-startStop-1] o.s.b.w.servlet.FilterRegistrationBean   : Mapping filter: 'requestContextFilter' to: [/*]
2017-01-03 19:41:36.755  INFO 28656 --- [main] s.w.s.m.m.a.RequestMappingHandlerAdapter : Looking for @ControllerAdvice: org.springframework.boot.context.embedded.AnnotationConfigEmbeddedWebApplicationContext@7bf0e27a: startup date [Tue Jan 03 19:41:33 CST 2017]; root of context hierarchy
2017-01-03 19:41:36.826  INFO 28656 --- [main] s.w.s.m.m.a.RequestMappingHandlerMapping : Mapped "{[/duocai/login],methods=[POST]}" onto public java.lang.Object NewsPusherModule.controller.ExportDuocaiController.login(java.lang.String,javax.servlet.http.HttpSession)
2017-01-03 19:41:36.827  INFO 28656 --- [main] s.w.s.m.m.a.RequestMappingHandlerMapping : Mapped "{[/duocai/export/article],methods=[POST]}" onto public java.lang.Object NewsPusherModule.controller.ExportDuocaiController.exportNewSingle(java.lang.String,java.lang.String)
2017-01-03 19:41:36.827  INFO 28656 --- [main] s.w.s.m.m.a.RequestMappingHandlerMapping : Mapped "{[/duocai/export/articles],methods=[POST]}" onto public java.lang.Object NewsPusherModule.controller.ExportDuocaiController.exportArticles(java.lang.String,java.lang.String)
2017-01-03 19:41:36.828  INFO 28656 --- [main] s.w.s.m.m.a.RequestMappingHandlerMapping : Mapped "{[/newsExport/{tid}]}" onto public java.lang.String NewsPusherModule.controller.taskController.newsExport(java.lang.String) throws java.lang.Exception
2017-01-03 19:41:36.828  INFO 28656 --- [main] s.w.s.m.m.a.RequestMappingHandlerMapping : Mapped "{[/testFinishedXml/{tid}]}" onto public java.lang.String NewsPusherModule.controller.taskController.testFinishedXml(java.lang.String)
2017-01-03 19:41:36.831  INFO 28656 --- [main] s.w.s.m.m.a.RequestMappingHandlerMapping : Mapped "{[/error]}" onto public org.springframework.http.ResponseEntity<java.util.Map<java.lang.String, java.lang.Object>> org.springframework.boot.autoconfigure.web.BasicErrorController.error(javax.servlet.http.HttpServletRequest)
2017-01-03 19:41:36.832  INFO 28656 --- [main] s.w.s.m.m.a.RequestMappingHandlerMapping : Mapped "{[/error],produces=[text/html]}" onto public org.springframework.web.servlet.ModelAndView org.springframework.boot.autoconfigure.web.BasicErrorController.errorHtml(javax.servlet.http.HttpServletRequest,javax.servlet.http.HttpServletResponse)
2017-01-03 19:41:36.893  INFO 28656 --- [main] o.s.w.s.handler.SimpleUrlHandlerMapping  : Mapped URL path [/webjars/**] onto handler of type [class org.springframework.web.servlet.resource.ResourceHttpRequestHandler]
2017-01-03 19:41:36.893  INFO 28656 --- [main] o.s.w.s.handler.SimpleUrlHandlerMapping  : Mapped URL path [/**] onto handler of type [class org.springframework.web.servlet.resource.ResourceHttpRequestHandler]
2017-01-03 19:41:36.966  INFO 28656 --- [main] o.s.w.s.handler.SimpleUrlHandlerMapping  : Mapped URL path [/**/favicon.ico] onto handler of type [class org.springframework.web.servlet.resource.ResourceHttpRequestHandler]
2017-01-03 19:41:37.310  INFO 28656 --- [main] o.s.j.e.a.AnnotationMBeanExporter        : Registering beans for JMX exposure on startup
2017-01-03 19:41:37.417  INFO 28656 --- [main] s.b.c.e.t.TomcatEmbeddedServletContainer : Tomcat started on port(s): 10089 (http)
2017-01-03 19:41:37.424  INFO 28656 --- [main] NewsPusherModule.ApplicationNewsExport   : Started ApplicationNewsExport in 4.943 seconds (JVM running for 5.568)
2017-01-03 19:45:21.995  INFO 13288 --- [main] NewsPusherModule.ApplicationNewsExport   : Starting ApplicationNewsExport on DESKTOP-I5VPLTQ with PID 13288 (D:\IdeaProjects\NewsExport_duocai\target\classes started by karel in D:\IdeaProjects\NewsExport_duocai)
2017-01-03 19:45:22.001  INFO 13288 --- [main] NewsPusherModule.ApplicationNewsExport   : No active profile set, falling back to default profiles: default
2017-01-03 19:45:22.112  INFO 13288 --- [main] ationConfigEmbeddedWebApplicationContext : Refreshing org.springframework.boot.context.embedded.AnnotationConfigEmbeddedWebApplicationContext@34938786: startup date [Tue Jan 03 19:45:22 CST 2017]; root of context hierarchy
2017-01-03 19:45:24.373  INFO 13288 --- [main] s.b.c.e.t.TomcatEmbeddedServletContainer : Tomcat initialized with port(s): 10089 (http)
2017-01-03 19:45:24.386  INFO 13288 --- [main] o.apache.catalina.core.StandardService   : Starting service Tomcat
2017-01-03 19:45:24.387  INFO 13288 --- [main] org.apache.catalina.core.StandardEngine  : Starting Servlet Engine: Apache Tomcat/8.5.4
2017-01-03 19:45:24.617  INFO 13288 --- [localhost-startStop-1] o.a.c.c.C.[Tomcat].[localhost].[/]       : Initializing Spring embedded WebApplicationContext
2017-01-03 19:45:24.617  INFO 13288 --- [localhost-startStop-1] o.s.web.context.ContextLoader            : Root WebApplicationContext: initialization completed in 2509 ms
2017-01-03 19:45:24.885  INFO 13288 --- [localhost-startStop-1] o.s.b.w.servlet.ServletRegistrationBean  : Mapping servlet: 'dispatcherServlet' to [/]
2017-01-03 19:45:24.890  INFO 13288 --- [localhost-startStop-1] o.s.b.w.servlet.FilterRegistrationBean   : Mapping filter: 'characterEncodingFilter' to: [/*]
2017-01-03 19:45:24.891  INFO 13288 --- [localhost-startStop-1] o.s.b.w.servlet.FilterRegistrationBean   : Mapping filter: 'hiddenHttpMethodFilter' to: [/*]
2017-01-03 19:45:24.891  INFO 13288 --- [localhost-startStop-1] o.s.b.w.servlet.FilterRegistrationBean   : Mapping filter: 'httpPutFormContentFilter' to: [/*]
2017-01-03 19:45:24.891  INFO 13288 --- [localhost-startStop-1] o.s.b.w.servlet.FilterRegistrationBean   : Mapping filter: 'requestContextFilter' to: [/*]
2017-01-03 19:45:25.549  INFO 13288 --- [main] s.w.s.m.m.a.RequestMappingHandlerAdapter : Looking for @ControllerAdvice: org.springframework.boot.context.embedded.AnnotationConfigEmbeddedWebApplicationContext@34938786: startup date [Tue Jan 03 19:45:22 CST 2017]; root of context hierarchy
2017-01-03 19:45:25.619  INFO 13288 --- [main] s.w.s.m.m.a.RequestMappingHandlerMapping : Mapped "{[/duocai/export/articles],methods=[POST]}" onto public java.lang.Object NewsPusherModule.controller.ExportDuocaiController.exportArticles(java.lang.String,java.lang.String)
2017-01-03 19:45:25.620  INFO 13288 --- [main] s.w.s.m.m.a.RequestMappingHandlerMapping : Mapped "{[/duocai/export/article],methods=[POST]}" onto public java.lang.Object NewsPusherModule.controller.ExportDuocaiController.exportNewSingle(java.lang.String,java.lang.String)
2017-01-03 19:45:25.620  INFO 13288 --- [main] s.w.s.m.m.a.RequestMappingHandlerMapping : Mapped "{[/duocai/login],methods=[POST]}" onto public java.lang.Object NewsPusherModule.controller.ExportDuocaiController.login(java.lang.String,javax.servlet.http.HttpSession)
2017-01-03 19:45:25.623  INFO 13288 --- [main] s.w.s.m.m.a.RequestMappingHandlerMapping : Mapped "{[/testFinishedXml/{tid}]}" onto public java.lang.String NewsPusherModule.controller.taskController.testFinishedXml(java.lang.String)
2017-01-03 19:45:25.623  INFO 13288 --- [main] s.w.s.m.m.a.RequestMappingHandlerMapping : Mapped "{[/newsExport/{tid}]}" onto public java.lang.String NewsPusherModule.controller.taskController.newsExport(java.lang.String) throws java.lang.Exception
2017-01-03 19:45:25.626  INFO 13288 --- [main] s.w.s.m.m.a.RequestMappingHandlerMapping : Mapped "{[/error]}" onto public org.springframework.http.ResponseEntity<java.util.Map<java.lang.String, java.lang.Object>> org.springframework.boot.autoconfigure.web.BasicErrorController.error(javax.servlet.http.HttpServletRequest)
2017-01-03 19:45:25.626  INFO 13288 --- [main] s.w.s.m.m.a.RequestMappingHandlerMapping : Mapped "{[/error],produces=[text/html]}" onto public org.springframework.web.servlet.ModelAndView org.springframework.boot.autoconfigure.web.BasicErrorController.errorHtml(javax.servlet.http.HttpServletRequest,javax.servlet.http.HttpServletResponse)
2017-01-03 19:45:25.696  INFO 13288 --- [main] o.s.w.s.handler.SimpleUrlHandlerMapping  : Mapped URL path [/webjars/**] onto handler of type [class org.springframework.web.servlet.resource.ResourceHttpRequestHandler]
2017-01-03 19:45:25.696  INFO 13288 --- [main] o.s.w.s.handler.SimpleUrlHandlerMapping  : Mapped URL path [/**] onto handler of type [class org.springframework.web.servlet.resource.ResourceHttpRequestHandler]
2017-01-03 19:45:25.765  INFO 13288 --- [main] o.s.w.s.handler.SimpleUrlHandlerMapping  : Mapped URL path [/**/favicon.ico] onto handler of type [class org.springframework.web.servlet.resource.ResourceHttpRequestHandler]
2017-01-03 19:45:26.128  INFO 13288 --- [main] o.s.j.e.a.AnnotationMBeanExporter        : Registering beans for JMX exposure on startup
2017-01-03 19:45:26.187 ERROR 13288 --- [main] o.a.coyote.http11.Http11NioProtocol      : Failed to start end point associated with ProtocolHandler [http-nio-10089]

java.net.BindException: Address already in use: bind
	at sun.nio.ch.Net.bind0(Native Method) ~[na:1.7.0_80]
	at sun.nio.ch.Net.bind(Net.java:463) ~[na:1.7.0_80]
	at sun.nio.ch.Net.bind(Net.java:455) ~[na:1.7.0_80]
	at sun.nio.ch.ServerSocketChannelImpl.bind(ServerSocketChannelImpl.java:223) ~[na:1.7.0_80]
	at sun.nio.ch.ServerSocketAdaptor.bind(ServerSocketAdaptor.java:74) ~[na:1.7.0_80]
	at org.apache.tomcat.util.net.NioEndpoint.bind(NioEndpoint.java:229) ~[tomcat-embed-core-8.5.4.jar:8.5.4]
	at org.apache.tomcat.util.net.AbstractEndpoint.start(AbstractEndpoint.java:874) ~[tomcat-embed-core-8.5.4.jar:8.5.4]
	at org.apache.coyote.AbstractProtocol.start(AbstractProtocol.java:573) ~[tomcat-embed-core-8.5.4.jar:8.5.4]
	at org.apache.catalina.connector.Connector.startInternal(Connector.java:1035) [tomcat-embed-core-8.5.4.jar:8.5.4]
	at org.apache.catalina.util.LifecycleBase.start(LifecycleBase.java:152) [tomcat-embed-core-8.5.4.jar:8.5.4]
	at org.apache.catalina.core.StandardService.addConnector(StandardService.java:225) [tomcat-embed-core-8.5.4.jar:8.5.4]
	at org.springframework.boot.context.embedded.tomcat.TomcatEmbeddedServletContainer.addPreviouslyRemovedConnectors(TomcatEmbeddedServletContainer.java:234) [spring-boot-1.4.0.RELEASE.jar:1.4.0.RELEASE]
	at org.springframework.boot.context.embedded.tomcat.TomcatEmbeddedServletContainer.start(TomcatEmbeddedServletContainer.java:179) [spring-boot-1.4.0.RELEASE.jar:1.4.0.RELEASE]
	at org.springframework.boot.context.embedded.EmbeddedWebApplicationContext.startEmbeddedServletContainer(EmbeddedWebApplicationContext.java:297) [spring-boot-1.4.0.RELEASE.jar:1.4.0.RELEASE]
	at org.springframework.boot.context.embedded.EmbeddedWebApplicationContext.finishRefresh(EmbeddedWebApplicationContext.java:145) [spring-boot-1.4.0.RELEASE.jar:1.4.0.RELEASE]
	at org.springframework.context.support.AbstractApplicationContext.refresh(AbstractApplicationContext.java:544) [spring-context-4.3.2.RELEASE.jar:4.3.2.RELEASE]
	at org.springframework.boot.context.embedded.EmbeddedWebApplicationContext.refresh(EmbeddedWebApplicationContext.java:122) [spring-boot-1.4.0.RELEASE.jar:1.4.0.RELEASE]
	at org.springframework.boot.SpringApplication.refresh(SpringApplication.java:759) [spring-boot-1.4.0.RELEASE.jar:1.4.0.RELEASE]
	at org.springframework.boot.SpringApplication.refreshContext(SpringApplication.java:369) [spring-boot-1.4.0.RELEASE.jar:1.4.0.RELEASE]
	at org.springframework.boot.SpringApplication.run(SpringApplication.java:313) [spring-boot-1.4.0.RELEASE.jar:1.4.0.RELEASE]
	at org.springframework.boot.SpringApplication.run(SpringApplication.java:1185) [spring-boot-1.4.0.RELEASE.jar:1.4.0.RELEASE]
	at org.springframework.boot.SpringApplication.run(SpringApplication.java:1174) [spring-boot-1.4.0.RELEASE.jar:1.4.0.RELEASE]
	at NewsPusherModule.ApplicationNewsExport.main(ApplicationNewsExport.java:20) [classes/:na]
	at sun.reflect.NativeMethodAccessorImpl.invoke0(Native Method) ~[na:1.7.0_80]
	at sun.reflect.NativeMethodAccessorImpl.invoke(NativeMethodAccessorImpl.java:57) ~[na:1.7.0_80]
	at sun.reflect.DelegatingMethodAccessorImpl.invoke(DelegatingMethodAccessorImpl.java:43) ~[na:1.7.0_80]
	at java.lang.reflect.Method.invoke(Method.java:606) ~[na:1.7.0_80]
	at com.intellij.rt.execution.application.AppMain.main(AppMain.java:147) [idea_rt.jar:na]

2017-01-03 19:45:26.189 ERROR 13288 --- [main] o.apache.catalina.core.StandardService   : Failed to start connector [Connector[HTTP/1.1-10089]]

org.apache.catalina.LifecycleException: Failed to start component [Connector[HTTP/1.1-10089]]
	at org.apache.catalina.util.LifecycleBase.start(LifecycleBase.java:158) ~[tomcat-embed-core-8.5.4.jar:8.5.4]
	at org.apache.catalina.core.StandardService.addConnector(StandardService.java:225) ~[tomcat-embed-core-8.5.4.jar:8.5.4]
	at org.springframework.boot.context.embedded.tomcat.TomcatEmbeddedServletContainer.addPreviouslyRemovedConnectors(TomcatEmbeddedServletContainer.java:234) [spring-boot-1.4.0.RELEASE.jar:1.4.0.RELEASE]
	at org.springframework.boot.context.embedded.tomcat.TomcatEmbeddedServletContainer.start(TomcatEmbeddedServletContainer.java:179) [spring-boot-1.4.0.RELEASE.jar:1.4.0.RELEASE]
	at org.springframework.boot.context.embedded.EmbeddedWebApplicationContext.startEmbeddedServletContainer(EmbeddedWebApplicationContext.java:297) [spring-boot-1.4.0.RELEASE.jar:1.4.0.RELEASE]
	at org.springframework.boot.context.embedded.EmbeddedWebApplicationContext.finishRefresh(EmbeddedWebApplicationContext.java:145) [spring-boot-1.4.0.RELEASE.jar:1.4.0.RELEASE]
	at org.springframework.context.support.AbstractApplicationContext.refresh(AbstractApplicationContext.java:544) [spring-context-4.3.2.RELEASE.jar:4.3.2.RELEASE]
	at org.springframework.boot.context.embedded.EmbeddedWebApplicationContext.refresh(EmbeddedWebApplicationContext.java:122) [spring-boot-1.4.0.RELEASE.jar:1.4.0.RELEASE]
	at org.springframework.boot.SpringApplication.refresh(SpringApplication.java:759) [spring-boot-1.4.0.RELEASE.jar:1.4.0.RELEASE]
	at org.springframework.boot.SpringApplication.refreshContext(SpringApplication.java:369) [spring-boot-1.4.0.RELEASE.jar:1.4.0.RELEASE]
	at org.springframework.boot.SpringApplication.run(SpringApplication.java:313) [spring-boot-1.4.0.RELEASE.jar:1.4.0.RELEASE]
	at org.springframework.boot.SpringApplication.run(SpringApplication.java:1185) [spring-boot-1.4.0.RELEASE.jar:1.4.0.RELEASE]
	at org.springframework.boot.SpringApplication.run(SpringApplication.java:1174) [spring-boot-1.4.0.RELEASE.jar:1.4.0.RELEASE]
	at NewsPusherModule.ApplicationNewsExport.main(ApplicationNewsExport.java:20) [classes/:na]
	at sun.reflect.NativeMethodAccessorImpl.invoke0(Native Method) ~[na:1.7.0_80]
	at sun.reflect.NativeMethodAccessorImpl.invoke(NativeMethodAccessorImpl.java:57) ~[na:1.7.0_80]
	at sun.reflect.DelegatingMethodAccessorImpl.invoke(DelegatingMethodAccessorImpl.java:43) ~[na:1.7.0_80]
	at java.lang.reflect.Method.invoke(Method.java:606) ~[na:1.7.0_80]
	at com.intellij.rt.execution.application.AppMain.main(AppMain.java:147) [idea_rt.jar:na]
Caused by: org.apache.catalina.LifecycleException: service.getName(): "Tomcat";  Protocol handler start failed
	at org.apache.catalina.connector.Connector.startInternal(Connector.java:1042) ~[tomcat-embed-core-8.5.4.jar:8.5.4]
	at org.apache.catalina.util.LifecycleBase.start(LifecycleBase.java:152) ~[tomcat-embed-core-8.5.4.jar:8.5.4]
	... 18 common frames omitted
Caused by: java.net.BindException: Address already in use: bind
	at sun.nio.ch.Net.bind0(Native Method) ~[na:1.7.0_80]
	at sun.nio.ch.Net.bind(Net.java:463) ~[na:1.7.0_80]
	at sun.nio.ch.Net.bind(Net.java:455) ~[na:1.7.0_80]
	at sun.nio.ch.ServerSocketChannelImpl.bind(ServerSocketChannelImpl.java:223) ~[na:1.7.0_80]
	at sun.nio.ch.ServerSocketAdaptor.bind(ServerSocketAdaptor.java:74) ~[na:1.7.0_80]
	at org.apache.tomcat.util.net.NioEndpoint.bind(NioEndpoint.java:229) ~[tomcat-embed-core-8.5.4.jar:8.5.4]
	at org.apache.tomcat.util.net.AbstractEndpoint.start(AbstractEndpoint.java:874) ~[tomcat-embed-core-8.5.4.jar:8.5.4]
	at org.apache.coyote.AbstractProtocol.start(AbstractProtocol.java:573) ~[tomcat-embed-core-8.5.4.jar:8.5.4]
	at org.apache.catalina.connector.Connector.startInternal(Connector.java:1035) ~[tomcat-embed-core-8.5.4.jar:8.5.4]
	... 19 common frames omitted

2017-01-03 19:45:26.205  INFO 13288 --- [main] o.apache.catalina.core.StandardService   : Stopping service Tomcat
2017-01-03 19:45:26.218  INFO 13288 --- [main] utoConfigurationReportLoggingInitializer : 

Error starting ApplicationContext. To display the auto-configuration report enable debug logging (start with --debug)


2017-01-03 19:45:26.242 ERROR 13288 --- [main] o.s.b.d.LoggingFailureAnalysisReporter   : 

***************************
APPLICATION FAILED TO START
***************************

Description:

Embedded servlet container failed to start. Port 10089 was already in use.

Action:

Identify and stop the process that's listening on port 10089 or configure this application to listen on another port.

2017-01-03 19:45:26.243  INFO 13288 --- [main] ationConfigEmbeddedWebApplicationContext : Closing org.springframework.boot.context.embedded.AnnotationConfigEmbeddedWebApplicationContext@34938786: startup date [Tue Jan 03 19:45:22 CST 2017]; root of context hierarchy
2017-01-03 19:45:26.245  INFO 13288 --- [main] o.s.j.e.a.AnnotationMBeanExporter        : Unregistering JMX-exposed beans on shutdown
2017-01-03 19:45:35.389  INFO 664 --- [main] NewsPusherModule.ApplicationNewsExport   : Starting ApplicationNewsExport on DESKTOP-I5VPLTQ with PID 664 (D:\IdeaProjects\NewsExport_duocai\target\classes started by karel in D:\IdeaProjects\NewsExport_duocai)
2017-01-03 19:45:35.395  INFO 664 --- [main] NewsPusherModule.ApplicationNewsExport   : No active profile set, falling back to default profiles: default
2017-01-03 19:45:35.505  INFO 664 --- [main] ationConfigEmbeddedWebApplicationContext : Refreshing org.springframework.boot.context.embedded.AnnotationConfigEmbeddedWebApplicationContext@30739bfe: startup date [Tue Jan 03 19:45:35 CST 2017]; root of context hierarchy
2017-01-03 19:45:37.726  INFO 664 --- [main] s.b.c.e.t.TomcatEmbeddedServletContainer : Tomcat initialized with port(s): 10089 (http)
2017-01-03 19:45:37.737  INFO 664 --- [main] o.apache.catalina.core.StandardService   : Starting service Tomcat
2017-01-03 19:45:37.738  INFO 664 --- [main] org.apache.catalina.core.StandardEngine  : Starting Servlet Engine: Apache Tomcat/8.5.4
2017-01-03 19:45:37.892  INFO 664 --- [localhost-startStop-1] o.a.c.c.C.[Tomcat].[localhost].[/]       : Initializing Spring embedded WebApplicationContext
2017-01-03 19:45:37.892  INFO 664 --- [localhost-startStop-1] o.s.web.context.ContextLoader            : Root WebApplicationContext: initialization completed in 2390 ms
2017-01-03 19:45:38.145  INFO 664 --- [localhost-startStop-1] o.s.b.w.servlet.ServletRegistrationBean  : Mapping servlet: 'dispatcherServlet' to [/]
2017-01-03 19:45:38.151  INFO 664 --- [localhost-startStop-1] o.s.b.w.servlet.FilterRegistrationBean   : Mapping filter: 'characterEncodingFilter' to: [/*]
2017-01-03 19:45:38.151  INFO 664 --- [localhost-startStop-1] o.s.b.w.servlet.FilterRegistrationBean   : Mapping filter: 'hiddenHttpMethodFilter' to: [/*]
2017-01-03 19:45:38.151  INFO 664 --- [localhost-startStop-1] o.s.b.w.servlet.FilterRegistrationBean   : Mapping filter: 'httpPutFormContentFilter' to: [/*]
2017-01-03 19:45:38.152  INFO 664 --- [localhost-startStop-1] o.s.b.w.servlet.FilterRegistrationBean   : Mapping filter: 'requestContextFilter' to: [/*]
2017-01-03 19:45:38.764  INFO 664 --- [main] s.w.s.m.m.a.RequestMappingHandlerAdapter : Looking for @ControllerAdvice: org.springframework.boot.context.embedded.AnnotationConfigEmbeddedWebApplicationContext@30739bfe: startup date [Tue Jan 03 19:45:35 CST 2017]; root of context hierarchy
2017-01-03 19:45:38.835  INFO 664 --- [main] s.w.s.m.m.a.RequestMappingHandlerMapping : Mapped "{[/duocai/login],methods=[POST]}" onto public java.lang.Object NewsPusherModule.controller.ExportDuocaiController.login(java.lang.String,javax.servlet.http.HttpSession)
2017-01-03 19:45:38.836  INFO 664 --- [main] s.w.s.m.m.a.RequestMappingHandlerMapping : Mapped "{[/duocai/export/articles],methods=[POST]}" onto public java.lang.Object NewsPusherModule.controller.ExportDuocaiController.exportArticles(java.lang.String,java.lang.String)
2017-01-03 19:45:38.836  INFO 664 --- [main] s.w.s.m.m.a.RequestMappingHandlerMapping : Mapped "{[/duocai/export/article],methods=[POST]}" onto public java.lang.Object NewsPusherModule.controller.ExportDuocaiController.exportNewSingle(java.lang.String,java.lang.String)
2017-01-03 19:45:38.838  INFO 664 --- [main] s.w.s.m.m.a.RequestMappingHandlerMapping : Mapped "{[/newsExport/{tid}]}" onto public java.lang.String NewsPusherModule.controller.taskController.newsExport(java.lang.String) throws java.lang.Exception
2017-01-03 19:45:38.838  INFO 664 --- [main] s.w.s.m.m.a.RequestMappingHandlerMapping : Mapped "{[/testFinishedXml/{tid}]}" onto public java.lang.String NewsPusherModule.controller.taskController.testFinishedXml(java.lang.String)
2017-01-03 19:45:38.841  INFO 664 --- [main] s.w.s.m.m.a.RequestMappingHandlerMapping : Mapped "{[/error]}" onto public org.springframework.http.ResponseEntity<java.util.Map<java.lang.String, java.lang.Object>> org.springframework.boot.autoconfigure.web.BasicErrorController.error(javax.servlet.http.HttpServletRequest)
2017-01-03 19:45:38.841  INFO 664 --- [main] s.w.s.m.m.a.RequestMappingHandlerMapping : Mapped "{[/error],produces=[text/html]}" onto public org.springframework.web.servlet.ModelAndView org.springframework.boot.autoconfigure.web.BasicErrorController.errorHtml(javax.servlet.http.HttpServletRequest,javax.servlet.http.HttpServletResponse)
2017-01-03 19:45:38.903  INFO 664 --- [main] o.s.w.s.handler.SimpleUrlHandlerMapping  : Mapped URL path [/webjars/**] onto handler of type [class org.springframework.web.servlet.resource.ResourceHttpRequestHandler]
2017-01-03 19:45:38.904  INFO 664 --- [main] o.s.w.s.handler.SimpleUrlHandlerMapping  : Mapped URL path [/**] onto handler of type [class org.springframework.web.servlet.resource.ResourceHttpRequestHandler]
2017-01-03 19:45:38.974  INFO 664 --- [main] o.s.w.s.handler.SimpleUrlHandlerMapping  : Mapped URL path [/**/favicon.ico] onto handler of type [class org.springframework.web.servlet.resource.ResourceHttpRequestHandler]
2017-01-03 19:45:39.349  INFO 664 --- [main] o.s.j.e.a.AnnotationMBeanExporter        : Registering beans for JMX exposure on startup
2017-01-03 19:45:39.490  INFO 664 --- [main] s.b.c.e.t.TomcatEmbeddedServletContainer : Tomcat started on port(s): 10089 (http)
2017-01-03 19:45:39.497  INFO 664 --- [main] NewsPusherModule.ApplicationNewsExport   : Started ApplicationNewsExport in 5.058 seconds (JVM running for 5.725)
2017-01-03 19:47:43.344  INFO 31280 --- [main] NewsPusherModule.ApplicationNewsExport   : Starting ApplicationNewsExport on DESKTOP-I5VPLTQ with PID 31280 (D:\IdeaProjects\NewsExport_duocai\target\classes started by karel in D:\IdeaProjects\NewsExport_duocai)
2017-01-03 19:47:43.350  INFO 31280 --- [main] NewsPusherModule.ApplicationNewsExport   : No active profile set, falling back to default profiles: default
2017-01-03 19:47:43.554  INFO 31280 --- [main] ationConfigEmbeddedWebApplicationContext : Refreshing org.springframework.boot.context.embedded.AnnotationConfigEmbeddedWebApplicationContext@6226d537: startup date [Tue Jan 03 19:47:43 CST 2017]; root of context hierarchy
2017-01-03 19:47:45.782  INFO 31280 --- [main] s.b.c.e.t.TomcatEmbeddedServletContainer : Tomcat initialized with port(s): 10089 (http)
2017-01-03 19:47:45.792  INFO 31280 --- [main] o.apache.catalina.core.StandardService   : Starting service Tomcat
2017-01-03 19:47:45.793  INFO 31280 --- [main] org.apache.catalina.core.StandardEngine  : Starting Servlet Engine: Apache Tomcat/8.5.4
2017-01-03 19:47:45.923  INFO 31280 --- [localhost-startStop-1] o.a.c.c.C.[Tomcat].[localhost].[/]       : Initializing Spring embedded WebApplicationContext
2017-01-03 19:47:45.923  INFO 31280 --- [localhost-startStop-1] o.s.web.context.ContextLoader            : Root WebApplicationContext: initialization completed in 2373 ms
2017-01-03 19:47:46.191  INFO 31280 --- [localhost-startStop-1] o.s.b.w.servlet.ServletRegistrationBean  : Mapping servlet: 'dispatcherServlet' to [/]
2017-01-03 19:47:46.197  INFO 31280 --- [localhost-startStop-1] o.s.b.w.servlet.FilterRegistrationBean   : Mapping filter: 'characterEncodingFilter' to: [/*]
2017-01-03 19:47:46.197  INFO 31280 --- [localhost-startStop-1] o.s.b.w.servlet.FilterRegistrationBean   : Mapping filter: 'hiddenHttpMethodFilter' to: [/*]
2017-01-03 19:47:46.197  INFO 31280 --- [localhost-startStop-1] o.s.b.w.servlet.FilterRegistrationBean   : Mapping filter: 'httpPutFormContentFilter' to: [/*]
2017-01-03 19:47:46.197  INFO 31280 --- [localhost-startStop-1] o.s.b.w.servlet.FilterRegistrationBean   : Mapping filter: 'requestContextFilter' to: [/*]
2017-01-03 19:47:46.855  INFO 31280 --- [main] s.w.s.m.m.a.RequestMappingHandlerAdapter : Looking for @ControllerAdvice: org.springframework.boot.context.embedded.AnnotationConfigEmbeddedWebApplicationContext@6226d537: startup date [Tue Jan 03 19:47:43 CST 2017]; root of context hierarchy
2017-01-03 19:47:46.926  INFO 31280 --- [main] s.w.s.m.m.a.RequestMappingHandlerMapping : Mapped "{[/duocai/login],methods=[POST]}" onto public java.lang.Object NewsPusherModule.controller.ExportDuocaiController.login(java.lang.String,javax.servlet.http.HttpSession)
2017-01-03 19:47:46.927  INFO 31280 --- [main] s.w.s.m.m.a.RequestMappingHandlerMapping : Mapped "{[/duocai/export/articles],methods=[POST]}" onto public java.lang.Object NewsPusherModule.controller.ExportDuocaiController.exportArticles(java.lang.String,java.lang.String)
2017-01-03 19:47:46.928  INFO 31280 --- [main] s.w.s.m.m.a.RequestMappingHandlerMapping : Mapped "{[/duocai/export/article],methods=[POST]}" onto public java.lang.Object NewsPusherModule.controller.ExportDuocaiController.exportNewSingle(java.lang.String,java.lang.String)
2017-01-03 19:47:46.929  INFO 31280 --- [main] s.w.s.m.m.a.RequestMappingHandlerMapping : Mapped "{[/newsExport/{tid}]}" onto public java.lang.String NewsPusherModule.controller.taskController.newsExport(java.lang.String) throws java.lang.Exception
2017-01-03 19:47:46.930  INFO 31280 --- [main] s.w.s.m.m.a.RequestMappingHandlerMapping : Mapped "{[/testFinishedXml/{tid}]}" onto public java.lang.String NewsPusherModule.controller.taskController.testFinishedXml(java.lang.String)
2017-01-03 19:47:46.934  INFO 31280 --- [main] s.w.s.m.m.a.RequestMappingHandlerMapping : Mapped "{[/error]}" onto public org.springframework.http.ResponseEntity<java.util.Map<java.lang.String, java.lang.Object>> org.springframework.boot.autoconfigure.web.BasicErrorController.error(javax.servlet.http.HttpServletRequest)
2017-01-03 19:47:46.935  INFO 31280 --- [main] s.w.s.m.m.a.RequestMappingHandlerMapping : Mapped "{[/error],produces=[text/html]}" onto public org.springframework.web.servlet.ModelAndView org.springframework.boot.autoconfigure.web.BasicErrorController.errorHtml(javax.servlet.http.HttpServletRequest,javax.servlet.http.HttpServletResponse)
2017-01-03 19:47:46.995  INFO 31280 --- [main] o.s.w.s.handler.SimpleUrlHandlerMapping  : Mapped URL path [/webjars/**] onto handler of type [class org.springframework.web.servlet.resource.ResourceHttpRequestHandler]
2017-01-03 19:47:46.995  INFO 31280 --- [main] o.s.w.s.handler.SimpleUrlHandlerMapping  : Mapped URL path [/**] onto handler of type [class org.springframework.web.servlet.resource.ResourceHttpRequestHandler]
2017-01-03 19:47:47.077  INFO 31280 --- [main] o.s.w.s.handler.SimpleUrlHandlerMapping  : Mapped URL path [/**/favicon.ico] onto handler of type [class org.springframework.web.servlet.resource.ResourceHttpRequestHandler]
2017-01-03 19:47:47.510  INFO 31280 --- [main] o.s.j.e.a.AnnotationMBeanExporter        : Registering beans for JMX exposure on startup
2017-01-03 19:47:47.599  INFO 31280 --- [main] s.b.c.e.t.TomcatEmbeddedServletContainer : Tomcat started on port(s): 10089 (http)
2017-01-03 19:47:47.610  INFO 31280 --- [main] NewsPusherModule.ApplicationNewsExport   : Started ApplicationNewsExport in 5.297 seconds (JVM running for 5.915)
2017-01-03 19:50:53.837  INFO 6396 --- [main] NewsPusherModule.ApplicationNewsExport   : Starting ApplicationNewsExport on DESKTOP-I5VPLTQ with PID 6396 (D:\IdeaProjects\NewsExport_duocai\target\classes started by karel in D:\IdeaProjects\NewsExport_duocai)
2017-01-03 19:50:53.840  INFO 6396 --- [main] NewsPusherModule.ApplicationNewsExport   : No active profile set, falling back to default profiles: default
2017-01-03 19:50:53.963  INFO 6396 --- [main] ationConfigEmbeddedWebApplicationContext : Refreshing org.springframework.boot.context.embedded.AnnotationConfigEmbeddedWebApplicationContext@72f7cea4: startup date [Tue Jan 03 19:50:53 CST 2017]; root of context hierarchy
2017-01-03 19:50:56.094  INFO 6396 --- [main] s.b.c.e.t.TomcatEmbeddedServletContainer : Tomcat initialized with port(s): 10089 (http)
2017-01-03 19:50:56.105  INFO 6396 --- [main] o.apache.catalina.core.StandardService   : Starting service Tomcat
2017-01-03 19:50:56.107  INFO 6396 --- [main] org.apache.catalina.core.StandardEngine  : Starting Servlet Engine: Apache Tomcat/8.5.4
2017-01-03 19:50:56.236  INFO 6396 --- [localhost-startStop-1] o.a.c.c.C.[Tomcat].[localhost].[/]       : Initializing Spring embedded WebApplicationContext
2017-01-03 19:50:56.236  INFO 6396 --- [localhost-startStop-1] o.s.web.context.ContextLoader            : Root WebApplicationContext: initialization completed in 2276 ms
2017-01-03 19:50:56.511  INFO 6396 --- [localhost-startStop-1] o.s.b.w.servlet.ServletRegistrationBean  : Mapping servlet: 'dispatcherServlet' to [/]
2017-01-03 19:50:56.516  INFO 6396 --- [localhost-startStop-1] o.s.b.w.servlet.FilterRegistrationBean   : Mapping filter: 'characterEncodingFilter' to: [/*]
2017-01-03 19:50:56.516  INFO 6396 --- [localhost-startStop-1] o.s.b.w.servlet.FilterRegistrationBean   : Mapping filter: 'hiddenHttpMethodFilter' to: [/*]
2017-01-03 19:50:56.516  INFO 6396 --- [localhost-startStop-1] o.s.b.w.servlet.FilterRegistrationBean   : Mapping filter: 'httpPutFormContentFilter' to: [/*]
2017-01-03 19:50:56.516  INFO 6396 --- [localhost-startStop-1] o.s.b.w.servlet.FilterRegistrationBean   : Mapping filter: 'requestContextFilter' to: [/*]
2017-01-03 19:50:57.145  INFO 6396 --- [main] s.w.s.m.m.a.RequestMappingHandlerAdapter : Looking for @ControllerAdvice: org.springframework.boot.context.embedded.AnnotationConfigEmbeddedWebApplicationContext@72f7cea4: startup date [Tue Jan 03 19:50:53 CST 2017]; root of context hierarchy
2017-01-03 19:50:57.232  INFO 6396 --- [main] s.w.s.m.m.a.RequestMappingHandlerMapping : Mapped "{[/duocai/export/article],methods=[POST]}" onto public java.lang.Object NewsPusherModule.controller.ExportDuocaiController.exportNewSingle(java.lang.String,java.lang.String)
2017-01-03 19:50:57.233  INFO 6396 --- [main] s.w.s.m.m.a.RequestMappingHandlerMapping : Mapped "{[/duocai/export/articles],methods=[POST]}" onto public java.lang.Object NewsPusherModule.controller.ExportDuocaiController.exportArticles(java.lang.String,java.lang.String)
2017-01-03 19:50:57.234  INFO 6396 --- [main] s.w.s.m.m.a.RequestMappingHandlerMapping : Mapped "{[/duocai/login],methods=[POST]}" onto public java.lang.Object NewsPusherModule.controller.ExportDuocaiController.login(java.lang.String,javax.servlet.http.HttpSession)
2017-01-03 19:50:57.235  INFO 6396 --- [main] s.w.s.m.m.a.RequestMappingHandlerMapping : Mapped "{[/testFinishedXml/{tid}]}" onto public java.lang.String NewsPusherModule.controller.taskController.testFinishedXml(java.lang.String)
2017-01-03 19:50:57.236  INFO 6396 --- [main] s.w.s.m.m.a.RequestMappingHandlerMapping : Mapped "{[/newsExport/{tid}]}" onto public java.lang.String NewsPusherModule.controller.taskController.newsExport(java.lang.String) throws java.lang.Exception
2017-01-03 19:50:57.240  INFO 6396 --- [main] s.w.s.m.m.a.RequestMappingHandlerMapping : Mapped "{[/error]}" onto public org.springframework.http.ResponseEntity<java.util.Map<java.lang.String, java.lang.Object>> org.springframework.boot.autoconfigure.web.BasicErrorController.error(javax.servlet.http.HttpServletRequest)
2017-01-03 19:50:57.240  INFO 6396 --- [main] s.w.s.m.m.a.RequestMappingHandlerMapping : Mapped "{[/error],produces=[text/html]}" onto public org.springframework.web.servlet.ModelAndView org.springframework.boot.autoconfigure.web.BasicErrorController.errorHtml(javax.servlet.http.HttpServletRequest,javax.servlet.http.HttpServletResponse)
2017-01-03 19:50:57.315  INFO 6396 --- [main] o.s.w.s.handler.SimpleUrlHandlerMapping  : Mapped URL path [/webjars/**] onto handler of type [class org.springframework.web.servlet.resource.ResourceHttpRequestHandler]
2017-01-03 19:50:57.316  INFO 6396 --- [main] o.s.w.s.handler.SimpleUrlHandlerMapping  : Mapped URL path [/**] onto handler of type [class org.springframework.web.servlet.resource.ResourceHttpRequestHandler]
2017-01-03 19:50:57.415  INFO 6396 --- [main] o.s.w.s.handler.SimpleUrlHandlerMapping  : Mapped URL path [/**/favicon.ico] onto handler of type [class org.springframework.web.servlet.resource.ResourceHttpRequestHandler]
2017-01-03 19:50:57.768  INFO 6396 --- [main] o.s.j.e.a.AnnotationMBeanExporter        : Registering beans for JMX exposure on startup
2017-01-03 19:50:57.898  INFO 6396 --- [main] s.b.c.e.t.TomcatEmbeddedServletContainer : Tomcat started on port(s): 10089 (http)
2017-01-03 19:50:57.934  INFO 6396 --- [main] NewsPusherModule.ApplicationNewsExport   : Started ApplicationNewsExport in 5.113 seconds (JVM running for 5.736)
2017-01-03 19:54:50.801  INFO 916 --- [main] NewsPusherModule.ApplicationNewsExport   : Starting ApplicationNewsExport on DESKTOP-I5VPLTQ with PID 916 (D:\IdeaProjects\NewsExport_duocai\target\classes started by karel in D:\IdeaProjects\NewsExport_duocai)
2017-01-03 19:54:50.811  INFO 916 --- [main] NewsPusherModule.ApplicationNewsExport   : No active profile set, falling back to default profiles: default
2017-01-03 19:54:50.922  INFO 916 --- [main] ationConfigEmbeddedWebApplicationContext : Refreshing org.springframework.boot.context.embedded.AnnotationConfigEmbeddedWebApplicationContext@4d047f51: startup date [Tue Jan 03 19:54:50 CST 2017]; root of context hierarchy
2017-01-03 19:54:53.314  INFO 916 --- [main] s.b.c.e.t.TomcatEmbeddedServletContainer : Tomcat initialized with port(s): 10089 (http)
2017-01-03 19:54:53.328  INFO 916 --- [main] o.apache.catalina.core.StandardService   : Starting service Tomcat
2017-01-03 19:54:53.329  INFO 916 --- [main] org.apache.catalina.core.StandardEngine  : Starting Servlet Engine: Apache Tomcat/8.5.4
2017-01-03 19:54:53.491  INFO 916 --- [localhost-startStop-1] o.a.c.c.C.[Tomcat].[localhost].[/]       : Initializing Spring embedded WebApplicationContext
2017-01-03 19:54:53.491  INFO 916 --- [localhost-startStop-1] o.s.web.context.ContextLoader            : Root WebApplicationContext: initialization completed in 2572 ms
2017-01-03 19:54:53.801  INFO 916 --- [localhost-startStop-1] o.s.b.w.servlet.ServletRegistrationBean  : Mapping servlet: 'dispatcherServlet' to [/]
2017-01-03 19:54:53.808  INFO 916 --- [localhost-startStop-1] o.s.b.w.servlet.FilterRegistrationBean   : Mapping filter: 'characterEncodingFilter' to: [/*]
2017-01-03 19:54:53.808  INFO 916 --- [localhost-startStop-1] o.s.b.w.servlet.FilterRegistrationBean   : Mapping filter: 'hiddenHttpMethodFilter' to: [/*]
2017-01-03 19:54:53.808  INFO 916 --- [localhost-startStop-1] o.s.b.w.servlet.FilterRegistrationBean   : Mapping filter: 'httpPutFormContentFilter' to: [/*]
2017-01-03 19:54:53.808  INFO 916 --- [localhost-startStop-1] o.s.b.w.servlet.FilterRegistrationBean   : Mapping filter: 'requestContextFilter' to: [/*]
2017-01-03 19:54:54.478  INFO 916 --- [main] s.w.s.m.m.a.RequestMappingHandlerAdapter : Looking for @ControllerAdvice: org.springframework.boot.context.embedded.AnnotationConfigEmbeddedWebApplicationContext@4d047f51: startup date [Tue Jan 03 19:54:50 CST 2017]; root of context hierarchy
2017-01-03 19:54:54.565  INFO 916 --- [main] s.w.s.m.m.a.RequestMappingHandlerMapping : Mapped "{[/duocai/export/articles],methods=[POST]}" onto public java.lang.Object NewsPusherModule.controller.ExportDuocaiController.exportArticles(java.lang.String,java.lang.String)
2017-01-03 19:54:54.566  INFO 916 --- [main] s.w.s.m.m.a.RequestMappingHandlerMapping : Mapped "{[/duocai/export/article],methods=[POST]}" onto public java.lang.Object NewsPusherModule.controller.ExportDuocaiController.exportNewSingle(java.lang.String,java.lang.String)
2017-01-03 19:54:54.567  INFO 916 --- [main] s.w.s.m.m.a.RequestMappingHandlerMapping : Mapped "{[/duocai/login],methods=[POST]}" onto public java.lang.Object NewsPusherModule.controller.ExportDuocaiController.login(java.lang.String,javax.servlet.http.HttpSession)
2017-01-03 19:54:54.568  INFO 916 --- [main] s.w.s.m.m.a.RequestMappingHandlerMapping : Mapped "{[/testFinishedXml/{tid}]}" onto public java.lang.String NewsPusherModule.controller.taskController.testFinishedXml(java.lang.String)
2017-01-03 19:54:54.568  INFO 916 --- [main] s.w.s.m.m.a.RequestMappingHandlerMapping : Mapped "{[/newsExport/{tid}]}" onto public java.lang.String NewsPusherModule.controller.taskController.newsExport(java.lang.String) throws java.lang.Exception
2017-01-03 19:54:54.572  INFO 916 --- [main] s.w.s.m.m.a.RequestMappingHandlerMapping : Mapped "{[/error]}" onto public org.springframework.http.ResponseEntity<java.util.Map<java.lang.String, java.lang.Object>> org.springframework.boot.autoconfigure.web.BasicErrorController.error(javax.servlet.http.HttpServletRequest)
2017-01-03 19:54:54.573  INFO 916 --- [main] s.w.s.m.m.a.RequestMappingHandlerMapping : Mapped "{[/error],produces=[text/html]}" onto public org.springframework.web.servlet.ModelAndView org.springframework.boot.autoconfigure.web.BasicErrorController.errorHtml(javax.servlet.http.HttpServletRequest,javax.servlet.http.HttpServletResponse)
2017-01-03 19:54:54.639  INFO 916 --- [main] o.s.w.s.handler.SimpleUrlHandlerMapping  : Mapped URL path [/webjars/**] onto handler of type [class org.springframework.web.servlet.resource.ResourceHttpRequestHandler]
2017-01-03 19:54:54.639  INFO 916 --- [main] o.s.w.s.handler.SimpleUrlHandlerMapping  : Mapped URL path [/**] onto handler of type [class org.springframework.web.servlet.resource.ResourceHttpRequestHandler]
2017-01-03 19:54:54.731  INFO 916 --- [main] o.s.w.s.handler.SimpleUrlHandlerMapping  : Mapped URL path [/**/favicon.ico] onto handler of type [class org.springframework.web.servlet.resource.ResourceHttpRequestHandler]
2017-01-03 19:54:55.277  INFO 916 --- [main] o.s.j.e.a.AnnotationMBeanExporter        : Registering beans for JMX exposure on startup
2017-01-03 19:54:55.440  INFO 916 --- [main] s.b.c.e.t.TomcatEmbeddedServletContainer : Tomcat started on port(s): 10089 (http)
2017-01-03 19:54:55.450  INFO 916 --- [main] NewsPusherModule.ApplicationNewsExport   : Started ApplicationNewsExport in 5.841 seconds (JVM running for 6.532)
