{"code":1,"result":{"newsId":"015140905","title":"黔南推动纪检监察队伍约谈工作制度化、常态化 ","state":0,"url":"http://www.gog.cn/test/system/2016/09/28/015140905.shtml"}}
{"code":1,"result":{"newsId":"015140906","title":"黔南推动纪检监察队伍约谈工作制度化、常态化 ","state":0,"url":"http://www.gog.cn/test/system/2016/09/28/015140906.shtml"}}
{"code":1,"result":{"newsId":"015140907","title":"黔南州法院司法透明度位列全省中级法院首位 ","state":0,"url":"http://www.gog.cn/test/system/2016/09/28/015140907.shtml"}}
{"code":1,"result":{"newsId":"015140908","title":"黔南航龙·未来天文小镇首批项目正式开工建设 ","state":0,"url":"http://www.gog.cn/test/system/2016/09/28/015140908.shtml"}}
{"code":1,"result":{"newsId":"015140909","title":"第十届都匀毛尖茶文化节隆重开幕 ","state":0,"url":"http://www.gog.cn/test/system/2016/09/28/015140909.shtml"}}
{"code":1,"result":{"newsId":"015140911","title":"2016黔南州优秀民营企业家成长计划培训会在都匀举行 ","state":0,"url":"http://www.gog.cn/test/system/2016/09/28/015140911.shtml"}}
{"code":1,"result":{"newsId":"015140912","title":"第三届全国茶艺职业技能大赛落幕 我州选手斩获一金一银 ","state":0,"url":"http://www.gog.cn/test/system/2016/09/28/015140912.shtml"}}
{"code":1,"result":{"newsId":"015140913","title":"黔南州预计年底实现村村通油（水泥）路目标 ","state":0,"url":"http://www.gog.cn/test/system/2016/09/28/015140913.shtml"}}
{"code":1,"result":{"newsId":"015140914","title":"途径黔南多地线路 贵阳至南宁高铁项目获批复 ","state":0,"url":"http://www.gog.cn/test/system/2016/09/28/015140914.shtml"}}
{"code":1,"result":{"newsId":"015140916","title":"黔南“六个统一”破除旧有体制障碍 做强做大毛尖品牌 ","state":0,"url":"http://www.gog.cn/test/system/2016/09/28/015140916.shtml"}}
{"code":1,"result":{"newsId":"015140917","title":"黔南州对茶人会筹备工作再部署再检查再落实 ","state":0,"url":"http://www.gog.cn/test/system/2016/09/28/015140917.shtml"}}
{"code":1,"result":{"newsId":"015140919","title":"黔南州制定五个地方标准 助推生态畜牧业发展 ","state":0,"url":"http://www.gog.cn/test/system/2016/09/28/015140919.shtml"}}
{"code":1,"result":{"newsId":"015140920","title":"黔南州中医医院：情系精准扶贫 医惠困难群众 ","state":0,"url":"http://www.gog.cn/test/system/2016/09/28/015140920.shtml"}}
{"code":1,"result":{"newsId":"015140922","title":"黔南首条旅游公路将全面竣工 景观工程初步成型 ","state":0,"url":"http://www.gog.cn/test/system/2016/09/28/015140922.shtml"}}
{"code":1,"result":{"newsId":"015140923","title":"黔南知名品牌评选工作启动 将评出100个黔南品牌 ","state":0,"url":"http://www.gog.cn/test/system/2016/09/28/015140923.shtml"}}
{"code":1,"result":{"newsId":"015140924","title":"黔南州委召开常委（扩大）会议 ","state":0,"url":"http://www.gog.cn/test/system/2016/09/28/015140924.shtml"}}
{"code":1,"result":{"newsId":"015140926","title":"黔南州常态化开展公车治理 查处违纪行为25起 ","state":0,"url":"http://www.gog.cn/test/system/2016/09/28/015140926.shtml"}}
{"code":1,"result":{"newsId":"015140927","title":"黔南法院精准发力多措并举破解执行难工作稳步推进 ","state":0,"url":"http://www.gog.cn/test/system/2016/09/28/015140927.shtml"}}
{"code":1,"result":{"newsId":"015140929","title":"碧桂园·凤凰城(都匀)举办“点亮城市之光”产品发布会暨认筹启动仪式 ","state":0,"url":"http://www.gog.cn/test/system/2016/09/28/015140929.shtml"}}
{"code":1,"result":{"newsId":"015140930","title":"黔南州“最美高速”梳妆打扮 喜迎四方宾朋 ","state":0,"url":"http://www.gog.cn/test/system/2016/09/28/015140930.shtml"}}
{"code":1,"result":{"newsId":"015140933","title":"黔南州全民健身活动中心正式对外开放 ","state":0,"url":"http://www.gog.cn/test/system/2016/09/28/015140933.shtml"}}
{"code":1,"result":{"newsId":"015140934","title":"黔南今年发放助学金207.4万元 资助贫困生1152人 ","state":0,"url":"http://www.gog.cn/test/system/2016/09/28/015140934.shtml"}}
{"code":1,"result":{"newsId":"015140935","title":"黔南抓\"三导\"解\"三不\"促民生监督工作快速提升 ","state":0,"url":"http://www.gog.cn/test/system/2016/09/28/015140935.shtml"}}
{"code":1,"result":{"newsId":"015140936","title":"黔南职院召开2016级高职新生开学典礼暨军训动员大会 ","state":0,"url":"http://www.gog.cn/test/system/2016/09/28/015140936.shtml"}}
{"code":1,"result":{"newsId":"015140942","title":"黔南州集中火力帮助极贫乡镇实现“绝地重生” ","state":0,"url":"http://www.gog.cn/test/system/2016/09/28/015140942.shtml"}}
{"code":1,"result":{"newsId":"015140943","title":"黔南州首例拒不执行判决罪公诉案件二审宣判 ","state":0,"url":"http://www.gog.cn/test/system/2016/09/28/015140943.shtml"}}
{"code":1,"result":{"newsId":"015140945","title":"“生态之州·幸福黔南”60周年成就展开展 ","state":0,"url":"http://www.gog.cn/test/system/2016/09/28/015140945.shtml"}}
{"code":1,"result":{"newsId":"015140947","title":"“黔南传统文化秀”展示展演活动在都匀市举行 ","state":0,"url":"http://www.gog.cn/test/system/2016/09/28/015140947.shtml"}}
{"code":1,"result":{"newsId":"015140950","title":"黔南州第九届旅游产业发展大会在福泉市召开 ","state":0,"url":"http://www.gog.cn/test/system/2016/09/28/015140950.shtml"}}
{"code":1,"result":{"newsId":"015140952","title":"黔南州60年成就展试运行免票开放 感受黔南巨变 ","state":0,"url":"http://www.gog.cn/test/system/2016/09/28/015140952.shtml"}}
{"code":1,"result":{"newsId":"015140953","title":"黔南州人民政府办公室关于2015年民族传统节日和州庆放假的通知 ","state":0,"url":"http://www.gog.cn/test/system/2016/09/28/015140953.shtml"}}
{"code":1,"result":{"newsId":"015140954","title":"贵州第十二届优秀楼盘评选揭晓 天福·剑江半岛连摘两大奖项 ","state":0,"url":"http://www.gog.cn/test/system/2016/09/28/015140954.shtml"}}
{"code":1,"result":{"newsId":"015140956","title":"贵阳到南宁将建高铁途经黔南都匀、独山等县市 ","state":0,"url":"http://www.gog.cn/test/system/2016/09/28/015140956.shtml"}}
{"code":1,"result":{"newsId":"015140957","title":"黔南州人民政府办公室关于2016年民族传统节日和州庆放假的通知 ","state":0,"url":"http://www.gog.cn/test/system/2016/09/28/015140957.shtml"}}
{"code":1,"result":{"newsId":"015140959","title":"“两山”路上看变迁 —“红色瓮安 绿色发展” ","state":0,"url":"http://www.gog.cn/test/system/2016/09/28/015140959.shtml"}}
{"code":1,"result":{"newsId":"015140960","title":"2016都匀毛尖（国际）茶人会瓮安县签约72亿元 ","state":0,"url":"http://www.gog.cn/test/system/2016/09/28/015140960.shtml"}}
{"code":1,"result":{"newsId":"015140962","title":"贵定交警圆满完成茶人会系列活动交通安保任务 ","state":0,"url":"http://www.gog.cn/test/system/2016/09/28/015140962.shtml"}}
{"code":1,"result":{"newsId":"015140963","title":"中国科协授予平塘FAST基地为全国科普教育基地 ","state":0,"url":"http://www.gog.cn/test/system/2016/09/28/015140963.shtml"}}
{"code":1,"result":{"newsId":"015140965","title":"都匀毛尖(国际)茶人会走进瓮安 体验红色茶文化 ","state":0,"url":"http://www.gog.cn/test/system/2016/09/28/015140965.shtml"}}
{"code":1,"result":{"newsId":"015140967","title":"贵阳市瓮安商会正式成立 ","state":0,"url":"http://www.gog.cn/test/system/2016/09/28/015140967.shtml"}}
{"code":1,"result":{"newsId":"015141203","title":"平塘县“农商行”杯“金牌”导游评选大赛正式开赛 ","state":0,"url":"http://www.gog.cn/test/system/2016/09/28/015141203.shtml"}}
{"code":1,"result":{"newsId":"015141204","title":"平塘县“农商行”杯“金牌”导游评选大赛正式开赛 ","state":0,"url":"http://www.gog.cn/test/system/2016/09/28/015141204.shtml"}}
{"code":1,"result":{"newsId":"015141205","title":"平塘县“农商行”杯“金牌”导游评选大赛正式开赛 ","state":0,"url":"http://www.gog.cn/test/system/2016/09/28/015141205.shtml"}}
{"code":1,"result":{"newsId":"015141206","title":"平塘县“农商行”杯“金牌”导游评选大赛正式开赛 ","state":0,"url":"http://www.gog.cn/test/system/2016/09/28/015141206.shtml"}}
{"code":1,"result":{"newsId":"015141207","title":"平塘县“农商行”杯“金牌”导游评选大赛正式开赛 ","state":0,"url":"http://www.gog.cn/test/system/2016/09/28/015141207.shtml"}}
{"code":1,"result":{"newsId":"015141208","title":"平塘县“农商行”杯“金牌”导游评选大赛正式开赛 ","state":0,"url":"http://www.gog.cn/test/system/2016/09/28/015141208.shtml"}}
{"code":1,"result":{"newsId":"015141209","title":"平塘县“农商行”杯“金牌”导游评选大赛正式开赛 ","state":0,"url":"http://www.gog.cn/test/system/2016/09/28/015141209.shtml"}}
{"code":1,"result":{"newsId":"015141210","title":"平塘县“农商行”杯“金牌”导游评选大赛正式开赛 ","state":0,"url":"http://www.gog.cn/test/system/2016/09/28/015141210.shtml"}}
{"code":1,"result":{"newsId":"015141211","title":"平塘县“农商行”杯“金牌”导游评选大赛正式开赛 ","state":0,"url":"http://www.gog.cn/test/system/2016/09/28/015141211.shtml"}}
{"code":1,"result":{"newsId":"015141294","title":"“生态之州·幸福黔南”60周年成就展开展 ","state":0,"url":"http://www.gog.cn/test/system/2016/09/28/015141294.shtml"}}
{"code":1,"result":{"newsId":"015141295","title":"“黔南传统文化秀”展示展演活动在都匀市举行 ","state":0,"url":"http://www.gog.cn/test/system/2016/09/28/015141295.shtml"}}
{"code":1,"result":{"newsId":"015141298","title":"黔南州第九届旅游产业发展大会在福泉市召开 ","state":0,"url":"http://www.gog.cn/test/system/2016/09/28/015141298.shtml"}}
{"code":1,"result":{"newsId":"015141299","title":"黔南州60年成就展试运行免票开放 感受黔南巨变 ","state":0,"url":"http://www.gog.cn/test/system/2016/09/28/015141299.shtml"}}
{"code":1,"result":{"newsId":"015141300","title":"黔南州人民政府办公室关于2015年民族传统节日和州庆放假的通知 ","state":0,"url":"http://www.gog.cn/test/system/2016/09/28/015141300.shtml"}}
{"code":1,"result":{"newsId":"015141301","title":"贵州第十二届优秀楼盘评选揭晓 天福·剑江半岛连摘两大奖项 ","state":0,"url":"http://www.gog.cn/test/system/2016/09/28/015141301.shtml"}}
{"code":1,"result":{"newsId":"015141302","title":"贵阳到南宁将建高铁途经黔南都匀、独山等县市 ","state":0,"url":"http://www.gog.cn/test/system/2016/09/28/015141302.shtml"}}
{"code":1,"result":{"newsId":"015141303","title":"黔南州人民政府办公室关于2016年民族传统节日和州庆放假的通知 ","state":0,"url":"http://www.gog.cn/test/system/2016/09/28/015141303.shtml"}}
{"code":1,"result":{"newsId":"015141324","title":"碧桂园·凤凰城(都匀)举办“点亮城市之光”产品发布会暨认筹启动仪式 ","state":0,"url":"http://www.gog.cn/test/system/2016/09/28/015141324.shtml"}}
{"code":1,"result":{"newsId":"015141325","title":"黔南州“最美高速”梳妆打扮 喜迎四方宾朋 ","state":0,"url":"http://www.gog.cn/test/system/2016/09/28/015141325.shtml"}}
{"code":1,"result":{"newsId":"015141326","title":"黔南州全民健身活动中心正式对外开放 ","state":0,"url":"http://www.gog.cn/test/system/2016/09/28/015141326.shtml"}}
{"code":1,"result":{"newsId":"015141327","title":"黔南今年发放助学金207.4万元 资助贫困生1152人 ","state":0,"url":"http://www.gog.cn/test/system/2016/09/28/015141327.shtml"}}
{"code":1,"result":{"newsId":"015141328","title":"黔南抓\"三导\"解\"三不\"促民生监督工作快速提升 ","state":0,"url":"http://www.gog.cn/test/system/2016/09/28/015141328.shtml"}}
{"code":1,"result":{"newsId":"015141329","title":"黔南职院召开2016级高职新生开学典礼暨军训动员大会 ","state":0,"url":"http://www.gog.cn/test/system/2016/09/28/015141329.shtml"}}
{"code":1,"result":{"newsId":"015141330","title":"黔南州集中火力帮助极贫乡镇实现“绝地重生” ","state":0,"url":"http://www.gog.cn/test/system/2016/09/28/015141330.shtml"}}
{"code":1,"result":{"newsId":"015141331","title":"黔南州首例拒不执行判决罪公诉案件二审宣判 ","state":0,"url":"http://www.gog.cn/test/system/2016/09/28/015141331.shtml"}}
{"code":1,"result":{"newsId":"015144140","title":"黔南州制定五个地方标准 助推生态畜牧业发展 ","state":0,"url":"http://www.gog.cn/test/system/2016/09/30/015144140.shtml"}}
{"code":1,"result":{"newsId":"015144159","title":"黔南州制定五个地方标准 助推生态畜牧业发展 ","state":0,"url":"http://www.gog.cn/test/system/2016/09/30/015144159.shtml"}}
{"code":-2,"result":""}
{"code":-2,"result":""}
{"code":-2,"result":""}
{"code":-2,"result":""}
{"code":-2,"result":""}
{"code":-2,"result":""}
{"code":-2,"result":""}
{"code":-2,"result":""}
{"code":-2,"result":""}
{"code":-2,"result":""}
{"code":-2,"result":""}
{"code":-2,"result":""}
{"code":-2,"result":""}
{"code":-2,"result":""}
{"code":-2,"result":""}
{"code":-2,"result":""}
{"code":-2,"result":""}
{"code":-2,"result":""}
{"code":-2,"result":""}
{"code":-2,"result":""}
{"code":-2,"result":""}
{"code":-2,"result":""}
{"code":-2,"result":""}
{"code":-2,"result":""}
{"code":-2,"result":""}
{"code":-2,"result":""}
{"code":-2,"result":""}
{"code":-2,"result":""}
{"code":-2,"result":""}
{"code":-2,"result":""}
{"code":-2,"result":""}
{"code":-2,"result":""}
{"code":-2,"result":""}
{"code":-2,"result":""}
{"code":-2,"result":""}
{"code":-2,"result":""}
{"code":-2,"result":""}
{"code":-2,"result":""}
{"code":-2,"result":""}
{"code":-2,"result":""}
{"code":-2,"result":""}
{"code":-2,"result":""}
{"code":-2,"result":""}
{"code":-2,"result":""}
{"code":-2,"result":""}
{"code":-2,"result":""}
{"code":-2,"result":""}
{"code":-2,"result":""}
{"code":-2,"result":""}
{"code":-2,"result":""}
{"code":-1,"result":""}
{"code":-1,"result":""}
{"code":-1,"result":""}
{"code":1,"result":{"newsId":"015152530","title":"<h1>“黔南传统文化秀”展示展演活动在都匀市举行 <\/h1>","state":0,"url":"http://www.gog.cn/test/system/2016/10/09/015152530.shtml"}}
{"code":1,"result":{"newsId":"015152557","title":"<h1>“黔南传统文化秀”展示展演活动在都匀市举行 <\/h1>","state":0,"url":"http://www.gog.cn/test/system/2016/10/09/015152557.shtml"}}
{"code":1,"result":{"newsId":"015152558","title":"<h1>“黔南传统文化秀”展示展演活动在都匀市举行 <\/h1>","state":0,"url":"http://www.gog.cn/test/system/2016/10/09/015152558.shtml"}}
{"code":1,"result":{"newsId":"015152561","title":"黔南州中心血站走进南方出租车公司普及血液知识 ","state":0,"url":"http://www.gog.cn/test/system/2016/10/09/015152561.shtml"}}
{"code":1,"result":{"newsId":"015152562","title":"黔南州城乡居民基本养老保险项目合作签约仪式在都匀举行 ","state":0,"url":"http://www.gog.cn/test/system/2016/10/09/015152562.shtml"}}
{"code":1,"result":{"newsId":"015152563","title":"黔南州今年1到8月完成固定资产投资520.75亿元 ","state":0,"url":"http://www.gog.cn/test/system/2016/10/09/015152563.shtml"}}
{"code":1,"result":{"newsId":"015152564","title":"黔南：学习借鉴好经验好做法 加速打造创新发展先行示范区 ","state":0,"url":"http://www.gog.cn/test/system/2016/10/09/015152564.shtml"}}
{"code":1,"result":{"newsId":"015152565","title":"黔南州公开有奖征集第十届旅发大会吉祥物 ","state":0,"url":"http://www.gog.cn/test/system/2016/10/09/015152565.shtml"}}
{"code":1,"result":{"newsId":"015152566","title":"黔南高校500余名志愿者出色服务茶人会受点赞 ","state":0,"url":"http://www.gog.cn/test/system/2016/10/09/015152566.shtml"}}
{"code":1,"result":{"newsId":"015152567","title":"黔南州国庆确保旅游环境 创建 ","state":0,"url":"http://www.gog.cn/test/system/2016/10/09/015152567.shtml"}}
{"code":1,"result":{"newsId":"015152568","title":"黔南州出台《关于深化供销合作社综合改革的实施意见》 ","state":0,"url":"http://www.gog.cn/test/system/2016/10/09/015152568.shtml"}}
{"code":1,"result":{"newsId":"015152569","title":"黔南:按照既定时间表路线图推进改革 不断提高改革精准化精细化水平 ","state":0,"url":"http://www.gog.cn/test/system/2016/10/09/015152569.shtml"}}
{"code":1,"result":{"newsId":"015152570","title":"黔南推动纪检监察队伍约谈工作制度化、常态化 ","state":0,"url":"http://www.gog.cn/test/system/2016/10/09/015152570.shtml"}}
{"code":1,"result":{"newsId":"015152571","title":"黔南州法院司法透明度位列全省中级法院首位 ","state":0,"url":"http://www.gog.cn/test/system/2016/10/09/015152571.shtml"}}
{"code":1,"result":{"newsId":"015152572","title":"黔南航龙·未来天文小镇首批项目正式开工建设 ","state":0,"url":"http://www.gog.cn/test/system/2016/10/09/015152572.shtml"}}
{"code":1,"result":{"newsId":"015152573","title":"第十届都匀毛尖茶文化节隆重开幕 ","state":0,"url":"http://www.gog.cn/test/system/2016/10/09/015152573.shtml"}}
{"code":1,"result":{"newsId":"015152574","title":"2016黔南州优秀民营企业家成长计划培训会在都匀举行 ","state":0,"url":"http://www.gog.cn/test/system/2016/10/09/015152574.shtml"}}
{"code":1,"result":{"newsId":"015152575","title":"第三届全国茶艺职业技能大赛落幕 我州选手斩获一金一银 ","state":0,"url":"http://www.gog.cn/test/system/2016/10/09/015152575.shtml"}}
{"code":1,"result":{"newsId":"015152576","title":"黔南州预计年底实现村村通油（水泥）路目标 ","state":0,"url":"http://www.gog.cn/test/system/2016/10/09/015152576.shtml"}}
{"code":1,"result":{"newsId":"015152577","title":"途径黔南多地线路 贵阳至南宁高铁项目获批复 ","state":0,"url":"http://www.gog.cn/test/system/2016/10/09/015152577.shtml"}}
{"code":1,"result":{"newsId":"015152578","title":"黔南“六个统一”破除旧有体制障碍 做强做大毛尖品牌 ","state":0,"url":"http://www.gog.cn/test/system/2016/10/09/015152578.shtml"}}
{"code":1,"result":{"newsId":"015152579","title":"黔南州对茶人会筹备工作再部署再检查再落实 ","state":0,"url":"http://www.gog.cn/test/system/2016/10/09/015152579.shtml"}}
{"code":1,"result":{"newsId":"015152580","title":"黔南州制定五个地方标准 助推生态畜牧业发展 ","state":0,"url":"http://www.gog.cn/test/system/2016/10/09/015152580.shtml"}}
{"code":1,"result":{"newsId":"015152581","title":"黔南州中医医院：情系精准扶贫 医惠困难群众 ","state":0,"url":"http://www.gog.cn/test/system/2016/10/09/015152581.shtml"}}
{"code":1,"result":{"newsId":"015152582","title":"黔南首条旅游公路将全面竣工 景观工程初步成型 ","state":0,"url":"http://www.gog.cn/test/system/2016/10/09/015152582.shtml"}}
{"code":1,"result":{"newsId":"015152583","title":"黔南知名品牌评选工作启动 将评出100个黔南品牌 ","state":0,"url":"http://www.gog.cn/test/system/2016/10/09/015152583.shtml"}}
{"code":1,"result":{"newsId":"015152584","title":"黔南州委召开常委（扩大）会议 ","state":0,"url":"http://www.gog.cn/test/system/2016/10/09/015152584.shtml"}}
{"code":1,"result":{"newsId":"015152586","title":"黔南州常态化开展公车治理 查处违纪行为25起 ","state":0,"url":"http://www.gog.cn/test/system/2016/10/09/015152586.shtml"}}
{"code":1,"result":{"newsId":"015152587","title":"黔南法院精准发力多措并举破解执行难工作稳步推进 ","state":0,"url":"http://www.gog.cn/test/system/2016/10/09/015152587.shtml"}}
{"code":1,"result":{"newsId":"015152588","title":"“生态之州·幸福黔南”60周年成就展开展 ","state":0,"url":"http://www.gog.cn/test/system/2016/10/09/015152588.shtml"}}
{"code":1,"result":{"newsId":"015152589","title":"“黔南传统文化秀”展示展演活动在都匀市举行 ","state":0,"url":"http://www.gog.cn/test/system/2016/10/09/015152589.shtml"}}
{"code":1,"result":{"newsId":"015152590","title":"黔南州第九届旅游产业发展大会在福泉市召开 ","state":0,"url":"http://www.gog.cn/test/system/2016/10/09/015152590.shtml"}}
{"code":1,"result":{"newsId":"015152591","title":"黔南州60年成就展试运行免票开放 感受黔南巨变 ","state":0,"url":"http://www.gog.cn/test/system/2016/10/09/015152591.shtml"}}
{"code":1,"result":{"newsId":"015152592","title":"黔南州人民政府办公室关于2015年民族传统节日和州庆放假的通知 ","state":0,"url":"http://www.gog.cn/test/system/2016/10/09/015152592.shtml"}}
{"code":1,"result":{"newsId":"015152593","title":"贵州第十二届优秀楼盘评选揭晓 天福·剑江半岛连摘两大奖项 ","state":0,"url":"http://www.gog.cn/test/system/2016/10/09/015152593.shtml"}}
{"code":1,"result":{"newsId":"015152594","title":"贵阳到南宁将建高铁途经黔南都匀、独山等县市 ","state":0,"url":"http://www.gog.cn/test/system/2016/10/09/015152594.shtml"}}
{"code":1,"result":{"newsId":"015152595","title":"黔南州人民政府办公室关于2016年民族传统节日和州庆放假的通知 ","state":0,"url":"http://www.gog.cn/test/system/2016/10/09/015152595.shtml"}}
